This file contains any messages produced by compilers while
running configure, to aid debugging if configure makes a mistake.

It was created by mpe2 configure 2.4.9b, which was
generated by GNU Autoconf 2.69.  Invocation command line was

  $ ./configure --disable-option-checking --prefix=/usr/local --with-mpilibs=-L/usr/lib/openmpi/lib -lmpi --with-mpiinc=-I/usr/lib/openmpi/include --with-mpicc=/usr/bin/mpicc --disable-f77 --cache-file=/dev/null --srcdir=.

## --------- ##
## Platform. ##
## --------- ##

hostname = SurfaceBook
uname -m = x86_64
uname -r = 4.4.0-43-Microsoft
uname -s = Linux
uname -v = #1-Microsoft Wed Dec 31 14:42:53 PST 2014

/usr/bin/uname -p = unknown
/bin/uname -X     = unknown

/bin/arch              = unknown
/usr/bin/arch -k       = unknown
/usr/convex/getsysinfo = unknown
/usr/bin/hostinfo      = unknown
/bin/machine           = unknown
/usr/bin/oslevel       = unknown
/bin/universe          = unknown

PATH: /home/liw/bin
PATH: /home/liw/.local/bin
PATH: /usr/local/sbin
PATH: /usr/local/bin
PATH: /usr/sbin
PATH: /usr/bin
PATH: /sbin
PATH: /bin
PATH: /usr/games
PATH: /usr/local/games
PATH: /mnt/c/ProgramData/Oracle/Java/javapath_target_302344093
PATH: /mnt/c/Windows/System32
PATH: /mnt/c/Windows
PATH: /mnt/c/Windows/System32/wbem
PATH: /mnt/c/Windows/System32/WindowsPowerShell/v1.0
PATH: /mnt/c/Program Files (x86)/NVIDIA Corporation/PhysX/Common
PATH: /mnt/c/Users/liwei/AppData/Local/Microsoft/WindowsApps
PATH: /mnt/c/Program Files/Bandizip
PATH: /snap/bin


## ----------- ##
## Core tests. ##
## ----------- ##

configure:2332: checking for current directory name
configure:2379: result: /home/liw/CMDA3634/Lecture/L10e/mpe2-2.4.9b/src/graphics
configure:2437: checking gnumake
configure:2452: result: yes using --no-print-directory
configure:2466: checking BSD 4.4 make
configure:2486: result: no - whew
configure:2492: checking OSF V3 make
configure:2511: result: no
configure:2518: checking for virtual path format
configure:2533: result: VPATH
configure:2663: checking for gcc
configure:2690: result: cc
configure:2919: checking for C compiler version
configure:2928: cc --version >&5
cc (Ubuntu 5.4.0-6ubuntu1~16.04.6) 5.4.0 20160609
Copyright (C) 2015 Free Software Foundation, Inc.
This is free software; see the source for copying conditions.  There is NO
warranty; not even for MERCHANTABILITY or FITNESS FOR A PARTICULAR PURPOSE.

configure:2939: $? = 0
configure:2928: cc -v >&5
Using built-in specs.
COLLECT_GCC=cc
COLLECT_LTO_WRAPPER=/usr/lib/gcc/x86_64-linux-gnu/5/lto-wrapper
Target: x86_64-linux-gnu
Configured with: ../src/configure -v --with-pkgversion='Ubuntu 5.4.0-6ubuntu1~16.04.6' --with-bugurl=file:///usr/share/doc/gcc-5/README.Bugs --enable-languages=c,ada,c++,java,go,d,fortran,objc,obj-c++ --prefix=/usr --program-suffix=-5 --enable-shared --enable-linker-build-id --libexecdir=/usr/lib --without-included-gettext --enable-threads=posix --libdir=/usr/lib --enable-nls --with-sysroot=/ --enable-clocale=gnu --enable-libstdcxx-debug --enable-libstdcxx-time=yes --with-default-libstdcxx-abi=new --enable-gnu-unique-object --disable-vtable-verify --enable-libmpx --enable-plugin --with-system-zlib --disable-browser-plugin --enable-java-awt=gtk --enable-gtk-cairo --with-java-home=/usr/lib/jvm/java-1.5.0-gcj-5-amd64/jre --enable-java-home --with-jvm-root-dir=/usr/lib/jvm/java-1.5.0-gcj-5-amd64 --with-jvm-jar-dir=/usr/lib/jvm-exports/java-1.5.0-gcj-5-amd64 --with-arch-directory=amd64 --with-ecj-jar=/usr/share/java/eclipse-ecj.jar --enable-objc-gc --enable-multiarch --disable-werror --with-arch-32=i686 --with-abi=m64 --with-multilib-list=m32,m64,mx32 --enable-multilib --with-tune=generic --enable-checking=release --build=x86_64-linux-gnu --host=x86_64-linux-gnu --target=x86_64-linux-gnu
Thread model: posix
gcc version 5.4.0 20160609 (Ubuntu 5.4.0-6ubuntu1~16.04.6) 
configure:2939: $? = 0
configure:2928: cc -V >&5
cc: error: unrecognized command line option '-V'
cc: fatal error: no input files
compilation terminated.
configure:2939: $? = 1
configure:2928: cc -qversion >&5
cc: error: unrecognized command line option '-qversion'
cc: fatal error: no input files
compilation terminated.
configure:2939: $? = 1
configure:2959: checking whether the C compiler works
configure:2981: cc    conftest.c  >&5
configure:2985: $? = 0
configure:3033: result: yes
configure:3036: checking for C compiler default output file name
configure:3038: result: a.out
configure:3044: checking for suffix of executables
configure:3051: cc -o conftest    conftest.c  >&5
configure:3055: $? = 0
configure:3077: result: 
configure:3099: checking whether we are cross compiling
configure:3107: cc -o conftest    conftest.c  >&5
configure:3111: $? = 0
configure:3118: ./conftest
configure:3122: $? = 0
configure:3137: result: no
configure:3142: checking for suffix of object files
configure:3164: cc -c   conftest.c >&5
configure:3168: $? = 0
configure:3189: result: o
configure:3193: checking whether we are using the GNU C compiler
configure:3212: cc -c   conftest.c >&5
configure:3212: $? = 0
configure:3221: result: yes
configure:3230: checking whether cc accepts -g
configure:3250: cc -c -g  conftest.c >&5
configure:3250: $? = 0
configure:3291: result: yes
configure:3308: checking for cc option to accept ISO C89
configure:3371: cc  -c   conftest.c >&5
configure:3371: $? = 0
configure:3384: result: none needed
configure:3408: checking for ar
configure:3424: found /usr/bin/ar
configure:3436: result: ar
configure:3487: checking for ranlib
configure:3503: found /usr/bin/ranlib
configure:3514: result: ranlib
configure:3541: checking whether cc understands -c and -o together
configure:3569: cc -c conftest.c -o conftest2.o >&5
configure:3573: $? = 0
configure:3579: cc -c conftest.c -o conftest2.o >&5
configure:3583: $? = 0
configure:3638: result: yes
configure:3657: checking how to run the C preprocessor
configure:3688: cc -E  conftest.c
configure:3688: $? = 0
configure:3702: cc -E  conftest.c
conftest.c:9:28: fatal error: ac_nonexistent.h: No such file or directory
compilation terminated.
configure:3702: $? = 1
configure: failed program was:
| /* confdefs.h */
| #define PACKAGE_NAME "mpe2"
| #define PACKAGE_TARNAME "mpe2"
| #define PACKAGE_VERSION "2.4.9b"
| #define PACKAGE_STRING "mpe2 2.4.9b"
| #define PACKAGE_BUGREPORT "wgropp@illinois.edu"
| #define PACKAGE_URL "http://www.mcs.anl.gov/research/projects/perfvis/software/MPE/"
| /* end confdefs.h.  */
| #include <ac_nonexistent.h>
configure:3727: result: cc -E
configure:3747: cc -E  conftest.c
configure:3747: $? = 0
configure:3761: cc -E  conftest.c
conftest.c:9:28: fatal error: ac_nonexistent.h: No such file or directory
compilation terminated.
configure:3761: $? = 1
configure: failed program was:
| /* confdefs.h */
| #define PACKAGE_NAME "mpe2"
| #define PACKAGE_TARNAME "mpe2"
| #define PACKAGE_VERSION "2.4.9b"
| #define PACKAGE_STRING "mpe2 2.4.9b"
| #define PACKAGE_BUGREPORT "wgropp@illinois.edu"
| #define PACKAGE_URL "http://www.mcs.anl.gov/research/projects/perfvis/software/MPE/"
| /* end confdefs.h.  */
| #include <ac_nonexistent.h>
configure:3840: checking for X
configure:3948: cc -E  conftest.c
configure:3948: $? = 0
configure:3979: cc -o conftest    conftest.c -lX11  >&5
configure:3979: $? = 0
configure:4029: result: libraries , headers 
configure:4059: checking for grep that handles long lines and -e
configure:4117: result: /bin/grep
configure:4122: checking for egrep
configure:4184: result: /bin/grep -E
configure:4189: checking for ANSI C header files
configure:4209: cc -c   conftest.c >&5
configure:4209: $? = 0
configure:4282: cc -o conftest    conftest.c  >&5
configure:4282: $? = 0
configure:4282: ./conftest
configure:4282: $? = 0
configure:4293: result: yes
configure:4301: checking for an ANSI C-conforming const
configure:4367: cc -c   conftest.c >&5
configure:4367: $? = 0
configure:4374: result: yes
configure:4388: checking for sys/types.h
configure:4388: cc -c   conftest.c >&5
configure:4388: $? = 0
configure:4388: result: yes
configure:4388: checking for sys/stat.h
configure:4388: cc -c   conftest.c >&5
configure:4388: $? = 0
configure:4388: result: yes
configure:4388: checking for stdlib.h
configure:4388: cc -c   conftest.c >&5
configure:4388: $? = 0
configure:4388: result: yes
configure:4388: checking for string.h
configure:4388: cc -c   conftest.c >&5
configure:4388: $? = 0
configure:4388: result: yes
configure:4388: checking for memory.h
configure:4388: cc -c   conftest.c >&5
configure:4388: $? = 0
configure:4388: result: yes
configure:4388: checking for strings.h
configure:4388: cc -c   conftest.c >&5
configure:4388: $? = 0
configure:4388: result: yes
configure:4388: checking for inttypes.h
configure:4388: cc -c   conftest.c >&5
configure:4388: $? = 0
configure:4388: result: yes
configure:4388: checking for stdint.h
configure:4388: cc -c   conftest.c >&5
configure:4388: $? = 0
configure:4388: result: yes
configure:4388: checking for unistd.h
configure:4388: cc -c   conftest.c >&5
configure:4388: $? = 0
configure:4388: result: yes
configure:4404: checking size of void *
configure:4409: cc -o conftest    conftest.c  >&5
configure:4409: $? = 0
configure:4409: ./conftest
configure:4409: $? = 0
configure:4423: result: 8
configure:4433: checking for long pointer
configure:4439: result: yes
configure:4448: checking for system
configure:4448: cc -o conftest    conftest.c  >&5
configure:4448: $? = 0
configure:4448: result: yes
configure:4461: checking for unistd.h
configure:4461: result: yes
configure:4461: checking for stdlib.h
configure:4461: result: yes
configure:4461: checking for string.h
configure:4461: result: yes
configure:4657: checking for the use of const in MPI function declaration 
configure:4710: /usr/bin/mpicc -c -I/usr/lib/openmpi/include   conftest.c >&5
configure:4710: $? = 0
configure:4731: result: yes
configure:4805: creating ./config.status

## ---------------------- ##
## Running config.status. ##
## ---------------------- ##

This file was extended by mpe2 config.status 2.4.9b, which was
generated by GNU Autoconf 2.69.  Invocation command line was

  CONFIG_FILES    = 
  CONFIG_HEADERS  = 
  CONFIG_LINKS    = 
  CONFIG_COMMANDS = 
  $ ./config.status 

on SurfaceBook

config.status:851: creating Makefile
config.status:851: creating src/Makefile
config.status:851: creating contrib/life/Makefile
config.status:851: creating contrib/mandel/Makefile
config.status:851: creating contrib/mastermind/Makefile
config.status:851: creating contrib/test/Makefile
config.status:851: creating etc/mpe_mpianim.conf
config.status:851: creating etc/mpe_graphics.conf
config.status:851: creating mpe_graphics_conf.h

## ---------------- ##
## Cache variables. ##
## ---------------- ##

ac_cv_c_compiler_gnu=yes
ac_cv_c_const=yes
ac_cv_env_CC_set=set
ac_cv_env_CC_value=cc
ac_cv_env_CFLAGS_set=
ac_cv_env_CFLAGS_value=
ac_cv_env_CPPFLAGS_set=
ac_cv_env_CPPFLAGS_value=
ac_cv_env_CPP_set=
ac_cv_env_CPP_value=
ac_cv_env_LDFLAGS_set=
ac_cv_env_LDFLAGS_value=
ac_cv_env_LIBS_set=
ac_cv_env_LIBS_value=
ac_cv_env_XMKMF_set=
ac_cv_env_XMKMF_value=
ac_cv_env_build_alias_set=
ac_cv_env_build_alias_value=
ac_cv_env_host_alias_set=
ac_cv_env_host_alias_value=
ac_cv_env_target_alias_set=
ac_cv_env_target_alias_value=
ac_cv_func_system=yes
ac_cv_have_x='have_x=yes	ac_x_includes='\'''\''	ac_x_libraries='\'''\'''
ac_cv_header_inttypes_h=yes
ac_cv_header_memory_h=yes
ac_cv_header_stdc=yes
ac_cv_header_stdint_h=yes
ac_cv_header_stdlib_h=yes
ac_cv_header_string_h=yes
ac_cv_header_strings_h=yes
ac_cv_header_sys_stat_h=yes
ac_cv_header_sys_types_h=yes
ac_cv_header_unistd_h=yes
ac_cv_objext=o
ac_cv_path_EGREP='/bin/grep -E'
ac_cv_path_GREP=/bin/grep
ac_cv_prog_AR=ar
ac_cv_prog_CPP='cc -E'
ac_cv_prog_ac_ct_CC=cc
ac_cv_prog_ac_ct_RANLIB=ranlib
ac_cv_prog_cc_c89=
ac_cv_prog_cc_cc_c_o=yes
ac_cv_prog_cc_g=yes
ac_cv_sizeof_void_p=8

## ----------------- ##
## Output variables. ##
## ----------------- ##

ANIM_LIBNAME='ampe'
ANIM_LIBS='-lampe -lmpe -lX11'
AR='ar'
CC='cc'
CC_DOES_C_O='yes'
CFLAGS=''
CLINKER='cc'
CPP='cc -E'
CPPFLAGS=''
CPRP='cp'
DEBUG_LIBS=''
DEFS='-DHAVE_CONFIG_H'
ECHO_C=''
ECHO_N='-n'
ECHO_T=''
EGREP='/bin/grep -E'
EXEEXT=''
F77='f77'
FFLAGS=''
FINC_PATH_LEADER='-I'
FLIB_PATH_LEADER='-L'
FLINKER='f77'
GREP='/bin/grep'
LDFLAGS=''
LIBOBJS=''
LIBS=''
LTLIBOBJS=''
MAKE='make --no-print-directory'
MKDIR='mkdir'
MPE_BUILD_FORTRAN2C='no'
MPE_CLINKER='/home/liw/CMDA3634/Lecture/L10e/mpe2-2.4.9b/bin/mpecc -'
MPE_FLINKER='/home/liw/CMDA3634/Lecture/L10e/mpe2-2.4.9b/bin/mpefc -'
MPI_CC='/usr/bin/mpicc'
MPI_CFLAGS='-I/usr/lib/openmpi/include '
MPI_F77='f77'
MPI_FFLAGS='-I/usr/lib/openmpi/include '
MPI_IMPL='UserSupplied'
MPI_LIBS='-L/usr/lib/openmpi/lib -lmpi'
MV='mv'
OBJEXT='o'
PACKAGE_BUGREPORT='wgropp@illinois.edu'
PACKAGE_NAME='mpe2'
PACKAGE_STRING='mpe2 2.4.9b'
PACKAGE_TARNAME='mpe2'
PACKAGE_URL='http://www.mcs.anl.gov/research/projects/perfvis/software/MPE/'
PACKAGE_VERSION='2.4.9b'
PATH_SEPARATOR=':'
PROF_LIBNAME='mpe'
PROF_LIBS='-lmpe'
RANLIB='ranlib'
RM='rm'
SHELL='/bin/bash'
VPATH='VPATH=.:$(srcdir)'
XGRAPH_LIBS='-lmpe -lX11'
XMKMF=''
X_INC=''
X_LIB='-lX11'
ac_ct_CC='cc'
binbuild_dir='/home/liw/CMDA3634/Lecture/L10e/mpe2-2.4.9b/bin'
bindir='${exec_prefix}/bin'
build_alias=''
datadir='${datarootdir}'
datarootdir='${prefix}/share'
docdir='${datarootdir}/doc/${PACKAGE_TARNAME}'
dvidir='${docdir}'
etcbuild_dir='/home/liw/CMDA3634/Lecture/L10e/mpe2-2.4.9b/etc'
exec_prefix='${prefix}'
host_alias=''
htmldir='${docdir}'
includebuild_dir='/home/liw/CMDA3634/Lecture/L10e/mpe2-2.4.9b/include'
includedir='${prefix}/include'
infodir='${datarootdir}/info'
libbuild_dir='/home/liw/CMDA3634/Lecture/L10e/mpe2-2.4.9b/lib'
libdir='${exec_prefix}/lib'
libexecdir='${exec_prefix}/libexec'
localedir='${datarootdir}/locale'
localstatedir='${prefix}/var'
mandir='${datarootdir}/man'
oldincludedir='/usr/include'
pdfdir='${docdir}'
prefix='/usr/local'
program_transform_name='s,x,x,'
psdir='${docdir}'
sbinbuild_dir='/home/liw/CMDA3634/Lecture/L10e/mpe2-2.4.9b/sbin'
sbindir='${exec_prefix}/sbin'
sharedstatedir='${prefix}/com'
sysconfdir='${prefix}/etc'
target_alias=''
top_srcdir_abs='/home/liw/CMDA3634/Lecture/L10e/mpe2-2.4.9b/src/graphics'

## ----------- ##
## confdefs.h. ##
## ----------- ##

/* confdefs.h */
#define PACKAGE_NAME "mpe2"
#define PACKAGE_TARNAME "mpe2"
#define PACKAGE_VERSION "2.4.9b"
#define PACKAGE_STRING "mpe2 2.4.9b"
#define PACKAGE_BUGREPORT "wgropp@illinois.edu"
#define PACKAGE_URL "http://www.mcs.anl.gov/research/projects/perfvis/software/MPE/"
#define STDC_HEADERS 1
#define HAVE_SYS_TYPES_H 1
#define HAVE_SYS_STAT_H 1
#define HAVE_STDLIB_H 1
#define HAVE_STRING_H 1
#define HAVE_MEMORY_H 1
#define HAVE_STRINGS_H 1
#define HAVE_INTTYPES_H 1
#define HAVE_STDINT_H 1
#define HAVE_UNISTD_H 1
#define SIZEOF_VOID_P 8
#define POINTER_64_BITS 1
#define HAVE_SYSTEM 1
#define HAVE_UNISTD_H 1
#define HAVE_STDLIB_H 1
#define HAVE_STRING_H 1
#define HAVE_CONST_IN_MPI_DECL 1

configure: exit 0
