This file contains any messages produced by compilers while
running configure, to aid debugging if configure makes a mistake.

It was created by configure, which was
generated by GNU Autoconf 2.69.  Invocation command line was

  $ ./configure --disable-option-checking --prefix=/usr/local --with-mpilibs=-L/usr/lib/openmpi/lib -lmpi --with-mpiinc=-I/usr/lib/openmpi/include --with-mpicc=/usr/bin/mpicc --disable-f77 --cache-file=/dev/null --srcdir=.

## --------- ##
## Platform. ##
## --------- ##

hostname = SurfaceBook
uname -m = x86_64
uname -r = 4.4.0-43-Microsoft
uname -s = Linux
uname -v = #1-Microsoft Wed Dec 31 14:42:53 PST 2014

/usr/bin/uname -p = unknown
/bin/uname -X     = unknown

/bin/arch              = unknown
/usr/bin/arch -k       = unknown
/usr/convex/getsysinfo = unknown
/usr/bin/hostinfo      = unknown
/bin/machine           = unknown
/usr/bin/oslevel       = unknown
/bin/universe          = unknown

PATH: /home/liw/bin
PATH: /home/liw/.local/bin
PATH: /usr/local/sbin
PATH: /usr/local/bin
PATH: /usr/sbin
PATH: /usr/bin
PATH: /sbin
PATH: /bin
PATH: /usr/games
PATH: /usr/local/games
PATH: /mnt/c/ProgramData/Oracle/Java/javapath_target_302344093
PATH: /mnt/c/Windows/System32
PATH: /mnt/c/Windows
PATH: /mnt/c/Windows/System32/wbem
PATH: /mnt/c/Windows/System32/WindowsPowerShell/v1.0
PATH: /mnt/c/Program Files (x86)/NVIDIA Corporation/PhysX/Common
PATH: /mnt/c/Users/liwei/AppData/Local/Microsoft/WindowsApps
PATH: /mnt/c/Program Files/Bandizip
PATH: /snap/bin


## ----------- ##
## Core tests. ##
## ----------- ##

configure:2213: checking for current directory name
configure:2260: result: /home/liw/CMDA3634/Lecture/L10e/mpe2-2.4.9b/src/collchk
configure:2309: checking gnumake
configure:2324: result: yes using --no-print-directory
configure:2338: checking BSD 4.4 make
configure:2358: result: no - whew
configure:2364: checking OSF V3 make
configure:2383: result: no
configure:2390: checking for virtual path format
configure:2405: result: VPATH
configure:2518: checking build system type
configure:2532: result: x86_64-unknown-linux-gnu
configure:2552: checking host system type
configure:2565: result: x86_64-unknown-linux-gnu
configure:2670: checking for gcc
configure:2697: result: cc
configure:2926: checking for C compiler version
configure:2935: cc --version >&5
cc (Ubuntu 5.4.0-6ubuntu1~16.04.6) 5.4.0 20160609
Copyright (C) 2015 Free Software Foundation, Inc.
This is free software; see the source for copying conditions.  There is NO
warranty; not even for MERCHANTABILITY or FITNESS FOR A PARTICULAR PURPOSE.

configure:2946: $? = 0
configure:2935: cc -v >&5
Using built-in specs.
COLLECT_GCC=cc
COLLECT_LTO_WRAPPER=/usr/lib/gcc/x86_64-linux-gnu/5/lto-wrapper
Target: x86_64-linux-gnu
Configured with: ../src/configure -v --with-pkgversion='Ubuntu 5.4.0-6ubuntu1~16.04.6' --with-bugurl=file:///usr/share/doc/gcc-5/README.Bugs --enable-languages=c,ada,c++,java,go,d,fortran,objc,obj-c++ --prefix=/usr --program-suffix=-5 --enable-shared --enable-linker-build-id --libexecdir=/usr/lib --without-included-gettext --enable-threads=posix --libdir=/usr/lib --enable-nls --with-sysroot=/ --enable-clocale=gnu --enable-libstdcxx-debug --enable-libstdcxx-time=yes --with-default-libstdcxx-abi=new --enable-gnu-unique-object --disable-vtable-verify --enable-libmpx --enable-plugin --with-system-zlib --disable-browser-plugin --enable-java-awt=gtk --enable-gtk-cairo --with-java-home=/usr/lib/jvm/java-1.5.0-gcj-5-amd64/jre --enable-java-home --with-jvm-root-dir=/usr/lib/jvm/java-1.5.0-gcj-5-amd64 --with-jvm-jar-dir=/usr/lib/jvm-exports/java-1.5.0-gcj-5-amd64 --with-arch-directory=amd64 --with-ecj-jar=/usr/share/java/eclipse-ecj.jar --enable-objc-gc --enable-multiarch --disable-werror --with-arch-32=i686 --with-abi=m64 --with-multilib-list=m32,m64,mx32 --enable-multilib --with-tune=generic --enable-checking=release --build=x86_64-linux-gnu --host=x86_64-linux-gnu --target=x86_64-linux-gnu
Thread model: posix
gcc version 5.4.0 20160609 (Ubuntu 5.4.0-6ubuntu1~16.04.6) 
configure:2946: $? = 0
configure:2935: cc -V >&5
cc: error: unrecognized command line option '-V'
cc: fatal error: no input files
compilation terminated.
configure:2946: $? = 1
configure:2935: cc -qversion >&5
cc: error: unrecognized command line option '-qversion'
cc: fatal error: no input files
compilation terminated.
configure:2946: $? = 1
configure:2966: checking whether the C compiler works
configure:2988: cc    conftest.c  >&5
configure:2992: $? = 0
configure:3040: result: yes
configure:3043: checking for C compiler default output file name
configure:3045: result: a.out
configure:3051: checking for suffix of executables
configure:3058: cc -o conftest    conftest.c  >&5
configure:3062: $? = 0
configure:3084: result: 
configure:3106: checking whether we are cross compiling
configure:3114: cc -o conftest    conftest.c  >&5
configure:3118: $? = 0
configure:3125: ./conftest
configure:3129: $? = 0
configure:3144: result: no
configure:3149: checking for suffix of object files
configure:3171: cc -c   conftest.c >&5
configure:3175: $? = 0
configure:3196: result: o
configure:3200: checking whether we are using the GNU C compiler
configure:3219: cc -c   conftest.c >&5
configure:3219: $? = 0
configure:3228: result: yes
configure:3237: checking whether cc accepts -g
configure:3257: cc -c -g  conftest.c >&5
configure:3257: $? = 0
configure:3298: result: yes
configure:3315: checking for cc option to accept ISO C89
configure:3378: cc  -c   conftest.c >&5
configure:3378: $? = 0
configure:3391: result: none needed
configure:3415: checking for ar
configure:3431: found /usr/bin/ar
configure:3443: result: ar
configure:3494: checking for ranlib
configure:3510: found /usr/bin/ranlib
configure:3521: result: ranlib
configure:3549: checking how to run the C preprocessor
configure:3580: cc -E  conftest.c
configure:3580: $? = 0
configure:3594: cc -E  conftest.c
conftest.c:9:28: fatal error: ac_nonexistent.h: No such file or directory
compilation terminated.
configure:3594: $? = 1
configure: failed program was:
| /* confdefs.h */
| #define PACKAGE_NAME ""
| #define PACKAGE_TARNAME ""
| #define PACKAGE_VERSION ""
| #define PACKAGE_STRING ""
| #define PACKAGE_BUGREPORT ""
| #define PACKAGE_URL ""
| /* end confdefs.h.  */
| #include <ac_nonexistent.h>
configure:3619: result: cc -E
configure:3639: cc -E  conftest.c
configure:3639: $? = 0
configure:3653: cc -E  conftest.c
conftest.c:9:28: fatal error: ac_nonexistent.h: No such file or directory
compilation terminated.
configure:3653: $? = 1
configure: failed program was:
| /* confdefs.h */
| #define PACKAGE_NAME ""
| #define PACKAGE_TARNAME ""
| #define PACKAGE_VERSION ""
| #define PACKAGE_STRING ""
| #define PACKAGE_BUGREPORT ""
| #define PACKAGE_URL ""
| /* end confdefs.h.  */
| #include <ac_nonexistent.h>
configure:3732: checking for grep that handles long lines and -e
configure:3790: result: /bin/grep
configure:3795: checking for egrep
configure:3857: result: /bin/grep -E
configure:3862: checking for ANSI C header files
configure:3882: cc -c   conftest.c >&5
configure:3882: $? = 0
configure:3955: cc -o conftest    conftest.c  >&5
configure:3955: $? = 0
configure:3955: ./conftest
configure:3955: $? = 0
configure:3966: result: yes
configure:3974: checking for an ANSI C-conforming const
configure:4040: cc -c   conftest.c >&5
configure:4040: $? = 0
configure:4047: result: yes
configure:4061: checking for sys/types.h
configure:4061: cc -c   conftest.c >&5
configure:4061: $? = 0
configure:4061: result: yes
configure:4061: checking for sys/stat.h
configure:4061: cc -c   conftest.c >&5
configure:4061: $? = 0
configure:4061: result: yes
configure:4061: checking for stdlib.h
configure:4061: cc -c   conftest.c >&5
configure:4061: $? = 0
configure:4061: result: yes
configure:4061: checking for string.h
configure:4061: cc -c   conftest.c >&5
configure:4061: $? = 0
configure:4061: result: yes
configure:4061: checking for memory.h
configure:4061: cc -c   conftest.c >&5
configure:4061: $? = 0
configure:4061: result: yes
configure:4061: checking for strings.h
configure:4061: cc -c   conftest.c >&5
configure:4061: $? = 0
configure:4061: result: yes
configure:4061: checking for inttypes.h
configure:4061: cc -c   conftest.c >&5
configure:4061: $? = 0
configure:4061: result: yes
configure:4061: checking for stdint.h
configure:4061: cc -c   conftest.c >&5
configure:4061: $? = 0
configure:4061: result: yes
configure:4061: checking for unistd.h
configure:4061: cc -c   conftest.c >&5
configure:4061: $? = 0
configure:4061: result: yes
configure:4076: checking stdio.h usability
configure:4076: cc -c   conftest.c >&5
configure:4076: $? = 0
configure:4076: result: yes
configure:4076: checking stdio.h presence
configure:4076: cc -E  conftest.c
configure:4076: $? = 0
configure:4076: result: yes
configure:4076: checking for stdio.h
configure:4076: result: yes
configure:4076: checking for stdlib.h
configure:4076: result: yes
configure:4076: checking for string.h
configure:4076: result: yes
configure:4076: checking for unistd.h
configure:4076: result: yes
configure:4087: checking for size_t
configure:4087: cc -c   conftest.c >&5
configure:4087: $? = 0
configure:4087: cc -c   conftest.c >&5
conftest.c: In function 'main':
conftest.c:59:21: error: expected expression before ')' token
 if (sizeof ((size_t)))
                     ^
configure:4087: $? = 1
configure: failed program was:
| /* confdefs.h */
| #define PACKAGE_NAME ""
| #define PACKAGE_TARNAME ""
| #define PACKAGE_VERSION ""
| #define PACKAGE_STRING ""
| #define PACKAGE_BUGREPORT ""
| #define PACKAGE_URL ""
| #define STDC_HEADERS 1
| #define HAVE_SYS_TYPES_H 1
| #define HAVE_SYS_STAT_H 1
| #define HAVE_STDLIB_H 1
| #define HAVE_STRING_H 1
| #define HAVE_MEMORY_H 1
| #define HAVE_STRINGS_H 1
| #define HAVE_INTTYPES_H 1
| #define HAVE_STDINT_H 1
| #define HAVE_UNISTD_H 1
| #define HAVE_STDIO_H 1
| #define HAVE_STDLIB_H 1
| #define HAVE_STRING_H 1
| #define HAVE_UNISTD_H 1
| /* end confdefs.h.  */
| #include <stdio.h>
| #ifdef HAVE_SYS_TYPES_H
| # include <sys/types.h>
| #endif
| #ifdef HAVE_SYS_STAT_H
| # include <sys/stat.h>
| #endif
| #ifdef STDC_HEADERS
| # include <stdlib.h>
| # include <stddef.h>
| #else
| # ifdef HAVE_STDLIB_H
| #  include <stdlib.h>
| # endif
| #endif
| #ifdef HAVE_STRING_H
| # if !defined STDC_HEADERS && defined HAVE_MEMORY_H
| #  include <memory.h>
| # endif
| # include <string.h>
| #endif
| #ifdef HAVE_STRINGS_H
| # include <strings.h>
| #endif
| #ifdef HAVE_INTTYPES_H
| # include <inttypes.h>
| #endif
| #ifdef HAVE_STDINT_H
| # include <stdint.h>
| #endif
| #ifdef HAVE_UNISTD_H
| # include <unistd.h>
| #endif
| int
| main ()
| {
| if (sizeof ((size_t)))
| 	    return 0;
|   ;
|   return 0;
| }
configure:4087: result: yes
configure:4100: checking for working alloca.h
configure:4117: cc -o conftest    conftest.c  >&5
configure:4117: $? = 0
configure:4125: result: yes
configure:4133: checking for alloca
configure:4170: cc -o conftest    conftest.c  >&5
configure:4170: $? = 0
configure:4178: result: yes
configure:4287: checking for MPI_Datatype decoding functions 
configure:4348: /usr/bin/mpicc -o conftest -I/usr/lib/openmpi/include    conftest.c -L/usr/lib/openmpi/lib -lmpi >&5
configure:4348: $? = 0
configure:4371: result: yes
configure:4391: checking for rare MPI_COMBINER_XXX types 
configure:4445: /usr/bin/mpicc -o conftest -I/usr/lib/openmpi/include    conftest.c -L/usr/lib/openmpi/lib -lmpi >&5
configure:4445: $? = 0
configure:4468: result: yes
configure:4489: checking for MPI Error functions 
configure:4547: /usr/bin/mpicc -o conftest -I/usr/lib/openmpi/include    conftest.c -L/usr/lib/openmpi/lib -lmpi >&5
conftest.c: In function 'main':
conftest.c:48:18: warning: initialization makes integer from pointer without a cast [-Wint-conversion]
     char err_str="test";
                  ^
conftest.c:54:42: warning: passing argument 2 of 'MPI_Add_error_string' makes pointer from integer without a cast [-Wint-conversion]
     itmp=MPI_Add_error_string( err_code, err_str );
                                          ^
In file included from conftest.c:38:0:
/usr/lib/openmpi/include/mpi.h:1186:20: note: expected 'const char *' but argument is of type 'char'
 OMPI_DECLSPEC  int MPI_Add_error_string(int errorcode, const char *string);
                    ^
configure:4547: $? = 0
configure:4570: result: yes
configure:4591: checking for MPI_IN_PLACE 
configure:4644: /usr/bin/mpicc -o conftest -I/usr/lib/openmpi/include    conftest.c -L/usr/lib/openmpi/lib -lmpi >&5
configure:4644: $? = 0
configure:4667: result: yes
configure:4687: checking for MPI_WCHAR 
configure:4737: /usr/bin/mpicc -o conftest -I/usr/lib/openmpi/include    conftest.c -L/usr/lib/openmpi/lib -lmpi >&5
configure:4737: $? = 0
configure:4760: result: yes
configure:4780: checking for MPI_SIGNED_CHAR 
configure:4830: /usr/bin/mpicc -o conftest -I/usr/lib/openmpi/include    conftest.c -L/usr/lib/openmpi/lib -lmpi >&5
configure:4830: $? = 0
configure:4853: result: yes
configure:4873: checking for MPI_UNSIGNED_LONG_LONG 
configure:4923: /usr/bin/mpicc -o conftest -I/usr/lib/openmpi/include    conftest.c -L/usr/lib/openmpi/lib -lmpi >&5
configure:4923: $? = 0
configure:4946: result: yes
configure:4966: checking for Fortran MPI_Datatype in C 
configure:5018: /usr/bin/mpicc -o conftest -I/usr/lib/openmpi/include    conftest.c -L/usr/lib/openmpi/lib -lmpi >&5
configure:5018: $? = 0
configure:5041: result: yes
configure:5047: checking for Fortran MPI_Datatype, INTEGER related, in C 
configure:5102: /usr/bin/mpicc -o conftest -I/usr/lib/openmpi/include    conftest.c -L/usr/lib/openmpi/lib -lmpi >&5
configure:5102: $? = 0
configure:5125: result: yes
configure:5135: checking for Fortran MPI_Datatype, REAL related, in C 
configure:5188: /usr/bin/mpicc -o conftest -I/usr/lib/openmpi/include    conftest.c -L/usr/lib/openmpi/lib -lmpi >&5
configure:5188: $? = 0
configure:5211: result: yes
configure:5221: checking for Fortran MPI_Datatype, COMPLEXn related, in C 
configure:5274: /usr/bin/mpicc -o conftest -I/usr/lib/openmpi/include    conftest.c -L/usr/lib/openmpi/lib -lmpi >&5
configure:5274: $? = 0
configure:5297: result: yes
configure:5307: checking for Fortran MPI_Datatype, 2COMPLEX related, in C 
configure:5360: /usr/bin/mpicc -o conftest -I/usr/lib/openmpi/include    conftest.c -L/usr/lib/openmpi/lib -lmpi >&5
configure:5360: $? = 0
configure:5383: result: yes
configure:5516: checking for MPI_Datatype 
configure:5566: /usr/bin/mpicc -o conftest -I/usr/lib/openmpi/include    conftest.c -L/usr/lib/openmpi/lib -lmpi >&5
conftest.c: In function 'main':
conftest.c:58:18: error: invalid operands to binary / (have 'MPI_Datatype {aka struct ompi_datatype_t *}' and 'int')
      type = type / 5  ;
                  ^
configure:5566: $? = 1
configure: failed program was:
| /* confdefs.h */
| #define PACKAGE_NAME ""
| #define PACKAGE_TARNAME ""
| #define PACKAGE_VERSION ""
| #define PACKAGE_STRING ""
| #define PACKAGE_BUGREPORT ""
| #define PACKAGE_URL ""
| #define STDC_HEADERS 1
| #define HAVE_SYS_TYPES_H 1
| #define HAVE_SYS_STAT_H 1
| #define HAVE_STDLIB_H 1
| #define HAVE_STRING_H 1
| #define HAVE_MEMORY_H 1
| #define HAVE_STRINGS_H 1
| #define HAVE_INTTYPES_H 1
| #define HAVE_STDINT_H 1
| #define HAVE_UNISTD_H 1
| #define HAVE_STDIO_H 1
| #define HAVE_STDLIB_H 1
| #define HAVE_STRING_H 1
| #define HAVE_UNISTD_H 1
| #define HAVE_ALLOCA_H 1
| #define HAVE_ALLOCA 1
| #define HAVE_RARE_MPI_COMBINERS 1
| #define HAVE_MPI_ERR_FNS 1
| #define HAVE_MPI_IN_PLACE 1
| #define HAVE_MPI_WCHAR 1
| #define HAVE_MPI_SIGNED_CHAR 1
| #define HAVE_MPI_UNSIGNED_LONG_LONG 1
| #define HAVE_FORTRAN_MPI_DATATYPE_IN_C 1
| #define HAVE_FORTRAN_MPI_DATATYPE_INTEGERX_IN_C 1
| #define HAVE_FORTRAN_MPI_DATATYPE_REALX_IN_C 1
| #define HAVE_FORTRAN_MPI_DATATYPE_COMPLEXX_IN_C 1
| #define HAVE_FORTRAN_MPI_DATATYPE_2COMPLEX_IN_C 1
| /* end confdefs.h.  */
| 
| 
| /* <stdlib.h> is included to get NULL defined */
| #if defined( STDC_HEADERS ) || defined( HAVE_STDLIB_H )
| #include <stdlib.h>
| #else
| #if !defined( NULL )
| #define NULL 0
| #endif
| #endif
| 
| 
| #include "mpi.h"
| 
| 
| int
| main ()
| {
| 
|     int argc; char **argv;
|      MPI_Datatype type  ;
|     MPI_Init(&argc, &argv);
|      type = type / 5  ;
|     MPI_Finalize();
| 
|   ;
|   return 0;
| }
| 
configure:5595: result: void*
configure:5611: checking for the C version of MPI_Exscan 
configure:5663: /usr/bin/mpicc -o conftest -I/usr/lib/openmpi/include    conftest.c -L/usr/lib/openmpi/lib -lmpi >&5
configure:5663: $? = 0
configure:5686: result: yes
configure:5688: checking for the C version of PMPI_Exscan 
configure:5740: /usr/bin/mpicc -o conftest -I/usr/lib/openmpi/include    conftest.c -L/usr/lib/openmpi/lib -lmpi >&5
configure:5740: $? = 0
configure:5763: result: yes
configure:5787: checking for the C version of MPI_Alltoallw 
configure:5846: /usr/bin/mpicc -o conftest -I/usr/lib/openmpi/include    conftest.c -L/usr/lib/openmpi/lib -lmpi >&5
configure:5846: $? = 0
configure:5869: result: yes
configure:5871: checking for the C version of PMPI_Alltoallw 
configure:5930: /usr/bin/mpicc -o conftest -I/usr/lib/openmpi/include    conftest.c -L/usr/lib/openmpi/lib -lmpi >&5
configure:5930: $? = 0
configure:5953: result: yes
configure:5977: checking for the C version of MPI_Reduce_scatter_block 
configure:6035: /usr/bin/mpicc -o conftest -I/usr/lib/openmpi/include    conftest.c -L/usr/lib/openmpi/lib -lmpi >&5
configure:6035: $? = 0
configure:6058: result: yes
configure:6060: checking for the C version of PMPI_Reduce_scatter_block 
configure:6118: /usr/bin/mpicc -o conftest -I/usr/lib/openmpi/include    conftest.c -L/usr/lib/openmpi/lib -lmpi >&5
configure:6118: $? = 0
configure:6141: result: yes
configure:6165: checking for the C version of MPI_File_open() 
configure:6215: /usr/bin/mpicc -o conftest -I/usr/lib/openmpi/include    conftest.c -L/usr/lib/openmpi/lib -lmpi >&5
configure:6215: $? = 0
configure:6238: result: yes
configure:6240: checking for the C version of PMPI_File_open() 
configure:6290: /usr/bin/mpicc -o conftest -I/usr/lib/openmpi/include    conftest.c -L/usr/lib/openmpi/lib -lmpi >&5
configure:6290: $? = 0
configure:6313: result: yes
configure:6315: checking for ROMIO's MPIO_Request 
configure:6365: /usr/bin/mpicc -o conftest -I/usr/lib/openmpi/include    conftest.c -L/usr/lib/openmpi/lib -lmpi >&5
configure:6365: $? = 0
configure:6388: result: yes
configure:6423: checking for the C version of MPI_Win_create 
configure:6475: /usr/bin/mpicc -o conftest -I/usr/lib/openmpi/include    conftest.c -L/usr/lib/openmpi/lib -lmpi >&5
configure:6475: $? = 0
configure:6498: result: yes
configure:6500: checking for the C version of PMPI_Win_create 
configure:6552: /usr/bin/mpicc -o conftest -I/usr/lib/openmpi/include    conftest.c -L/usr/lib/openmpi/lib -lmpi >&5
configure:6552: $? = 0
configure:6575: result: yes
configure:6605: checking for the C version of MPI_Comm_spawn 
configure:6659: /usr/bin/mpicc -o conftest -I/usr/lib/openmpi/include    conftest.c -L/usr/lib/openmpi/lib -lmpi >&5
configure:6659: $? = 0
configure:6682: result: yes
configure:6684: checking for the C version of PMPI_Comm_spawn 
configure:6738: /usr/bin/mpicc -o conftest -I/usr/lib/openmpi/include    conftest.c -L/usr/lib/openmpi/lib -lmpi >&5
configure:6738: $? = 0
configure:6761: result: yes
configure:6850: creating ./config.status

## ---------------------- ##
## Running config.status. ##
## ---------------------- ##

This file was extended by config.status, which was
generated by GNU Autoconf 2.69.  Invocation command line was

  CONFIG_FILES    = 
  CONFIG_HEADERS  = 
  CONFIG_LINKS    = 
  CONFIG_COMMANDS = 
  $ ./config.status 

on SurfaceBook

config.status:869: creating Makefile
config.status:869: creating src/Makefile
config.status:869: creating test/Makefile
config.status:869: creating etc/mpe_mpicheck.conf
config.status:869: creating mpe_collchk_conf.h

## ---------------- ##
## Cache variables. ##
## ---------------- ##

ac_cv_build=x86_64-unknown-linux-gnu
ac_cv_c_compiler_gnu=yes
ac_cv_c_const=yes
ac_cv_env_CC_set=set
ac_cv_env_CC_value=cc
ac_cv_env_CFLAGS_set=
ac_cv_env_CFLAGS_value=
ac_cv_env_CPPFLAGS_set=
ac_cv_env_CPPFLAGS_value=
ac_cv_env_CPP_set=
ac_cv_env_CPP_value=
ac_cv_env_LDFLAGS_set=
ac_cv_env_LDFLAGS_value=
ac_cv_env_LIBS_set=
ac_cv_env_LIBS_value=
ac_cv_env_build_alias_set=
ac_cv_env_build_alias_value=
ac_cv_env_host_alias_set=
ac_cv_env_host_alias_value=
ac_cv_env_target_alias_set=
ac_cv_env_target_alias_value=
ac_cv_func_alloca_works=yes
ac_cv_header_inttypes_h=yes
ac_cv_header_memory_h=yes
ac_cv_header_stdc=yes
ac_cv_header_stdint_h=yes
ac_cv_header_stdio_h=yes
ac_cv_header_stdlib_h=yes
ac_cv_header_string_h=yes
ac_cv_header_strings_h=yes
ac_cv_header_sys_stat_h=yes
ac_cv_header_sys_types_h=yes
ac_cv_header_unistd_h=yes
ac_cv_host=x86_64-unknown-linux-gnu
ac_cv_objext=o
ac_cv_path_EGREP='/bin/grep -E'
ac_cv_path_GREP=/bin/grep
ac_cv_prog_AR=ar
ac_cv_prog_CPP='cc -E'
ac_cv_prog_ac_ct_CC=cc
ac_cv_prog_ac_ct_RANLIB=ranlib
ac_cv_prog_cc_c89=
ac_cv_prog_cc_g=yes
ac_cv_type_size_t=yes
ac_cv_working_alloca_h=yes

## ----------------- ##
## Output variables. ##
## ----------------- ##

ALLOCA=''
AR='ar'
CC='cc'
CFLAGS=''
CLINKER='cc'
COLLCHK_BUILD_ALLW='yes'
COLLCHK_BUILD_COMMS='yes'
COLLCHK_BUILD_EXSCAN='yes'
COLLCHK_BUILD_IO='yes'
COLLCHK_BUILD_REDSCATBLK='yes'
COLLCHK_BUILD_RMA='yes'
COLLCHK_LIBNAME='mpe_collchk'
COLLCHK_LIBS='-lmpe_collchk -lmpe'
CPP='cc -E'
CPPFLAGS=''
CPRP='cp'
DEBUG_LIBS=''
DEFS='-DHAVE_CONFIG_H'
ECHO_C=''
ECHO_N='-n'
ECHO_T=''
EGREP='/bin/grep -E'
EXEEXT=''
F2CMPI_LIBS='-lmpe_f2cmpi'
F77='f77'
FFLAGS=''
FINC_PATH_LEADER='-I'
FLIB_PATH_LEADER='-L'
FLINKER='f77'
GREP='/bin/grep'
LDFLAGS=''
LIBOBJS=''
LIBS=''
LTLIBOBJS=''
MAKE='make --no-print-directory'
MKDIR='mkdir'
MPE_BUILD_FORTRAN2C='no'
MPE_CLINKER='/home/liw/CMDA3634/Lecture/L10e/mpe2-2.4.9b/bin/mpecc -'
MPE_FLINKER='/home/liw/CMDA3634/Lecture/L10e/mpe2-2.4.9b/bin/mpefc -'
MPI_CC='/usr/bin/mpicc'
MPI_CFLAGS='-I/usr/lib/openmpi/include '
MPI_F77='f77'
MPI_FFLAGS='-I/usr/lib/openmpi/include '
MPI_IMPL='UserSupplied'
MPI_LIBS='-L/usr/lib/openmpi/lib -lmpi'
MV='mv'
OBJEXT='o'
PACKAGE_BUGREPORT=''
PACKAGE_NAME=''
PACKAGE_STRING=''
PACKAGE_TARNAME=''
PACKAGE_URL=''
PACKAGE_VERSION=''
PATH_SEPARATOR=':'
RANLIB='ranlib'
RM='rm'
SHELL='/bin/bash'
VPATH='VPATH=.:$(srcdir)'
ac_ct_CC='cc'
binbuild_dir='/home/liw/CMDA3634/Lecture/L10e/mpe2-2.4.9b/bin'
bindir='${exec_prefix}/bin'
build='x86_64-unknown-linux-gnu'
build_alias=''
build_cpu='x86_64'
build_os='linux-gnu'
build_vendor='unknown'
datadir='${datarootdir}'
datarootdir='${prefix}/share'
docdir='${datarootdir}/doc/${PACKAGE}'
dvidir='${docdir}'
etcbuild_dir='/home/liw/CMDA3634/Lecture/L10e/mpe2-2.4.9b/etc'
exec_prefix='${prefix}'
host='x86_64-unknown-linux-gnu'
host_alias=''
host_cpu='x86_64'
host_os='linux-gnu'
host_vendor='unknown'
htmldir='${docdir}'
includebuild_dir='/home/liw/CMDA3634/Lecture/L10e/mpe2-2.4.9b/include'
includedir='${prefix}/include'
infodir='${datarootdir}/info'
libbuild_dir='/home/liw/CMDA3634/Lecture/L10e/mpe2-2.4.9b/lib'
libdir='${exec_prefix}/lib'
libexecdir='${exec_prefix}/libexec'
localedir='${datarootdir}/locale'
localstatedir='${prefix}/var'
mandir='${datarootdir}/man'
oldincludedir='/usr/include'
pdfdir='${docdir}'
prefix='/usr/local'
program_transform_name='s,x,x,'
psdir='${docdir}'
sbinbuild_dir='/home/liw/CMDA3634/Lecture/L10e/mpe2-2.4.9b/sbin'
sbindir='${exec_prefix}/sbin'
sharedstatedir='${prefix}/com'
sysconfdir='${prefix}/etc'
target_alias=''
top_srcdir_abs='/home/liw/CMDA3634/Lecture/L10e/mpe2-2.4.9b/src/collchk'

## ----------- ##
## confdefs.h. ##
## ----------- ##

/* confdefs.h */
#define PACKAGE_NAME ""
#define PACKAGE_TARNAME ""
#define PACKAGE_VERSION ""
#define PACKAGE_STRING ""
#define PACKAGE_BUGREPORT ""
#define PACKAGE_URL ""
#define STDC_HEADERS 1
#define HAVE_SYS_TYPES_H 1
#define HAVE_SYS_STAT_H 1
#define HAVE_STDLIB_H 1
#define HAVE_STRING_H 1
#define HAVE_MEMORY_H 1
#define HAVE_STRINGS_H 1
#define HAVE_INTTYPES_H 1
#define HAVE_STDINT_H 1
#define HAVE_UNISTD_H 1
#define HAVE_STDIO_H 1
#define HAVE_STDLIB_H 1
#define HAVE_STRING_H 1
#define HAVE_UNISTD_H 1
#define HAVE_ALLOCA_H 1
#define HAVE_ALLOCA 1
#define HAVE_RARE_MPI_COMBINERS 1
#define HAVE_MPI_ERR_FNS 1
#define HAVE_MPI_IN_PLACE 1
#define HAVE_MPI_WCHAR 1
#define HAVE_MPI_SIGNED_CHAR 1
#define HAVE_MPI_UNSIGNED_LONG_LONG 1
#define HAVE_FORTRAN_MPI_DATATYPE_IN_C 1
#define HAVE_FORTRAN_MPI_DATATYPE_INTEGERX_IN_C 1
#define HAVE_FORTRAN_MPI_DATATYPE_REALX_IN_C 1
#define HAVE_FORTRAN_MPI_DATATYPE_COMPLEXX_IN_C 1
#define HAVE_FORTRAN_MPI_DATATYPE_2COMPLEX_IN_C 1
#define HAVE_PTR_MPI_DATATYPE 1
#define HAVE_MPI_IO 1
#define HAVE_MPI_RMA 1
#define HAVE_MPI_COMMS 1

configure: exit 0
