This file contains any messages produced by compilers while
running configure, to aid debugging if configure makes a mistake.

It was created by mpe2 configure 2.4.9b, which was
generated by GNU Autoconf 2.69.  Invocation command line was

  $ ./configure --disable-option-checking --prefix=/usr/local --with-mpilibs=-L/usr/lib/openmpi/lib -lmpi --with-mpiinc=-I/usr/lib/openmpi/include --with-mpicc=/usr/bin/mpicc --disable-f77 --cache-file=/dev/null --srcdir=.

## --------- ##
## Platform. ##
## --------- ##

hostname = SurfaceBook
uname -m = x86_64
uname -r = 4.4.0-43-Microsoft
uname -s = Linux
uname -v = #1-Microsoft Wed Dec 31 14:42:53 PST 2014

/usr/bin/uname -p = unknown
/bin/uname -X     = unknown

/bin/arch              = unknown
/usr/bin/arch -k       = unknown
/usr/convex/getsysinfo = unknown
/usr/bin/hostinfo      = unknown
/bin/machine           = unknown
/usr/bin/oslevel       = unknown
/bin/universe          = unknown

PATH: /home/liw/bin
PATH: /home/liw/.local/bin
PATH: /usr/local/sbin
PATH: /usr/local/bin
PATH: /usr/sbin
PATH: /usr/bin
PATH: /sbin
PATH: /bin
PATH: /usr/games
PATH: /usr/local/games
PATH: /mnt/c/ProgramData/Oracle/Java/javapath_target_302344093
PATH: /mnt/c/Windows/System32
PATH: /mnt/c/Windows
PATH: /mnt/c/Windows/System32/wbem
PATH: /mnt/c/Windows/System32/WindowsPowerShell/v1.0
PATH: /mnt/c/Program Files (x86)/NVIDIA Corporation/PhysX/Common
PATH: /mnt/c/Users/liwei/AppData/Local/Microsoft/WindowsApps
PATH: /mnt/c/Program Files/Bandizip
PATH: /snap/bin


## ----------- ##
## Core tests. ##
## ----------- ##

configure:2323: checking for current directory name
configure:2370: result: /home/liw/CMDA3634/Lecture/L10e/mpe2-2.4.9b/src/logging
configure:2405: checking gnumake
configure:2420: result: yes using --no-print-directory
configure:2434: checking BSD 4.4 make
configure:2454: result: no - whew
configure:2460: checking OSF V3 make
configure:2479: result: no
configure:2486: checking for virtual path format
configure:2501: result: VPATH
configure:2632: checking for gcc
configure:2659: result: cc
configure:2888: checking for C compiler version
configure:2897: cc --version >&5
cc (Ubuntu 5.4.0-6ubuntu1~16.04.6) 5.4.0 20160609
Copyright (C) 2015 Free Software Foundation, Inc.
This is free software; see the source for copying conditions.  There is NO
warranty; not even for MERCHANTABILITY or FITNESS FOR A PARTICULAR PURPOSE.

configure:2908: $? = 0
configure:2897: cc -v >&5
Using built-in specs.
COLLECT_GCC=cc
COLLECT_LTO_WRAPPER=/usr/lib/gcc/x86_64-linux-gnu/5/lto-wrapper
Target: x86_64-linux-gnu
Configured with: ../src/configure -v --with-pkgversion='Ubuntu 5.4.0-6ubuntu1~16.04.6' --with-bugurl=file:///usr/share/doc/gcc-5/README.Bugs --enable-languages=c,ada,c++,java,go,d,fortran,objc,obj-c++ --prefix=/usr --program-suffix=-5 --enable-shared --enable-linker-build-id --libexecdir=/usr/lib --without-included-gettext --enable-threads=posix --libdir=/usr/lib --enable-nls --with-sysroot=/ --enable-clocale=gnu --enable-libstdcxx-debug --enable-libstdcxx-time=yes --with-default-libstdcxx-abi=new --enable-gnu-unique-object --disable-vtable-verify --enable-libmpx --enable-plugin --with-system-zlib --disable-browser-plugin --enable-java-awt=gtk --enable-gtk-cairo --with-java-home=/usr/lib/jvm/java-1.5.0-gcj-5-amd64/jre --enable-java-home --with-jvm-root-dir=/usr/lib/jvm/java-1.5.0-gcj-5-amd64 --with-jvm-jar-dir=/usr/lib/jvm-exports/java-1.5.0-gcj-5-amd64 --with-arch-directory=amd64 --with-ecj-jar=/usr/share/java/eclipse-ecj.jar --enable-objc-gc --enable-multiarch --disable-werror --with-arch-32=i686 --with-abi=m64 --with-multilib-list=m32,m64,mx32 --enable-multilib --with-tune=generic --enable-checking=release --build=x86_64-linux-gnu --host=x86_64-linux-gnu --target=x86_64-linux-gnu
Thread model: posix
gcc version 5.4.0 20160609 (Ubuntu 5.4.0-6ubuntu1~16.04.6) 
configure:2908: $? = 0
configure:2897: cc -V >&5
cc: error: unrecognized command line option '-V'
cc: fatal error: no input files
compilation terminated.
configure:2908: $? = 1
configure:2897: cc -qversion >&5
cc: error: unrecognized command line option '-qversion'
cc: fatal error: no input files
compilation terminated.
configure:2908: $? = 1
configure:2928: checking whether the C compiler works
configure:2950: cc    conftest.c  >&5
configure:2954: $? = 0
configure:3002: result: yes
configure:3005: checking for C compiler default output file name
configure:3007: result: a.out
configure:3013: checking for suffix of executables
configure:3020: cc -o conftest    conftest.c  >&5
configure:3024: $? = 0
configure:3046: result: 
configure:3068: checking whether we are cross compiling
configure:3076: cc -o conftest    conftest.c  >&5
configure:3080: $? = 0
configure:3087: ./conftest
configure:3091: $? = 0
configure:3106: result: no
configure:3111: checking for suffix of object files
configure:3133: cc -c   conftest.c >&5
configure:3137: $? = 0
configure:3158: result: o
configure:3162: checking whether we are using the GNU C compiler
configure:3181: cc -c   conftest.c >&5
configure:3181: $? = 0
configure:3190: result: yes
configure:3199: checking whether cc accepts -g
configure:3219: cc -c -g  conftest.c >&5
configure:3219: $? = 0
configure:3260: result: yes
configure:3277: checking for cc option to accept ISO C89
configure:3340: cc  -c   conftest.c >&5
configure:3340: $? = 0
configure:3353: result: none needed
configure:3377: checking for ar
configure:3393: found /usr/bin/ar
configure:3405: result: ar
configure:3456: checking for ranlib
configure:3472: found /usr/bin/ranlib
configure:3483: result: ranlib
configure:3510: checking whether cc understands -c and -o together
configure:3538: cc -c conftest.c -o conftest2.o >&5
configure:3542: $? = 0
configure:3548: cc -c conftest.c -o conftest2.o >&5
configure:3552: $? = 0
configure:3607: result: yes
configure:3626: checking how to run the C preprocessor
configure:3657: cc -E  conftest.c
configure:3657: $? = 0
configure:3671: cc -E  conftest.c
conftest.c:9:28: fatal error: ac_nonexistent.h: No such file or directory
compilation terminated.
configure:3671: $? = 1
configure: failed program was:
| /* confdefs.h */
| #define PACKAGE_NAME "mpe2"
| #define PACKAGE_TARNAME "mpe2"
| #define PACKAGE_VERSION "2.4.9b"
| #define PACKAGE_STRING "mpe2 2.4.9b"
| #define PACKAGE_BUGREPORT "wgropp@illinois.edu"
| #define PACKAGE_URL "http://www.mcs.anl.gov/research/projects/perfvis/software/MPE/"
| /* end confdefs.h.  */
| #include <ac_nonexistent.h>
configure:3696: result: cc -E
configure:3716: cc -E  conftest.c
configure:3716: $? = 0
configure:3730: cc -E  conftest.c
conftest.c:9:28: fatal error: ac_nonexistent.h: No such file or directory
compilation terminated.
configure:3730: $? = 1
configure: failed program was:
| /* confdefs.h */
| #define PACKAGE_NAME "mpe2"
| #define PACKAGE_TARNAME "mpe2"
| #define PACKAGE_VERSION "2.4.9b"
| #define PACKAGE_STRING "mpe2 2.4.9b"
| #define PACKAGE_BUGREPORT "wgropp@illinois.edu"
| #define PACKAGE_URL "http://www.mcs.anl.gov/research/projects/perfvis/software/MPE/"
| /* end confdefs.h.  */
| #include <ac_nonexistent.h>
configure:3764: checking for grep that handles long lines and -e
configure:3822: result: /bin/grep
configure:3827: checking for egrep
configure:3889: result: /bin/grep -E
configure:3894: checking for ANSI C header files
configure:3914: cc -c   conftest.c >&5
configure:3914: $? = 0
configure:3987: cc -o conftest    conftest.c  >&5
configure:3987: $? = 0
configure:3987: ./conftest
configure:3987: $? = 0
configure:3998: result: yes
configure:4007: checking for an ANSI C-conforming const
configure:4073: cc -c   conftest.c >&5
configure:4073: $? = 0
configure:4080: result: yes
configure:4098: checking for sys/types.h
configure:4098: cc -c   conftest.c >&5
configure:4098: $? = 0
configure:4098: result: yes
configure:4098: checking for sys/stat.h
configure:4098: cc -c   conftest.c >&5
configure:4098: $? = 0
configure:4098: result: yes
configure:4098: checking for stdlib.h
configure:4098: cc -c   conftest.c >&5
configure:4098: $? = 0
configure:4098: result: yes
configure:4098: checking for string.h
configure:4098: cc -c   conftest.c >&5
configure:4098: $? = 0
configure:4098: result: yes
configure:4098: checking for memory.h
configure:4098: cc -c   conftest.c >&5
configure:4098: $? = 0
configure:4098: result: yes
configure:4098: checking for strings.h
configure:4098: cc -c   conftest.c >&5
configure:4098: $? = 0
configure:4098: result: yes
configure:4098: checking for inttypes.h
configure:4098: cc -c   conftest.c >&5
configure:4098: $? = 0
configure:4098: result: yes
configure:4098: checking for stdint.h
configure:4098: cc -c   conftest.c >&5
configure:4098: $? = 0
configure:4098: result: yes
configure:4098: checking for unistd.h
configure:4098: cc -c   conftest.c >&5
configure:4098: $? = 0
configure:4098: result: yes
configure:4110: checking whether byte ordering is bigendian
configure:4125: cc -c   conftest.c >&5
conftest.c:21:9: error: unknown type name 'not'
         not a universal capable compiler
         ^
conftest.c:21:15: error: expected '=', ',', ';', 'asm' or '__attribute__' before 'universal'
         not a universal capable compiler
               ^
conftest.c:21:15: error: unknown type name 'universal'
configure:4125: $? = 1
configure: failed program was:
| /* confdefs.h */
| #define PACKAGE_NAME "mpe2"
| #define PACKAGE_TARNAME "mpe2"
| #define PACKAGE_VERSION "2.4.9b"
| #define PACKAGE_STRING "mpe2 2.4.9b"
| #define PACKAGE_BUGREPORT "wgropp@illinois.edu"
| #define PACKAGE_URL "http://www.mcs.anl.gov/research/projects/perfvis/software/MPE/"
| #define STDC_HEADERS 1
| #define CLOG_IMPL 1
| #define HAVE_SYS_TYPES_H 1
| #define HAVE_SYS_STAT_H 1
| #define HAVE_STDLIB_H 1
| #define HAVE_STRING_H 1
| #define HAVE_MEMORY_H 1
| #define HAVE_STRINGS_H 1
| #define HAVE_INTTYPES_H 1
| #define HAVE_STDINT_H 1
| #define HAVE_UNISTD_H 1
| /* end confdefs.h.  */
| #ifndef __APPLE_CC__
| 	       not a universal capable compiler
| 	     #endif
| 	     typedef int dummy;
| 
configure:4170: cc -c   conftest.c >&5
configure:4170: $? = 0
configure:4188: cc -c   conftest.c >&5
conftest.c: In function 'main':
conftest.c:27:4: error: unknown type name 'not'
    not big endian
    ^
conftest.c:27:12: error: expected '=', ',', ';', 'asm' or '__attribute__' before 'endian'
    not big endian
            ^
configure:4188: $? = 1
configure: failed program was:
| /* confdefs.h */
| #define PACKAGE_NAME "mpe2"
| #define PACKAGE_TARNAME "mpe2"
| #define PACKAGE_VERSION "2.4.9b"
| #define PACKAGE_STRING "mpe2 2.4.9b"
| #define PACKAGE_BUGREPORT "wgropp@illinois.edu"
| #define PACKAGE_URL "http://www.mcs.anl.gov/research/projects/perfvis/software/MPE/"
| #define STDC_HEADERS 1
| #define CLOG_IMPL 1
| #define HAVE_SYS_TYPES_H 1
| #define HAVE_SYS_STAT_H 1
| #define HAVE_STDLIB_H 1
| #define HAVE_STRING_H 1
| #define HAVE_MEMORY_H 1
| #define HAVE_STRINGS_H 1
| #define HAVE_INTTYPES_H 1
| #define HAVE_STDINT_H 1
| #define HAVE_UNISTD_H 1
| /* end confdefs.h.  */
| #include <sys/types.h>
| 		#include <sys/param.h>
| 
| int
| main ()
| {
| #if BYTE_ORDER != BIG_ENDIAN
| 		 not big endian
| 		#endif
| 
|   ;
|   return 0;
| }
configure:4316: result: no
configure:4338: checking stdio.h usability
configure:4338: cc -c   conftest.c >&5
configure:4338: $? = 0
configure:4338: result: yes
configure:4338: checking stdio.h presence
configure:4338: cc -E  conftest.c
configure:4338: $? = 0
configure:4338: result: yes
configure:4338: checking for stdio.h
configure:4338: result: yes
configure:4338: checking for stdlib.h
configure:4338: result: yes
configure:4338: checking for string.h
configure:4338: result: yes
configure:4338: checking for unistd.h
configure:4338: result: yes
configure:4338: checking sys/time.h usability
configure:4338: cc -c   conftest.c >&5
configure:4338: $? = 0
configure:4338: result: yes
configure:4338: checking sys/time.h presence
configure:4338: cc -E  conftest.c
configure:4338: $? = 0
configure:4338: result: yes
configure:4338: checking for sys/time.h
configure:4338: result: yes
configure:4338: checking for sys/types.h
configure:4338: result: yes
configure:4338: checking sys/bitypes.h usability
configure:4338: cc -c   conftest.c >&5
configure:4338: $? = 0
configure:4338: result: yes
configure:4338: checking sys/bitypes.h presence
configure:4338: cc -E  conftest.c
configure:4338: $? = 0
configure:4338: result: yes
configure:4338: checking for sys/bitypes.h
configure:4338: result: yes
configure:4338: checking for sys/stat.h
configure:4338: result: yes
configure:4338: checking fcntl.h usability
configure:4338: cc -c   conftest.c >&5
configure:4338: $? = 0
configure:4338: result: yes
configure:4338: checking fcntl.h presence
configure:4338: cc -E  conftest.c
configure:4338: $? = 0
configure:4338: result: yes
configure:4338: checking for fcntl.h
configure:4338: result: yes
configure:4351: checking for header that defines C99 integer types, intXX_t 
configure:4373: cc -c   conftest.c >&5
configure:4373: $? = 0
configure:4382: result: <stdint.h> 
configure:4632: checking for inttypes.h
configure:4632: result: yes
configure:4638: checking whether <inttypes.h> defines the PRIdXX macros 
configure:4669: cc -c   conftest.c >&5
configure:4669: $? = 0
configure:4671: result: yes
configure:4727: checking if <stdint.h> can be behind system headers 
configure:4749: cc -c   conftest.c >&5
configure:4749: $? = 0
configure:4756: result: yes
configure:4771: checking size of void *
configure:4776: cc -o conftest    conftest.c  >&5
configure:4776: $? = 0
configure:4776: ./conftest
configure:4776: $? = 0
configure:4790: result: 8
configure:4801: checking for address-sized integer 
configure:4811: result: CLOG_int64_t
configure:4857: checking build system type
configure:4871: result: x86_64-unknown-linux-gnu
configure:4891: checking host system type
configure:4904: result: x86_64-unknown-linux-gnu
configure:4969: checking for gethostname
configure:4969: cc -o conftest    conftest.c  >&5
configure:4969: $? = 0
configure:4969: result: yes
configure:4980: checking whether gethostname needs a declaration
configure:4997: cc -c   conftest.c >&5
conftest.c: In function 'main':
conftest.c:36:19: error: incompatible type for argument 1 of 'gethostname'
 int a=gethostname(1.0,27,1.0,"foo");
                   ^
In file included from conftest.c:32:0:
/usr/include/unistd.h:882:12: note: expected 'char *' but argument is of type 'double'
 extern int gethostname (char *__name, size_t __len) __THROW __nonnull ((1));
            ^
conftest.c:36:7: error: too many arguments to function 'gethostname'
 int a=gethostname(1.0,27,1.0,"foo");
       ^
In file included from conftest.c:32:0:
/usr/include/unistd.h:882:12: note: declared here
 extern int gethostname (char *__name, size_t __len) __THROW __nonnull ((1));
            ^
configure:4997: $? = 1
configure: failed program was:
| /* confdefs.h */
| #define PACKAGE_NAME "mpe2"
| #define PACKAGE_TARNAME "mpe2"
| #define PACKAGE_VERSION "2.4.9b"
| #define PACKAGE_STRING "mpe2 2.4.9b"
| #define PACKAGE_BUGREPORT "wgropp@illinois.edu"
| #define PACKAGE_URL "http://www.mcs.anl.gov/research/projects/perfvis/software/MPE/"
| #define STDC_HEADERS 1
| #define CLOG_IMPL 1
| #define HAVE_SYS_TYPES_H 1
| #define HAVE_SYS_STAT_H 1
| #define HAVE_STDLIB_H 1
| #define HAVE_STRING_H 1
| #define HAVE_MEMORY_H 1
| #define HAVE_STRINGS_H 1
| #define HAVE_INTTYPES_H 1
| #define HAVE_STDINT_H 1
| #define HAVE_UNISTD_H 1
| #define HAVE_STDIO_H 1
| #define HAVE_STDLIB_H 1
| #define HAVE_STRING_H 1
| #define HAVE_UNISTD_H 1
| #define HAVE_SYS_TIME_H 1
| #define HAVE_SYS_TYPES_H 1
| #define HAVE_SYS_BITYPES_H 1
| #define HAVE_SYS_STAT_H 1
| #define HAVE_FCNTL_H 1
| #define HAVE_INTTYPES_H 1
| #define SIZEOF_VOID_P 8
| #define HAVE_GETHOSTNAME 1
| /* end confdefs.h.  */
| #include <unistd.h>
| int
| main ()
| {
| int a=gethostname(1.0,27,1.0,"foo");
|   ;
|   return 0;
| }
configure:5004: result: no
configure:5019: checking for snprintf
configure:5019: cc -o conftest    conftest.c  >&5
conftest.c:55:6: warning: conflicting types for built-in function 'snprintf'
 char snprintf ();
      ^
configure:5019: $? = 0
configure:5019: result: yes
configure:5030: checking whether snprintf needs a declaration
configure:5047: cc -c   conftest.c >&5
conftest.c: In function 'main':
conftest.c:37:16: error: incompatible type for argument 1 of 'snprintf'
 int a=snprintf(1.0,27,1.0,"foo");
                ^
In file included from conftest.c:33:0:
/usr/include/stdio.h:386:12: note: expected 'char * restrict' but argument is of type 'double'
 extern int snprintf (char *__restrict __s, size_t __maxlen,
            ^
conftest.c:37:23: error: incompatible type for argument 3 of 'snprintf'
 int a=snprintf(1.0,27,1.0,"foo");
                       ^
In file included from conftest.c:33:0:
/usr/include/stdio.h:386:12: note: expected 'const char * restrict' but argument is of type 'double'
 extern int snprintf (char *__restrict __s, size_t __maxlen,
            ^
configure:5047: $? = 1
configure: failed program was:
| /* confdefs.h */
| #define PACKAGE_NAME "mpe2"
| #define PACKAGE_TARNAME "mpe2"
| #define PACKAGE_VERSION "2.4.9b"
| #define PACKAGE_STRING "mpe2 2.4.9b"
| #define PACKAGE_BUGREPORT "wgropp@illinois.edu"
| #define PACKAGE_URL "http://www.mcs.anl.gov/research/projects/perfvis/software/MPE/"
| #define STDC_HEADERS 1
| #define CLOG_IMPL 1
| #define HAVE_SYS_TYPES_H 1
| #define HAVE_SYS_STAT_H 1
| #define HAVE_STDLIB_H 1
| #define HAVE_STRING_H 1
| #define HAVE_MEMORY_H 1
| #define HAVE_STRINGS_H 1
| #define HAVE_INTTYPES_H 1
| #define HAVE_STDINT_H 1
| #define HAVE_UNISTD_H 1
| #define HAVE_STDIO_H 1
| #define HAVE_STDLIB_H 1
| #define HAVE_STRING_H 1
| #define HAVE_UNISTD_H 1
| #define HAVE_SYS_TIME_H 1
| #define HAVE_SYS_TYPES_H 1
| #define HAVE_SYS_BITYPES_H 1
| #define HAVE_SYS_STAT_H 1
| #define HAVE_FCNTL_H 1
| #define HAVE_INTTYPES_H 1
| #define SIZEOF_VOID_P 8
| #define HAVE_GETHOSTNAME 1
| #define HAVE_SNPRINTF 1
| /* end confdefs.h.  */
| #include <stdio.h>
| int
| main ()
| {
| int a=snprintf(1.0,27,1.0,"foo");
|   ;
|   return 0;
| }
configure:5054: result: no
configure:5069: checking for mkstemp
configure:5069: cc -o conftest    conftest.c  >&5
configure:5069: $? = 0
configure:5069: result: yes
configure:5080: checking whether mkstemp needs a declaration
configure:5097: cc -c   conftest.c >&5
conftest.c: In function 'main':
conftest.c:38:15: error: incompatible type for argument 1 of 'mkstemp'
 int a=mkstemp(1.0,27,1.0,"foo");
               ^
In file included from conftest.c:34:0:
/usr/include/stdlib.h:619:12: note: expected 'char *' but argument is of type 'double'
 extern int mkstemp (char *__template) __nonnull ((1)) __wur;
            ^
conftest.c:38:7: error: too many arguments to function 'mkstemp'
 int a=mkstemp(1.0,27,1.0,"foo");
       ^
In file included from conftest.c:34:0:
/usr/include/stdlib.h:619:12: note: declared here
 extern int mkstemp (char *__template) __nonnull ((1)) __wur;
            ^
configure:5097: $? = 1
configure: failed program was:
| /* confdefs.h */
| #define PACKAGE_NAME "mpe2"
| #define PACKAGE_TARNAME "mpe2"
| #define PACKAGE_VERSION "2.4.9b"
| #define PACKAGE_STRING "mpe2 2.4.9b"
| #define PACKAGE_BUGREPORT "wgropp@illinois.edu"
| #define PACKAGE_URL "http://www.mcs.anl.gov/research/projects/perfvis/software/MPE/"
| #define STDC_HEADERS 1
| #define CLOG_IMPL 1
| #define HAVE_SYS_TYPES_H 1
| #define HAVE_SYS_STAT_H 1
| #define HAVE_STDLIB_H 1
| #define HAVE_STRING_H 1
| #define HAVE_MEMORY_H 1
| #define HAVE_STRINGS_H 1
| #define HAVE_INTTYPES_H 1
| #define HAVE_STDINT_H 1
| #define HAVE_UNISTD_H 1
| #define HAVE_STDIO_H 1
| #define HAVE_STDLIB_H 1
| #define HAVE_STRING_H 1
| #define HAVE_UNISTD_H 1
| #define HAVE_SYS_TIME_H 1
| #define HAVE_SYS_TYPES_H 1
| #define HAVE_SYS_BITYPES_H 1
| #define HAVE_SYS_STAT_H 1
| #define HAVE_FCNTL_H 1
| #define HAVE_INTTYPES_H 1
| #define SIZEOF_VOID_P 8
| #define HAVE_GETHOSTNAME 1
| #define HAVE_SNPRINTF 1
| #define HAVE_MKSTEMP 1
| /* end confdefs.h.  */
| #include <stdlib.h>
| int
| main ()
| {
| int a=mkstemp(1.0,27,1.0,"foo");
|   ;
|   return 0;
| }
configure:5104: result: no
configure:5119: checking for srand48
configure:5119: cc -o conftest    conftest.c  >&5
configure:5119: $? = 0
configure:5119: result: yes
configure:5130: checking whether srand48 needs a declaration
configure:5147: cc -c   conftest.c >&5
conftest.c: In function 'main':
conftest.c:39:7: error: too many arguments to function 'srand48'
 int a=srand48(1.0,27,1.0,"foo");
       ^
In file included from conftest.c:35:0:
/usr/include/stdlib.h:403:13: note: declared here
 extern void srand48 (long int __seedval) __THROW;
             ^
conftest.c:39:7: error: void value not ignored as it ought to be
 int a=srand48(1.0,27,1.0,"foo");
       ^
configure:5147: $? = 1
configure: failed program was:
| /* confdefs.h */
| #define PACKAGE_NAME "mpe2"
| #define PACKAGE_TARNAME "mpe2"
| #define PACKAGE_VERSION "2.4.9b"
| #define PACKAGE_STRING "mpe2 2.4.9b"
| #define PACKAGE_BUGREPORT "wgropp@illinois.edu"
| #define PACKAGE_URL "http://www.mcs.anl.gov/research/projects/perfvis/software/MPE/"
| #define STDC_HEADERS 1
| #define CLOG_IMPL 1
| #define HAVE_SYS_TYPES_H 1
| #define HAVE_SYS_STAT_H 1
| #define HAVE_STDLIB_H 1
| #define HAVE_STRING_H 1
| #define HAVE_MEMORY_H 1
| #define HAVE_STRINGS_H 1
| #define HAVE_INTTYPES_H 1
| #define HAVE_STDINT_H 1
| #define HAVE_UNISTD_H 1
| #define HAVE_STDIO_H 1
| #define HAVE_STDLIB_H 1
| #define HAVE_STRING_H 1
| #define HAVE_UNISTD_H 1
| #define HAVE_SYS_TIME_H 1
| #define HAVE_SYS_TYPES_H 1
| #define HAVE_SYS_BITYPES_H 1
| #define HAVE_SYS_STAT_H 1
| #define HAVE_FCNTL_H 1
| #define HAVE_INTTYPES_H 1
| #define SIZEOF_VOID_P 8
| #define HAVE_GETHOSTNAME 1
| #define HAVE_SNPRINTF 1
| #define HAVE_MKSTEMP 1
| #define HAVE_SRAND48 1
| /* end confdefs.h.  */
| #include <stdlib.h>
| int
| main ()
| {
| int a=srand48(1.0,27,1.0,"foo");
|   ;
|   return 0;
| }
configure:5154: result: no
configure:5169: checking for lrand48
configure:5169: cc -o conftest    conftest.c  >&5
configure:5169: $? = 0
configure:5169: result: yes
configure:5180: checking whether lrand48 needs a declaration
configure:5197: cc -c   conftest.c >&5
conftest.c: In function 'main':
conftest.c:40:7: error: too many arguments to function 'lrand48'
 int a=lrand48(1.0,27,1.0,"foo");
       ^
In file included from conftest.c:36:0:
/usr/include/stdlib.h:393:17: note: declared here
 extern long int lrand48 (void) __THROW;
                 ^
configure:5197: $? = 1
configure: failed program was:
| /* confdefs.h */
| #define PACKAGE_NAME "mpe2"
| #define PACKAGE_TARNAME "mpe2"
| #define PACKAGE_VERSION "2.4.9b"
| #define PACKAGE_STRING "mpe2 2.4.9b"
| #define PACKAGE_BUGREPORT "wgropp@illinois.edu"
| #define PACKAGE_URL "http://www.mcs.anl.gov/research/projects/perfvis/software/MPE/"
| #define STDC_HEADERS 1
| #define CLOG_IMPL 1
| #define HAVE_SYS_TYPES_H 1
| #define HAVE_SYS_STAT_H 1
| #define HAVE_STDLIB_H 1
| #define HAVE_STRING_H 1
| #define HAVE_MEMORY_H 1
| #define HAVE_STRINGS_H 1
| #define HAVE_INTTYPES_H 1
| #define HAVE_STDINT_H 1
| #define HAVE_UNISTD_H 1
| #define HAVE_STDIO_H 1
| #define HAVE_STDLIB_H 1
| #define HAVE_STRING_H 1
| #define HAVE_UNISTD_H 1
| #define HAVE_SYS_TIME_H 1
| #define HAVE_SYS_TYPES_H 1
| #define HAVE_SYS_BITYPES_H 1
| #define HAVE_SYS_STAT_H 1
| #define HAVE_FCNTL_H 1
| #define HAVE_INTTYPES_H 1
| #define SIZEOF_VOID_P 8
| #define HAVE_GETHOSTNAME 1
| #define HAVE_SNPRINTF 1
| #define HAVE_MKSTEMP 1
| #define HAVE_SRAND48 1
| #define HAVE_LRAND48 1
| /* end confdefs.h.  */
| #include <stdlib.h>
| int
| main ()
| {
| int a=lrand48(1.0,27,1.0,"foo");
|   ;
|   return 0;
| }
configure:5204: result: no
configure:5226: checking for special C compiler options needed for large files
configure:5271: result: no
configure:5277: checking for _FILE_OFFSET_BITS value needed for large files
configure:5302: cc -c   conftest.c >&5
configure:5302: $? = 0
configure:5334: result: no
configure:5420: checking for O_LARGEFILE for open() 
configure:5448: cc -c   conftest.c >&5
conftest.c: In function 'main':
conftest.c:53:41: error: 'O_LARGEFILE' undeclared (first use in this function)
         fd = open( "tmpfile", O_CREAT | O_LARGEFILE, 0644 );
                                         ^
conftest.c:53:41: note: each undeclared identifier is reported only once for each function it appears in
configure:5448: $? = 1
configure: failed program was:
| /* confdefs.h */
| #define PACKAGE_NAME "mpe2"
| #define PACKAGE_TARNAME "mpe2"
| #define PACKAGE_VERSION "2.4.9b"
| #define PACKAGE_STRING "mpe2 2.4.9b"
| #define PACKAGE_BUGREPORT "wgropp@illinois.edu"
| #define PACKAGE_URL "http://www.mcs.anl.gov/research/projects/perfvis/software/MPE/"
| #define STDC_HEADERS 1
| #define CLOG_IMPL 1
| #define HAVE_SYS_TYPES_H 1
| #define HAVE_SYS_STAT_H 1
| #define HAVE_STDLIB_H 1
| #define HAVE_STRING_H 1
| #define HAVE_MEMORY_H 1
| #define HAVE_STRINGS_H 1
| #define HAVE_INTTYPES_H 1
| #define HAVE_STDINT_H 1
| #define HAVE_UNISTD_H 1
| #define HAVE_STDIO_H 1
| #define HAVE_STDLIB_H 1
| #define HAVE_STRING_H 1
| #define HAVE_UNISTD_H 1
| #define HAVE_SYS_TIME_H 1
| #define HAVE_SYS_TYPES_H 1
| #define HAVE_SYS_BITYPES_H 1
| #define HAVE_SYS_STAT_H 1
| #define HAVE_FCNTL_H 1
| #define HAVE_INTTYPES_H 1
| #define SIZEOF_VOID_P 8
| #define HAVE_GETHOSTNAME 1
| #define HAVE_SNPRINTF 1
| #define HAVE_MKSTEMP 1
| #define HAVE_SRAND48 1
| #define HAVE_LRAND48 1
| /* end confdefs.h.  */
| 
| 
| #if defined( HAVE_SYS_TYPES_H )
| #include <sys/types.h>
| #endif
| #if defined( HAVE_SYS_STAT_H )
| #include <sys/stat.h>
| #endif
| #if defined( HAVE_FCNTL_H )
| #include <fcntl.h>
| #endif
| 
| int
| main ()
| {
| 
|         int fd;
|         fd = open( "tmpfile", O_CREAT | O_LARGEFILE, 0644 );
| 
|   ;
|   return 0;
| }
| 
configure:5485: cc -c   conftest.c >&5
configure:5485: $? = 0
configure:5493: result: needs _LARGEFILE64_SOURCE 
configure:5508: checking for O_BINARY for open() 
configure:5530: cc -o conftest    conftest.c  >&5
conftest.c: In function 'main':
conftest.c:49:37: error: 'O_BINARY' undeclared (first use in this function)
     fd = open( "tmpfile", O_CREAT | O_BINARY, 0644 );
                                     ^
conftest.c:49:37: note: each undeclared identifier is reported only once for each function it appears in
configure:5530: $? = 1
configure: failed program was:
| /* confdefs.h */
| #define PACKAGE_NAME "mpe2"
| #define PACKAGE_TARNAME "mpe2"
| #define PACKAGE_VERSION "2.4.9b"
| #define PACKAGE_STRING "mpe2 2.4.9b"
| #define PACKAGE_BUGREPORT "wgropp@illinois.edu"
| #define PACKAGE_URL "http://www.mcs.anl.gov/research/projects/perfvis/software/MPE/"
| #define STDC_HEADERS 1
| #define CLOG_IMPL 1
| #define HAVE_SYS_TYPES_H 1
| #define HAVE_SYS_STAT_H 1
| #define HAVE_STDLIB_H 1
| #define HAVE_STRING_H 1
| #define HAVE_MEMORY_H 1
| #define HAVE_STRINGS_H 1
| #define HAVE_INTTYPES_H 1
| #define HAVE_STDINT_H 1
| #define HAVE_UNISTD_H 1
| #define HAVE_STDIO_H 1
| #define HAVE_STDLIB_H 1
| #define HAVE_STRING_H 1
| #define HAVE_UNISTD_H 1
| #define HAVE_SYS_TIME_H 1
| #define HAVE_SYS_TYPES_H 1
| #define HAVE_SYS_BITYPES_H 1
| #define HAVE_SYS_STAT_H 1
| #define HAVE_FCNTL_H 1
| #define HAVE_INTTYPES_H 1
| #define SIZEOF_VOID_P 8
| #define HAVE_GETHOSTNAME 1
| #define HAVE_SNPRINTF 1
| #define HAVE_MKSTEMP 1
| #define HAVE_SRAND48 1
| #define HAVE_LRAND48 1
| #define HAVE_O_LARGEFILE 1
| #define _LARGEFILE64_SOURCE 1
| /* end confdefs.h.  */
| 
| 
| #if defined( HAVE_FCNTL_H )
| #include <fcntl.h>
| #endif
| 
| int
| main ()
| {
| 
|     int fd;
|     fd = open( "tmpfile", O_CREAT | O_BINARY, 0644 );
| 
|   ;
|   return 0;
| }
| 
configure:5540: result: no
configure:5548: checking for PMPI_Comm_create_keyval() 
configure:5602: /usr/bin/mpicc -o conftest -I/usr/lib/openmpi/include    conftest.c -L/usr/lib/openmpi/lib -lmpi >&5
configure:5602: $? = 0
configure:5624: result: yes
configure:5641: checking for PMPI_Comm_free_keyval() 
configure:5693: /usr/bin/mpicc -o conftest -I/usr/lib/openmpi/include    conftest.c -L/usr/lib/openmpi/lib -lmpi >&5
configure:5693: $? = 0
configure:5715: result: yes
configure:5732: checking for PMPI_Comm_set_attr() 
configure:5785: /usr/bin/mpicc -o conftest -I/usr/lib/openmpi/include    conftest.c -L/usr/lib/openmpi/lib -lmpi >&5
configure:5785: $? = 0
configure:5807: result: yes
configure:5824: checking for PMPI_Comm_get_attr() 
configure:5877: /usr/bin/mpicc -o conftest -I/usr/lib/openmpi/include    conftest.c -L/usr/lib/openmpi/lib -lmpi >&5
configure:5877: $? = 0
configure:5899: result: yes
configure:5918: checking pthread.h usability
configure:5918: cc -c   conftest.c >&5
configure:5918: $? = 0
configure:5918: result: yes
configure:5918: checking pthread.h presence
configure:5918: cc -E  conftest.c
configure:5918: $? = 0
configure:5918: result: yes
configure:5918: checking for pthread.h
configure:5918: result: yes
configure:5924: checking for pthread_mutex_lock in -lpthread
configure:5949: cc -o conftest    conftest.c -lpthread   >&5
configure:5949: $? = 0
configure:5958: result: yes
configure:5983: checking for pthread_mutex_lock/unlock in MPI 
configure:6036: /usr/bin/mpicc -o conftest -I/usr/lib/openmpi/include    conftest.c -L/usr/lib/openmpi/lib -lmpi >&5
configure:6036: $? = 0
configure:6059: result: yes
configure:6205: creating ./config.status

## ---------------------- ##
## Running config.status. ##
## ---------------------- ##

This file was extended by mpe2 config.status 2.4.9b, which was
generated by GNU Autoconf 2.69.  Invocation command line was

  CONFIG_FILES    = 
  CONFIG_HEADERS  = 
  CONFIG_LINKS    = 
  CONFIG_COMMANDS = 
  $ ./config.status 

on SurfaceBook

config.status:871: creating Makefile
config.status:871: creating src/Makefile
config.status:871: creating include/clog_inttypes.h
config.status:871: creating include/mpi_null.h
config.status:871: creating include/mpe_log_thread.h
config.status:871: creating etc/mpe_log.conf
config.status:871: creating etc/mpe_nolog.conf
config.status:871: creating etc/mpe_log_postlib.conf
config.status:871: creating mpe_logging_conf.h

## ---------------- ##
## Cache variables. ##
## ---------------- ##

ac_cv_build=x86_64-unknown-linux-gnu
ac_cv_c_bigendian=no
ac_cv_c_compiler_gnu=yes
ac_cv_c_const=yes
ac_cv_env_CC_set=set
ac_cv_env_CC_value=cc
ac_cv_env_CFLAGS_set=
ac_cv_env_CFLAGS_value=
ac_cv_env_CPPFLAGS_set=
ac_cv_env_CPPFLAGS_value=
ac_cv_env_CPP_set=
ac_cv_env_CPP_value=
ac_cv_env_LDFLAGS_set=
ac_cv_env_LDFLAGS_value=
ac_cv_env_LIBS_set=
ac_cv_env_LIBS_value=
ac_cv_env_build_alias_set=
ac_cv_env_build_alias_value=
ac_cv_env_host_alias_set=
ac_cv_env_host_alias_value=
ac_cv_env_target_alias_set=
ac_cv_env_target_alias_value=
ac_cv_func_gethostname=yes
ac_cv_func_lrand48=yes
ac_cv_func_mkstemp=yes
ac_cv_func_snprintf=yes
ac_cv_func_srand48=yes
ac_cv_header_fcntl_h=yes
ac_cv_header_inttypes_h=yes
ac_cv_header_memory_h=yes
ac_cv_header_pthread_h=yes
ac_cv_header_stdc=yes
ac_cv_header_stdint_h=yes
ac_cv_header_stdio_h=yes
ac_cv_header_stdlib_h=yes
ac_cv_header_string_h=yes
ac_cv_header_strings_h=yes
ac_cv_header_sys_bitypes_h=yes
ac_cv_header_sys_stat_h=yes
ac_cv_header_sys_time_h=yes
ac_cv_header_sys_types_h=yes
ac_cv_header_unistd_h=yes
ac_cv_host=x86_64-unknown-linux-gnu
ac_cv_lib_pthread_pthread_mutex_lock=yes
ac_cv_objext=o
ac_cv_path_EGREP='/bin/grep -E'
ac_cv_path_GREP=/bin/grep
ac_cv_prog_AR=ar
ac_cv_prog_CPP='cc -E'
ac_cv_prog_ac_ct_CC=cc
ac_cv_prog_ac_ct_RANLIB=ranlib
ac_cv_prog_cc_c89=
ac_cv_prog_cc_cc_c_o=yes
ac_cv_prog_cc_g=yes
ac_cv_sizeof_void_p=8
ac_cv_sys_file_offset_bits=no
ac_cv_sys_largefile_CC=no
pac_cv_func_decl_gethostname=no
pac_cv_func_decl_lrand48=no
pac_cv_func_decl_mkstemp=no
pac_cv_func_decl_snprintf=no
pac_cv_func_decl_srand48=no

## ----------------- ##
## Output variables. ##
## ----------------- ##

AR='ar'
CC='cc'
CC_DOES_C_O='yes'
CFLAGS=''
CLINKER='cc'
CLOG_PINT='CLOG_int64_t'
CPP='cc -E'
CPPFLAGS=''
CPRP='cp'
DEFS='-DHAVE_CONFIG_H'
ECHO_C=''
ECHO_N='-n'
ECHO_T=''
EGREP='/bin/grep -E'
EXEEXT=''
GREP='/bin/grep'
LDFLAGS=''
LIBOBJS=''
LIBS=''
LTLIBOBJS=''
MAKE='make --no-print-directory'
MKDIR='mkdir'
MPE_BUILD_FORTRAN2C='no'
MPI_CC='/usr/bin/mpicc'
MPI_CFLAGS='-I/usr/lib/openmpi/include '
MPI_LIBS='-L/usr/lib/openmpi/lib -lmpi'
MV='mv'
OBJEXT='o'
PACKAGE_BUGREPORT='wgropp@illinois.edu'
PACKAGE_NAME='mpe2'
PACKAGE_STRING='mpe2 2.4.9b'
PACKAGE_TARNAME='mpe2'
PACKAGE_URL='http://www.mcs.anl.gov/research/projects/perfvis/software/MPE/'
PACKAGE_VERSION='2.4.9b'
PATH_SEPARATOR=':'
PROF_LIBNAME='mpe'
PTHREAD_IN_MPI_DEF='#define HAVE_PTHREAD_IN_MPI 1'
RANLIB='ranlib'
RM='rm'
SHELL='/bin/bash'
THREAD_LOG_LIBS=''
VPATH='VPATH=.:$(srcdir)'
ac_ct_CC='cc'
binbuild_dir='/home/liw/CMDA3634/Lecture/L10e/mpe2-2.4.9b/bin'
bindir='${exec_prefix}/bin'
build='x86_64-unknown-linux-gnu'
build_alias=''
build_cpu='x86_64'
build_os='linux-gnu'
build_vendor='unknown'
datadir='${datarootdir}'
datarootdir='${prefix}/share'
docdir='${datarootdir}/doc/${PACKAGE_TARNAME}'
dvidir='${docdir}'
etcbuild_dir='/home/liw/CMDA3634/Lecture/L10e/mpe2-2.4.9b/etc'
exec_prefix='${prefix}'
host='x86_64-unknown-linux-gnu'
host_alias=''
host_cpu='x86_64'
host_os='linux-gnu'
host_vendor='unknown'
htmldir='${docdir}'
includebuild_dir='/home/liw/CMDA3634/Lecture/L10e/mpe2-2.4.9b/include'
includedir='${prefix}/include'
infodir='${datarootdir}/info'
libbuild_dir='/home/liw/CMDA3634/Lecture/L10e/mpe2-2.4.9b/lib'
libdir='${exec_prefix}/lib'
libexecdir='${exec_prefix}/libexec'
localedir='${datarootdir}/locale'
localstatedir='${prefix}/var'
mandir='${datarootdir}/man'
mpe_c99_pridxx_inc='#include <inttypes.h>'
mpe_c99_stdint_inc='#include <stdint.h>'
mpe_int16_fmt='"%"PRId16'
mpe_int16_t='int16_t'
mpe_int32_fmt='"%"PRId32'
mpe_int32_t='int32_t'
mpe_int64_fmt='"%"PRId64'
mpe_int64_t='int64_t'
mpe_int8_fmt='"%"PRId8'
mpe_int8_t='int8_t'
oldincludedir='/usr/include'
pdfdir='${docdir}'
prefix='/usr/local'
program_transform_name='s,x,x,'
psdir='${docdir}'
sbindir='${exec_prefix}/sbin'
sharedstatedir='${prefix}/com'
sysconfdir='${prefix}/etc'
target_alias=''
top_srcdir_abs='/home/liw/CMDA3634/Lecture/L10e/mpe2-2.4.9b/src/logging'

## ----------- ##
## confdefs.h. ##
## ----------- ##

/* confdefs.h */
#define PACKAGE_NAME "mpe2"
#define PACKAGE_TARNAME "mpe2"
#define PACKAGE_VERSION "2.4.9b"
#define PACKAGE_STRING "mpe2 2.4.9b"
#define PACKAGE_BUGREPORT "wgropp@illinois.edu"
#define PACKAGE_URL "http://www.mcs.anl.gov/research/projects/perfvis/software/MPE/"
#define STDC_HEADERS 1
#define CLOG_IMPL 1
#define HAVE_SYS_TYPES_H 1
#define HAVE_SYS_STAT_H 1
#define HAVE_STDLIB_H 1
#define HAVE_STRING_H 1
#define HAVE_MEMORY_H 1
#define HAVE_STRINGS_H 1
#define HAVE_INTTYPES_H 1
#define HAVE_STDINT_H 1
#define HAVE_UNISTD_H 1
#define HAVE_STDIO_H 1
#define HAVE_STDLIB_H 1
#define HAVE_STRING_H 1
#define HAVE_UNISTD_H 1
#define HAVE_SYS_TIME_H 1
#define HAVE_SYS_TYPES_H 1
#define HAVE_SYS_BITYPES_H 1
#define HAVE_SYS_STAT_H 1
#define HAVE_FCNTL_H 1
#define HAVE_INTTYPES_H 1
#define SIZEOF_VOID_P 8
#define HAVE_GETHOSTNAME 1
#define HAVE_SNPRINTF 1
#define HAVE_MKSTEMP 1
#define HAVE_SRAND48 1
#define HAVE_LRAND48 1
#define HAVE_O_LARGEFILE 1
#define _LARGEFILE64_SOURCE 1
#define HAVE_PMPI_COMM_CREATE_KEYVAL 1
#define HAVE_PMPI_COMM_FREE_KEYVAL 1
#define HAVE_PMPI_COMM_SET_ATTR 1
#define HAVE_PMPI_COMM_GET_ATTR 1
#define HAVE_PTHREAD_H 1
#define HAVE_LIBPTHREAD 1

configure: exit 0
