This file contains any messages produced by compilers while
running configure, to aid debugging if configure makes a mistake.

It was created by mpe2 configure 2.4.9b, which was
generated by GNU Autoconf 2.69.  Invocation command line was

  $ ./configure --disable-option-checking --prefix=/usr/local --with-mpilibs=-L/usr/lib/openmpi/lib -lmpi --with-mpiinc=-I/usr/lib/openmpi/include --with-mpicc=/usr/bin/mpicc --disable-f77 --cache-file=/dev/null --srcdir=.

## --------- ##
## Platform. ##
## --------- ##

hostname = SurfaceBook
uname -m = x86_64
uname -r = 4.4.0-43-Microsoft
uname -s = Linux
uname -v = #1-Microsoft Wed Dec 31 14:42:53 PST 2014

/usr/bin/uname -p = unknown
/bin/uname -X     = unknown

/bin/arch              = unknown
/usr/bin/arch -k       = unknown
/usr/convex/getsysinfo = unknown
/usr/bin/hostinfo      = unknown
/bin/machine           = unknown
/usr/bin/oslevel       = unknown
/bin/universe          = unknown

PATH: /home/liw/bin
PATH: /home/liw/.local/bin
PATH: /usr/local/sbin
PATH: /usr/local/bin
PATH: /usr/sbin
PATH: /usr/bin
PATH: /sbin
PATH: /bin
PATH: /usr/games
PATH: /usr/local/games
PATH: /mnt/c/ProgramData/Oracle/Java/javapath_target_302344093
PATH: /mnt/c/Windows/System32
PATH: /mnt/c/Windows
PATH: /mnt/c/Windows/System32/wbem
PATH: /mnt/c/Windows/System32/WindowsPowerShell/v1.0
PATH: /mnt/c/Program Files (x86)/NVIDIA Corporation/PhysX/Common
PATH: /mnt/c/Users/liwei/AppData/Local/Microsoft/WindowsApps
PATH: /mnt/c/Program Files/Bandizip
PATH: /snap/bin


## ----------- ##
## Core tests. ##
## ----------- ##

configure:2130: checking for current directory name
configure:2177: result: /home/liw/CMDA3634/Lecture/L10e/mpe2-2.4.9b/src/misc
configure:2212: checking gnumake
configure:2227: result: yes using --no-print-directory
configure:2241: checking BSD 4.4 make
configure:2261: result: no - whew
configure:2267: checking OSF V3 make
configure:2286: result: no
configure:2293: checking for virtual path format
configure:2308: result: VPATH
configure:2391: checking build system type
configure:2405: result: x86_64-unknown-linux-gnu
configure:2425: checking host system type
configure:2438: result: x86_64-unknown-linux-gnu
configure:2574: checking for gcc
configure:2601: result: cc
configure:2830: checking for C compiler version
configure:2839: cc --version >&5
cc (Ubuntu 5.4.0-6ubuntu1~16.04.6) 5.4.0 20160609
Copyright (C) 2015 Free Software Foundation, Inc.
This is free software; see the source for copying conditions.  There is NO
warranty; not even for MERCHANTABILITY or FITNESS FOR A PARTICULAR PURPOSE.

configure:2850: $? = 0
configure:2839: cc -v >&5
Using built-in specs.
COLLECT_GCC=cc
COLLECT_LTO_WRAPPER=/usr/lib/gcc/x86_64-linux-gnu/5/lto-wrapper
Target: x86_64-linux-gnu
Configured with: ../src/configure -v --with-pkgversion='Ubuntu 5.4.0-6ubuntu1~16.04.6' --with-bugurl=file:///usr/share/doc/gcc-5/README.Bugs --enable-languages=c,ada,c++,java,go,d,fortran,objc,obj-c++ --prefix=/usr --program-suffix=-5 --enable-shared --enable-linker-build-id --libexecdir=/usr/lib --without-included-gettext --enable-threads=posix --libdir=/usr/lib --enable-nls --with-sysroot=/ --enable-clocale=gnu --enable-libstdcxx-debug --enable-libstdcxx-time=yes --with-default-libstdcxx-abi=new --enable-gnu-unique-object --disable-vtable-verify --enable-libmpx --enable-plugin --with-system-zlib --disable-browser-plugin --enable-java-awt=gtk --enable-gtk-cairo --with-java-home=/usr/lib/jvm/java-1.5.0-gcj-5-amd64/jre --enable-java-home --with-jvm-root-dir=/usr/lib/jvm/java-1.5.0-gcj-5-amd64 --with-jvm-jar-dir=/usr/lib/jvm-exports/java-1.5.0-gcj-5-amd64 --with-arch-directory=amd64 --with-ecj-jar=/usr/share/java/eclipse-ecj.jar --enable-objc-gc --enable-multiarch --disable-werror --with-arch-32=i686 --with-abi=m64 --with-multilib-list=m32,m64,mx32 --enable-multilib --with-tune=generic --enable-checking=release --build=x86_64-linux-gnu --host=x86_64-linux-gnu --target=x86_64-linux-gnu
Thread model: posix
gcc version 5.4.0 20160609 (Ubuntu 5.4.0-6ubuntu1~16.04.6) 
configure:2850: $? = 0
configure:2839: cc -V >&5
cc: error: unrecognized command line option '-V'
cc: fatal error: no input files
compilation terminated.
configure:2850: $? = 1
configure:2839: cc -qversion >&5
cc: error: unrecognized command line option '-qversion'
cc: fatal error: no input files
compilation terminated.
configure:2850: $? = 1
configure:2870: checking whether the C compiler works
configure:2892: cc  -DMPI_LINUX   conftest.c  >&5
configure:2896: $? = 0
configure:2944: result: yes
configure:2947: checking for C compiler default output file name
configure:2949: result: a.out
configure:2955: checking for suffix of executables
configure:2962: cc -o conftest  -DMPI_LINUX   conftest.c  >&5
configure:2966: $? = 0
configure:2988: result: 
configure:3010: checking whether we are cross compiling
configure:3018: cc -o conftest  -DMPI_LINUX   conftest.c  >&5
configure:3022: $? = 0
configure:3029: ./conftest
configure:3033: $? = 0
configure:3048: result: no
configure:3053: checking for suffix of object files
configure:3075: cc -c  -DMPI_LINUX  conftest.c >&5
configure:3079: $? = 0
configure:3100: result: o
configure:3104: checking whether we are using the GNU C compiler
configure:3123: cc -c  -DMPI_LINUX  conftest.c >&5
configure:3123: $? = 0
configure:3132: result: yes
configure:3141: checking whether cc accepts -g
configure:3161: cc -c -g  conftest.c >&5
configure:3161: $? = 0
configure:3202: result: yes
configure:3219: checking for cc option to accept ISO C89
configure:3282: cc  -c  -DMPI_LINUX  conftest.c >&5
configure:3282: $? = 0
configure:3295: result: none needed
configure:3319: checking for ar
configure:3335: found /usr/bin/ar
configure:3347: result: ar
configure:3398: checking for ranlib
configure:3414: found /usr/bin/ranlib
configure:3425: result: ranlib
configure:3452: checking whether cc understands -c and -o together
configure:3480: cc -c conftest.c -o conftest2.o >&5
configure:3484: $? = 0
configure:3490: cc -c conftest.c -o conftest2.o >&5
configure:3494: $? = 0
configure:3549: result: yes
configure:3568: checking how to run the C preprocessor
configure:3599: cc -E  conftest.c
configure:3599: $? = 0
configure:3613: cc -E  conftest.c
conftest.c:9:28: fatal error: ac_nonexistent.h: No such file or directory
compilation terminated.
configure:3613: $? = 1
configure: failed program was:
| /* confdefs.h */
| #define PACKAGE_NAME "mpe2"
| #define PACKAGE_TARNAME "mpe2"
| #define PACKAGE_VERSION "2.4.9b"
| #define PACKAGE_STRING "mpe2 2.4.9b"
| #define PACKAGE_BUGREPORT "wgropp@illinois.edu"
| #define PACKAGE_URL "http://www.mcs.anl.gov/research/projects/perfvis/software/MPE/"
| /* end confdefs.h.  */
| #include <ac_nonexistent.h>
configure:3638: result: cc -E
configure:3658: cc -E  conftest.c
configure:3658: $? = 0
configure:3672: cc -E  conftest.c
conftest.c:9:28: fatal error: ac_nonexistent.h: No such file or directory
compilation terminated.
configure:3672: $? = 1
configure: failed program was:
| /* confdefs.h */
| #define PACKAGE_NAME "mpe2"
| #define PACKAGE_TARNAME "mpe2"
| #define PACKAGE_VERSION "2.4.9b"
| #define PACKAGE_STRING "mpe2 2.4.9b"
| #define PACKAGE_BUGREPORT "wgropp@illinois.edu"
| #define PACKAGE_URL "http://www.mcs.anl.gov/research/projects/perfvis/software/MPE/"
| /* end confdefs.h.  */
| #include <ac_nonexistent.h>
configure:3707: checking for dbx
configure:3740: result: no
configure:3749: checking for gdb
configure:3767: found /usr/bin/gdb
configure:3779: result: /usr/bin/gdb
configure:3790: checking for grep that handles long lines and -e
configure:3848: result: /bin/grep
configure:3853: checking for egrep
configure:3915: result: /bin/grep -E
configure:3920: checking for ANSI C header files
configure:3940: cc -c  -DMPI_LINUX  conftest.c >&5
configure:3940: $? = 0
configure:4013: cc -o conftest  -DMPI_LINUX   conftest.c  >&5
configure:4013: $? = 0
configure:4013: ./conftest
configure:4013: $? = 0
configure:4024: result: yes
configure:4032: checking for an ANSI C-conforming const
configure:4098: cc -c  -DMPI_LINUX  conftest.c >&5
configure:4098: $? = 0
configure:4105: result: yes
configure:4117: checking for sysinfo
configure:4117: cc -o conftest  -DMPI_LINUX   conftest.c  >&5
configure:4117: $? = 0
configure:4117: result: yes
configure:4126: checking for uname
configure:4126: cc -o conftest  -DMPI_LINUX   conftest.c  >&5
configure:4126: $? = 0
configure:4126: result: yes
configure:4134: checking for gethostbyname
configure:4134: cc -o conftest  -DMPI_LINUX   conftest.c  >&5
configure:4134: $? = 0
configure:4134: result: yes
configure:4148: checking for sys/types.h
configure:4148: cc -c  -DMPI_LINUX  conftest.c >&5
configure:4148: $? = 0
configure:4148: result: yes
configure:4148: checking for sys/stat.h
configure:4148: cc -c  -DMPI_LINUX  conftest.c >&5
configure:4148: $? = 0
configure:4148: result: yes
configure:4148: checking for stdlib.h
configure:4148: cc -c  -DMPI_LINUX  conftest.c >&5
configure:4148: $? = 0
configure:4148: result: yes
configure:4148: checking for string.h
configure:4148: cc -c  -DMPI_LINUX  conftest.c >&5
configure:4148: $? = 0
configure:4148: result: yes
configure:4148: checking for memory.h
configure:4148: cc -c  -DMPI_LINUX  conftest.c >&5
configure:4148: $? = 0
configure:4148: result: yes
configure:4148: checking for strings.h
configure:4148: cc -c  -DMPI_LINUX  conftest.c >&5
configure:4148: $? = 0
configure:4148: result: yes
configure:4148: checking for inttypes.h
configure:4148: cc -c  -DMPI_LINUX  conftest.c >&5
configure:4148: $? = 0
configure:4148: result: yes
configure:4148: checking for stdint.h
configure:4148: cc -c  -DMPI_LINUX  conftest.c >&5
configure:4148: $? = 0
configure:4148: result: yes
configure:4148: checking for unistd.h
configure:4148: cc -c  -DMPI_LINUX  conftest.c >&5
configure:4148: $? = 0
configure:4148: result: yes
configure:4163: checking for unistd.h
configure:4163: result: yes
configure:4163: checking for stdlib.h
configure:4163: result: yes
configure:4163: checking for string.h
configure:4163: result: yes
configure:4163: checking netdb.h usability
configure:4163: cc -c  -DMPI_LINUX  conftest.c >&5
configure:4163: $? = 0
configure:4163: result: yes
configure:4163: checking netdb.h presence
configure:4163: cc -E  conftest.c
configure:4163: $? = 0
configure:4163: result: yes
configure:4163: checking for netdb.h
configure:4163: result: yes
configure:4163: checking sys/systeminfo.h usability
configure:4163: cc -c  -DMPI_LINUX  conftest.c >&5
conftest.c:59:28: fatal error: sys/systeminfo.h: No such file or directory
compilation terminated.
configure:4163: $? = 1
configure: failed program was:
| /* confdefs.h */
| #define PACKAGE_NAME "mpe2"
| #define PACKAGE_TARNAME "mpe2"
| #define PACKAGE_VERSION "2.4.9b"
| #define PACKAGE_STRING "mpe2 2.4.9b"
| #define PACKAGE_BUGREPORT "wgropp@illinois.edu"
| #define PACKAGE_URL "http://www.mcs.anl.gov/research/projects/perfvis/software/MPE/"
| #define STDC_HEADERS 1
| #define HAVE_SYSINFO 1
| #define HAVE_UNAME 1
| #define HAVE_GETHOSTBYNAME 1
| #define HAVE_SYS_TYPES_H 1
| #define HAVE_SYS_STAT_H 1
| #define HAVE_STDLIB_H 1
| #define HAVE_STRING_H 1
| #define HAVE_MEMORY_H 1
| #define HAVE_STRINGS_H 1
| #define HAVE_INTTYPES_H 1
| #define HAVE_STDINT_H 1
| #define HAVE_UNISTD_H 1
| #define HAVE_UNISTD_H 1
| #define HAVE_STDLIB_H 1
| #define HAVE_STRING_H 1
| #define HAVE_NETDB_H 1
| /* end confdefs.h.  */
| #include <stdio.h>
| #ifdef HAVE_SYS_TYPES_H
| # include <sys/types.h>
| #endif
| #ifdef HAVE_SYS_STAT_H
| # include <sys/stat.h>
| #endif
| #ifdef STDC_HEADERS
| # include <stdlib.h>
| # include <stddef.h>
| #else
| # ifdef HAVE_STDLIB_H
| #  include <stdlib.h>
| # endif
| #endif
| #ifdef HAVE_STRING_H
| # if !defined STDC_HEADERS && defined HAVE_MEMORY_H
| #  include <memory.h>
| # endif
| # include <string.h>
| #endif
| #ifdef HAVE_STRINGS_H
| # include <strings.h>
| #endif
| #ifdef HAVE_INTTYPES_H
| # include <inttypes.h>
| #endif
| #ifdef HAVE_STDINT_H
| # include <stdint.h>
| #endif
| #ifdef HAVE_UNISTD_H
| # include <unistd.h>
| #endif
| #include <sys/systeminfo.h>
configure:4163: result: no
configure:4163: checking sys/systeminfo.h presence
configure:4163: cc -E  conftest.c
conftest.c:26:28: fatal error: sys/systeminfo.h: No such file or directory
compilation terminated.
configure:4163: $? = 1
configure: failed program was:
| /* confdefs.h */
| #define PACKAGE_NAME "mpe2"
| #define PACKAGE_TARNAME "mpe2"
| #define PACKAGE_VERSION "2.4.9b"
| #define PACKAGE_STRING "mpe2 2.4.9b"
| #define PACKAGE_BUGREPORT "wgropp@illinois.edu"
| #define PACKAGE_URL "http://www.mcs.anl.gov/research/projects/perfvis/software/MPE/"
| #define STDC_HEADERS 1
| #define HAVE_SYSINFO 1
| #define HAVE_UNAME 1
| #define HAVE_GETHOSTBYNAME 1
| #define HAVE_SYS_TYPES_H 1
| #define HAVE_SYS_STAT_H 1
| #define HAVE_STDLIB_H 1
| #define HAVE_STRING_H 1
| #define HAVE_MEMORY_H 1
| #define HAVE_STRINGS_H 1
| #define HAVE_INTTYPES_H 1
| #define HAVE_STDINT_H 1
| #define HAVE_UNISTD_H 1
| #define HAVE_UNISTD_H 1
| #define HAVE_STDLIB_H 1
| #define HAVE_STRING_H 1
| #define HAVE_NETDB_H 1
| /* end confdefs.h.  */
| #include <sys/systeminfo.h>
configure:4163: result: no
configure:4163: checking for sys/systeminfo.h
configure:4163: result: no
configure:4163: checking for sys/types.h
configure:4163: result: yes
configure:4174: checking for sighandler_t
configure:4187: cc -c  -DMPI_LINUX  conftest.c >&5
conftest.c: In function 'main':
conftest.c:31:1: error: unknown type name 'sighandler_t'
 sighandler_t *f;
 ^
configure:4187: $? = 1
configure: failed program was:
| /* confdefs.h */
| #define PACKAGE_NAME "mpe2"
| #define PACKAGE_TARNAME "mpe2"
| #define PACKAGE_VERSION "2.4.9b"
| #define PACKAGE_STRING "mpe2 2.4.9b"
| #define PACKAGE_BUGREPORT "wgropp@illinois.edu"
| #define PACKAGE_URL "http://www.mcs.anl.gov/research/projects/perfvis/software/MPE/"
| #define STDC_HEADERS 1
| #define HAVE_SYSINFO 1
| #define HAVE_UNAME 1
| #define HAVE_GETHOSTBYNAME 1
| #define HAVE_SYS_TYPES_H 1
| #define HAVE_SYS_STAT_H 1
| #define HAVE_STDLIB_H 1
| #define HAVE_STRING_H 1
| #define HAVE_MEMORY_H 1
| #define HAVE_STRINGS_H 1
| #define HAVE_INTTYPES_H 1
| #define HAVE_STDINT_H 1
| #define HAVE_UNISTD_H 1
| #define HAVE_UNISTD_H 1
| #define HAVE_STDLIB_H 1
| #define HAVE_STRING_H 1
| #define HAVE_NETDB_H 1
| #define HAVE_SYS_TYPES_H 1
| /* end confdefs.h.  */
| #include <signal.h>
| int
| main ()
| {
| sighandler_t *f;
|   ;
|   return 0;
| }
configure:4193: result: no
configure:4203: checking for kill
configure:4203: cc -o conftest  -DMPI_LINUX   conftest.c  >&5
configure:4203: $? = 0
configure:4203: result: yes
configure:4214: checking whether kill needs a declaration
configure:4231: cc -c  -DMPI_LINUX  conftest.c >&5
conftest.c: In function 'main':
conftest.c:32:7: error: too many arguments to function 'kill'
 int a=kill(1.0,27,1.0,"foo");
       ^
In file included from conftest.c:28:0:
/usr/include/signal.h:127:12: note: declared here
 extern int kill (__pid_t __pid, int __sig) __THROW;
            ^
configure:4231: $? = 1
configure: failed program was:
| /* confdefs.h */
| #define PACKAGE_NAME "mpe2"
| #define PACKAGE_TARNAME "mpe2"
| #define PACKAGE_VERSION "2.4.9b"
| #define PACKAGE_STRING "mpe2 2.4.9b"
| #define PACKAGE_BUGREPORT "wgropp@illinois.edu"
| #define PACKAGE_URL "http://www.mcs.anl.gov/research/projects/perfvis/software/MPE/"
| #define STDC_HEADERS 1
| #define HAVE_SYSINFO 1
| #define HAVE_UNAME 1
| #define HAVE_GETHOSTBYNAME 1
| #define HAVE_SYS_TYPES_H 1
| #define HAVE_SYS_STAT_H 1
| #define HAVE_STDLIB_H 1
| #define HAVE_STRING_H 1
| #define HAVE_MEMORY_H 1
| #define HAVE_STRINGS_H 1
| #define HAVE_INTTYPES_H 1
| #define HAVE_STDINT_H 1
| #define HAVE_UNISTD_H 1
| #define HAVE_UNISTD_H 1
| #define HAVE_STDLIB_H 1
| #define HAVE_STRING_H 1
| #define HAVE_NETDB_H 1
| #define HAVE_SYS_TYPES_H 1
| #define HAVE_KILL 1
| /* end confdefs.h.  */
| #include <signal.h>
| int
| main ()
| {
| int a=kill(1.0,27,1.0,"foo");
|   ;
|   return 0;
| }
configure:4238: result: no
configure:4294: creating ./config.status

## ---------------------- ##
## Running config.status. ##
## ---------------------- ##

This file was extended by mpe2 config.status 2.4.9b, which was
generated by GNU Autoconf 2.69.  Invocation command line was

  CONFIG_FILES    = 
  CONFIG_HEADERS  = 
  CONFIG_LINKS    = 
  CONFIG_COMMANDS = 
  $ ./config.status 

on SurfaceBook

config.status:840: creating Makefile
config.status:840: creating src/Makefile
config.status:840: creating src/dbxerr.c
config.status:840: creating mpe_misc_conf.h

## ---------------- ##
## Cache variables. ##
## ---------------- ##

ac_cv_build=x86_64-unknown-linux-gnu
ac_cv_c_compiler_gnu=yes
ac_cv_c_const=yes
ac_cv_env_CC_set=set
ac_cv_env_CC_value=cc
ac_cv_env_CFLAGS_set=
ac_cv_env_CFLAGS_value=
ac_cv_env_CPPFLAGS_set=
ac_cv_env_CPPFLAGS_value=
ac_cv_env_CPP_set=
ac_cv_env_CPP_value=
ac_cv_env_LDFLAGS_set=
ac_cv_env_LDFLAGS_value=
ac_cv_env_LIBS_set=
ac_cv_env_LIBS_value=
ac_cv_env_build_alias_set=
ac_cv_env_build_alias_value=
ac_cv_env_host_alias_set=
ac_cv_env_host_alias_value=
ac_cv_env_target_alias_set=
ac_cv_env_target_alias_value=
ac_cv_func_gethostbyname=yes
ac_cv_func_kill=yes
ac_cv_func_sysinfo=yes
ac_cv_func_uname=yes
ac_cv_header_inttypes_h=yes
ac_cv_header_memory_h=yes
ac_cv_header_netdb_h=yes
ac_cv_header_stdc=yes
ac_cv_header_stdint_h=yes
ac_cv_header_stdlib_h=yes
ac_cv_header_string_h=yes
ac_cv_header_strings_h=yes
ac_cv_header_sys_stat_h=yes
ac_cv_header_sys_systeminfo_h=no
ac_cv_header_sys_types_h=yes
ac_cv_header_unistd_h=yes
ac_cv_host=x86_64-unknown-linux-gnu
ac_cv_objext=o
ac_cv_path_EGREP='/bin/grep -E'
ac_cv_path_GDB_NAME=/usr/bin/gdb
ac_cv_path_GREP=/bin/grep
ac_cv_prog_AR=ar
ac_cv_prog_CPP='cc -E'
ac_cv_prog_ac_ct_CC=cc
ac_cv_prog_ac_ct_RANLIB=ranlib
ac_cv_prog_cc_c89=
ac_cv_prog_cc_cc_c_o=yes
ac_cv_prog_cc_g=yes
pac_cv_func_decl_kill=no

## ----------------- ##
## Output variables. ##
## ----------------- ##

AR='ar'
CC='cc'
CC_DOES_C_O='yes'
CFLAGS=' -DMPI_LINUX'
CLINKER='cc'
CPP='cc -E'
CPPFLAGS=''
CPRP='cp'
DBX_NAME=''
DEFS='-DHAVE_CONFIG_H'
ECHO_C=''
ECHO_N='-n'
ECHO_T=''
EGREP='/bin/grep -E'
EXEEXT=''
GDB_NAME='/usr/bin/gdb'
GREP='/bin/grep'
LDFLAGS=''
LIBOBJS=''
LIBS=''
LTLIBOBJS=''
MAKE='make --no-print-directory'
MKDIR='mkdir'
MPEDBG='no'
MPE_BUILD_FORTRAN2C='no'
MPI_CC='/usr/bin/mpicc'
MPI_CFLAGS='-I/usr/lib/openmpi/include  -DMPI_LINUX'
MPI_IMPL='UserSupplied'
MPI_LIBS='-L/usr/lib/openmpi/lib -lmpi'
MV='mv'
OBJEXT='o'
PACKAGE_BUGREPORT='wgropp@illinois.edu'
PACKAGE_NAME='mpe2'
PACKAGE_STRING='mpe2 2.4.9b'
PACKAGE_TARNAME='mpe2'
PACKAGE_URL='http://www.mcs.anl.gov/research/projects/perfvis/software/MPE/'
PACKAGE_VERSION='2.4.9b'
PATH_SEPARATOR=':'
PROF_LIBNAME='mpe'
RANLIB='ranlib'
RM='rm'
SHELL='/bin/bash'
VPATH='VPATH=.:$(srcdir)'
ac_ct_CC='cc'
binbuild_dir='/home/liw/CMDA3634/Lecture/L10e/mpe2-2.4.9b/bin'
bindir='${exec_prefix}/bin'
build='x86_64-unknown-linux-gnu'
build_alias=''
build_cpu='x86_64'
build_os='linux-gnu'
build_vendor='unknown'
datadir='${datarootdir}'
datarootdir='${prefix}/share'
docdir='${datarootdir}/doc/${PACKAGE_TARNAME}'
dvidir='${docdir}'
exec_prefix='${prefix}'
host='linux'
host_alias=''
host_cpu='x86_64'
host_os='linux-gnu'
host_vendor='unknown'
htmldir='${docdir}'
includebuild_dir='/home/liw/CMDA3634/Lecture/L10e/mpe2-2.4.9b/include'
includedir='${prefix}/include'
infodir='${datarootdir}/info'
libbuild_dir='/home/liw/CMDA3634/Lecture/L10e/mpe2-2.4.9b/lib'
libdir='${exec_prefix}/lib'
libexecdir='${exec_prefix}/libexec'
localedir='${datarootdir}/locale'
localstatedir='${prefix}/var'
mandir='${datarootdir}/man'
oldincludedir='/usr/include'
pdfdir='${docdir}'
prefix='/usr/local'
program_transform_name='s,x,x,'
psdir='${docdir}'
sbindir='${exec_prefix}/sbin'
sharedstatedir='${prefix}/com'
sysconfdir='${prefix}/etc'
target_alias=''
top_srcdir_abs='/home/liw/CMDA3634/Lecture/L10e/mpe2-2.4.9b/src/misc'

## ----------- ##
## confdefs.h. ##
## ----------- ##

/* confdefs.h */
#define PACKAGE_NAME "mpe2"
#define PACKAGE_TARNAME "mpe2"
#define PACKAGE_VERSION "2.4.9b"
#define PACKAGE_STRING "mpe2 2.4.9b"
#define PACKAGE_BUGREPORT "wgropp@illinois.edu"
#define PACKAGE_URL "http://www.mcs.anl.gov/research/projects/perfvis/software/MPE/"
#define STDC_HEADERS 1
#define HAVE_SYSINFO 1
#define HAVE_UNAME 1
#define HAVE_GETHOSTBYNAME 1
#define HAVE_SYS_TYPES_H 1
#define HAVE_SYS_STAT_H 1
#define HAVE_STDLIB_H 1
#define HAVE_STRING_H 1
#define HAVE_MEMORY_H 1
#define HAVE_STRINGS_H 1
#define HAVE_INTTYPES_H 1
#define HAVE_STDINT_H 1
#define HAVE_UNISTD_H 1
#define HAVE_UNISTD_H 1
#define HAVE_STDLIB_H 1
#define HAVE_STRING_H 1
#define HAVE_NETDB_H 1
#define HAVE_SYS_TYPES_H 1
#define HAVE_KILL 1

configure: exit 0
