This file contains any messages produced by compilers while
running configure, to aid debugging if configure makes a mistake.

It was created by mpe2 configure 2.4.9b, which was
generated by GNU Autoconf 2.69.  Invocation command line was

  $ ./configure --with-mpilibs=-L/usr/lib/openmpi/lib -lmpi --with-mpiinc=-I/usr/lib/openmpi/include --with-mpicc=/usr/bin/mpicc --disable-f77

## --------- ##
## Platform. ##
## --------- ##

hostname = SurfaceBook
uname -m = x86_64
uname -r = 4.4.0-43-Microsoft
uname -s = Linux
uname -v = #1-Microsoft Wed Dec 31 14:42:53 PST 2014

/usr/bin/uname -p = unknown
/bin/uname -X     = unknown

/bin/arch              = unknown
/usr/bin/arch -k       = unknown
/usr/convex/getsysinfo = unknown
/usr/bin/hostinfo      = unknown
/bin/machine           = unknown
/usr/bin/oslevel       = unknown
/bin/universe          = unknown

PATH: /home/liw/bin
PATH: /home/liw/.local/bin
PATH: /usr/local/sbin
PATH: /usr/local/bin
PATH: /usr/sbin
PATH: /usr/bin
PATH: /sbin
PATH: /bin
PATH: /usr/games
PATH: /usr/local/games
PATH: /mnt/c/ProgramData/Oracle/Java/javapath_target_302344093
PATH: /mnt/c/Windows/System32
PATH: /mnt/c/Windows
PATH: /mnt/c/Windows/System32/wbem
PATH: /mnt/c/Windows/System32/WindowsPowerShell/v1.0
PATH: /mnt/c/Program Files (x86)/NVIDIA Corporation/PhysX/Common
PATH: /mnt/c/Users/liwei/AppData/Local/Microsoft/WindowsApps
PATH: /mnt/c/Program Files/Bandizip
PATH: /snap/bin


## ----------- ##
## Core tests. ##
## ----------- ##

configure:2210: checking for current directory name
configure:2257: result: /home/liw/CMDA3634/Lecture/L10e/mpe2-2.4.9b
configure:2299: checking gnumake
configure:2314: result: yes using --no-print-directory
configure:2328: checking BSD 4.4 make
configure:2348: result: no - whew
configure:2354: checking OSF V3 make
configure:2373: result: no
configure:2380: checking for virtual path format
configure:2395: result: VPATH
configure:2489: result: User supplied MPI implmentation (Good Luck!)
configure:2629: checking for leftover Makefiles in subpackages 
configure:2647: result:  "src/misc" cleaned 
configure:2934: checking for gcc
configure:2961: result: cc
configure:3190: checking for C compiler version
configure:3199: cc --version >&5
cc (Ubuntu 5.4.0-6ubuntu1~16.04.6) 5.4.0 20160609
Copyright (C) 2015 Free Software Foundation, Inc.
This is free software; see the source for copying conditions.  There is NO
warranty; not even for MERCHANTABILITY or FITNESS FOR A PARTICULAR PURPOSE.

configure:3210: $? = 0
configure:3199: cc -v >&5
Using built-in specs.
COLLECT_GCC=cc
COLLECT_LTO_WRAPPER=/usr/lib/gcc/x86_64-linux-gnu/5/lto-wrapper
Target: x86_64-linux-gnu
Configured with: ../src/configure -v --with-pkgversion='Ubuntu 5.4.0-6ubuntu1~16.04.6' --with-bugurl=file:///usr/share/doc/gcc-5/README.Bugs --enable-languages=c,ada,c++,java,go,d,fortran,objc,obj-c++ --prefix=/usr --program-suffix=-5 --enable-shared --enable-linker-build-id --libexecdir=/usr/lib --without-included-gettext --enable-threads=posix --libdir=/usr/lib --enable-nls --with-sysroot=/ --enable-clocale=gnu --enable-libstdcxx-debug --enable-libstdcxx-time=yes --with-default-libstdcxx-abi=new --enable-gnu-unique-object --disable-vtable-verify --enable-libmpx --enable-plugin --with-system-zlib --disable-browser-plugin --enable-java-awt=gtk --enable-gtk-cairo --with-java-home=/usr/lib/jvm/java-1.5.0-gcj-5-amd64/jre --enable-java-home --with-jvm-root-dir=/usr/lib/jvm/java-1.5.0-gcj-5-amd64 --with-jvm-jar-dir=/usr/lib/jvm-exports/java-1.5.0-gcj-5-amd64 --with-arch-directory=amd64 --with-ecj-jar=/usr/share/java/eclipse-ecj.jar --enable-objc-gc --enable-multiarch --disable-werror --with-arch-32=i686 --with-abi=m64 --with-multilib-list=m32,m64,mx32 --enable-multilib --with-tune=generic --enable-checking=release --build=x86_64-linux-gnu --host=x86_64-linux-gnu --target=x86_64-linux-gnu
Thread model: posix
gcc version 5.4.0 20160609 (Ubuntu 5.4.0-6ubuntu1~16.04.6) 
configure:3210: $? = 0
configure:3199: cc -V >&5
cc: error: unrecognized command line option '-V'
cc: fatal error: no input files
compilation terminated.
configure:3210: $? = 1
configure:3199: cc -qversion >&5
cc: error: unrecognized command line option '-qversion'
cc: fatal error: no input files
compilation terminated.
configure:3210: $? = 1
configure:3230: checking whether the C compiler works
configure:3252: cc    conftest.c  >&5
configure:3256: $? = 0
configure:3304: result: yes
configure:3307: checking for C compiler default output file name
configure:3309: result: a.out
configure:3315: checking for suffix of executables
configure:3322: cc -o conftest    conftest.c  >&5
configure:3326: $? = 0
configure:3348: result: 
configure:3370: checking whether we are cross compiling
configure:3378: cc -o conftest    conftest.c  >&5
configure:3382: $? = 0
configure:3389: ./conftest
configure:3393: $? = 0
configure:3408: result: no
configure:3413: checking for suffix of object files
configure:3435: cc -c   conftest.c >&5
configure:3439: $? = 0
configure:3460: result: o
configure:3464: checking whether we are using the GNU C compiler
configure:3483: cc -c   conftest.c >&5
configure:3483: $? = 0
configure:3492: result: yes
configure:3501: checking whether cc accepts -g
configure:3521: cc -c -g  conftest.c >&5
configure:3521: $? = 0
configure:3562: result: yes
configure:3579: checking for cc option to accept ISO C89
configure:3642: cc  -c   conftest.c >&5
configure:3642: $? = 0
configure:3655: result: none needed
configure:3912: checking whether MPI_CC has been set 
configure:3917: result: /usr/bin/mpicc 
configure:4155: checking for the linkage of the supplied MPI C definitions 
configure:4205: /usr/bin/mpicc -o conftest -I/usr/lib/openmpi/include    conftest.c -L/usr/lib/openmpi/lib -lmpi >&5
configure:4205: $? = 0
configure:4228: result: yes
configure:5911: checking how to run the C preprocessor
configure:5942: cc -E  conftest.c
configure:5942: $? = 0
configure:5956: cc -E  conftest.c
conftest.c:9:28: fatal error: ac_nonexistent.h: No such file or directory
compilation terminated.
configure:5956: $? = 1
configure: failed program was:
| /* confdefs.h */
| #define PACKAGE_NAME "mpe2"
| #define PACKAGE_TARNAME "mpe2"
| #define PACKAGE_VERSION "2.4.9b"
| #define PACKAGE_STRING "mpe2 2.4.9b"
| #define PACKAGE_BUGREPORT "wgropp@illinois.edu"
| #define PACKAGE_URL "http://www.mcs.anl.gov/research/projects/perfvis/software/MPE/"
| /* end confdefs.h.  */
| #include <ac_nonexistent.h>
configure:5981: result: cc -E
configure:6001: cc -E  conftest.c
configure:6001: $? = 0
configure:6015: cc -E  conftest.c
conftest.c:9:28: fatal error: ac_nonexistent.h: No such file or directory
compilation terminated.
configure:6015: $? = 1
configure: failed program was:
| /* confdefs.h */
| #define PACKAGE_NAME "mpe2"
| #define PACKAGE_TARNAME "mpe2"
| #define PACKAGE_VERSION "2.4.9b"
| #define PACKAGE_STRING "mpe2 2.4.9b"
| #define PACKAGE_BUGREPORT "wgropp@illinois.edu"
| #define PACKAGE_URL "http://www.mcs.anl.gov/research/projects/perfvis/software/MPE/"
| /* end confdefs.h.  */
| #include <ac_nonexistent.h>
configure:6047: checking whether ln -s works
configure:6051: result: yes
configure:6073: checking for a BSD-compatible install
configure:6141: result: /usr/bin/install -c
configure:6161: checking whether install works
configure:6169: result: yes
configure:6223: checking for ranlib
configure:6239: found /usr/bin/ranlib
configure:6250: result: ranlib
configure:6273: checking whether install breaks libraries
configure:6314: result: no
configure:6510: creating ./config.status

## ---------------------- ##
## Running config.status. ##
## ---------------------- ##

This file was extended by mpe2 config.status 2.4.9b, which was
generated by GNU Autoconf 2.69.  Invocation command line was

  CONFIG_FILES    = 
  CONFIG_HEADERS  = 
  CONFIG_LINKS    = 
  CONFIG_COMMANDS = 
  $ ./config.status 

on SurfaceBook

config.status:860: creating Makefile
config.status:860: creating sbin/mpetestlink
config.status:860: creating sbin/mpetestexec
config.status:860: creating sbin/mpetestexeclog
config.status:860: creating sbin/mpeinstall
config.status:860: creating sbin/mpecheckinstall
config.status:963: WARNING:  'sbin/mpecheckinstall.in' seems to ignore the --datarootdir setting
config.status:860: creating sbin/mpecheckbuild
config.status:860: creating etc/mpe_help.conf
config.status:860: creating etc/mpe_f77env.conf
config.status:860: creating bin/mpecc
config.status:860: creating mpe_conf.h
config.status:1049: executing default-1 commands
configure:7793: === configuring in src/misc (/home/liw/CMDA3634/Lecture/L10e/mpe2-2.4.9b/src/misc)
configure:7856: running /bin/bash ./configure --disable-option-checking '--prefix=/usr/local'  '--with-mpilibs=-L/usr/lib/openmpi/lib -lmpi' '--with-mpiinc=-I/usr/lib/openmpi/include' '--with-mpicc=/usr/bin/mpicc' '--disable-f77' --cache-file=/dev/null --srcdir=.
configure:7793: === configuring in src/callstack (/home/liw/CMDA3634/Lecture/L10e/mpe2-2.4.9b/src/callstack)
configure:7856: running /bin/bash ./configure --disable-option-checking '--prefix=/usr/local'  '--with-mpilibs=-L/usr/lib/openmpi/lib -lmpi' '--with-mpiinc=-I/usr/lib/openmpi/include' '--with-mpicc=/usr/bin/mpicc' '--disable-f77' --cache-file=/dev/null --srcdir=.
configure:7793: === configuring in src/logging (/home/liw/CMDA3634/Lecture/L10e/mpe2-2.4.9b/src/logging)
configure:7856: running /bin/bash ./configure --disable-option-checking '--prefix=/usr/local'  '--with-mpilibs=-L/usr/lib/openmpi/lib -lmpi' '--with-mpiinc=-I/usr/lib/openmpi/include' '--with-mpicc=/usr/bin/mpicc' '--disable-f77' --cache-file=/dev/null --srcdir=.
configure:7793: === configuring in src/wrappers (/home/liw/CMDA3634/Lecture/L10e/mpe2-2.4.9b/src/wrappers)
configure:7856: running /bin/bash ./configure --disable-option-checking '--prefix=/usr/local'  '--with-mpilibs=-L/usr/lib/openmpi/lib -lmpi' '--with-mpiinc=-I/usr/lib/openmpi/include' '--with-mpicc=/usr/bin/mpicc' '--disable-f77' --cache-file=/dev/null --srcdir=.
configure:7793: === configuring in src/graphics (/home/liw/CMDA3634/Lecture/L10e/mpe2-2.4.9b/src/graphics)
configure:7856: running /bin/bash ./configure --disable-option-checking '--prefix=/usr/local'  '--with-mpilibs=-L/usr/lib/openmpi/lib -lmpi' '--with-mpiinc=-I/usr/lib/openmpi/include' '--with-mpicc=/usr/bin/mpicc' '--disable-f77' --cache-file=/dev/null --srcdir=.
configure:7793: === configuring in src/collchk (/home/liw/CMDA3634/Lecture/L10e/mpe2-2.4.9b/src/collchk)
configure:7856: running /bin/bash ./configure --disable-option-checking '--prefix=/usr/local'  '--with-mpilibs=-L/usr/lib/openmpi/lib -lmpi' '--with-mpiinc=-I/usr/lib/openmpi/include' '--with-mpicc=/usr/bin/mpicc' '--disable-f77' --cache-file=/dev/null --srcdir=.
configure:7793: === configuring in src/slog2sdk (/home/liw/CMDA3634/Lecture/L10e/mpe2-2.4.9b/src/slog2sdk)
configure:7856: running /bin/bash ./configure --disable-option-checking '--prefix=/usr/local'  '--with-mpilibs=-L/usr/lib/openmpi/lib -lmpi' '--with-mpiinc=-I/usr/lib/openmpi/include' '--with-mpicc=/usr/bin/mpicc' '--disable-f77' --cache-file=/dev/null --srcdir=.
configure:7886: result: MPE2-2.4.9B:  "src/misc" "src/callstack" "src/logging" "src/wrappers" "src/graphics" "src/collchk" "src/slog2sdk" have been configured

## ---------------- ##
## Cache variables. ##
## ---------------- ##

ac_cv_c_compiler_gnu=yes
ac_cv_env_CC_set=
ac_cv_env_CC_value=
ac_cv_env_CFLAGS_set=
ac_cv_env_CFLAGS_value=
ac_cv_env_CPPFLAGS_set=
ac_cv_env_CPPFLAGS_value=
ac_cv_env_CPP_set=
ac_cv_env_CPP_value=
ac_cv_env_F77_set=
ac_cv_env_F77_value=
ac_cv_env_FFLAGS_set=
ac_cv_env_FFLAGS_value=
ac_cv_env_LDFLAGS_set=
ac_cv_env_LDFLAGS_value=
ac_cv_env_LIBS_set=
ac_cv_env_LIBS_value=
ac_cv_env_MPERUN_set=
ac_cv_env_MPERUN_value=
ac_cv_env_MPI_CC_set=
ac_cv_env_MPI_CC_value=
ac_cv_env_MPI_CFLAGS_set=
ac_cv_env_MPI_CFLAGS_value=
ac_cv_env_MPI_F77_set=
ac_cv_env_MPI_F77_value=
ac_cv_env_MPI_FFLAGS_set=
ac_cv_env_MPI_FFLAGS_value=
ac_cv_env_MPI_INC_set=
ac_cv_env_MPI_INC_value=
ac_cv_env_MPI_LIBS_set=
ac_cv_env_MPI_LIBS_value=
ac_cv_env_build_alias_set=
ac_cv_env_build_alias_value=
ac_cv_env_host_alias_set=
ac_cv_env_host_alias_value=
ac_cv_env_target_alias_set=
ac_cv_env_target_alias_value=
ac_cv_objext=o
ac_cv_path_install='/usr/bin/install -c'
ac_cv_prog_CPP='cc -E'
ac_cv_prog_ac_ct_CC=cc
ac_cv_prog_ac_ct_RANLIB=ranlib
ac_cv_prog_cc_c89=
ac_cv_prog_cc_g=yes
ac_cv_prog_install_breaks_libs=no

## ----------------- ##
## Output variables. ##
## ----------------- ##

CC='cc'
CFLAGS=''
CLINKER='cc'
CPP='cc -E'
CPPFLAGS=''
CPRP='cp'
DEFS='-DHAVE_CONFIG_H'
ECHO_C=''
ECHO_N='-n'
ECHO_T=''
EXEEXT=''
F77='f77'
F77_INCDIR=''
F77_LIBDIR_LEADER=''
F77_NAME_MANGLE=''
F77_OTHER_LIBS=''
FFLAGS=''
FILE=''
FLIBS=''
FLINKER='f77'
INSTALL_DATA='${INSTALL} -m 644'
INSTALL_PROGRAM='${INSTALL}'
INSTALL_SCRIPT='${INSTALL}'
LDFLAGS=''
LIBOBJS=''
LIBS=''
LN_S='ln -s'
LTLIBOBJS=''
MAINTAINER_MODE_TRUE='#'
MAKE='make --no-print-directory'
MKDIR='mkdir'
MPERUN=''
MPE_BUILD_FORTRAN2C='no'
MPE_CFLAGS=''
MPE_CLINKER='/home/liw/CMDA3634/Lecture/L10e/mpe2-2.4.9b/bin/mpecc -'
MPE_FFLAGS=''
MPE_FLINKER='/home/liw/CMDA3634/Lecture/L10e/mpe2-2.4.9b/bin/mpefc -'
MPE_LIBNAME='mpe'
MPI_CC='/usr/bin/mpicc'
MPI_CFLAGS='-I/usr/lib/openmpi/include '
MPI_F77=''
MPI_FFLAGS='-I/usr/lib/openmpi/include '
MPI_IMPL='UserSupplied'
MPI_INC='-I/usr/lib/openmpi/include'
MPI_LIBS='-L/usr/lib/openmpi/lib -lmpi'
MV='mv'
OBJEXT='o'
PACKAGE_BUGREPORT='wgropp@illinois.edu'
PACKAGE_NAME='mpe2'
PACKAGE_STRING='mpe2 2.4.9b'
PACKAGE_TARNAME='mpe2'
PACKAGE_URL='http://www.mcs.anl.gov/research/projects/perfvis/software/MPE/'
PACKAGE_VERSION='2.4.9b'
PATH_SEPARATOR=':'
RANLIB='ranlib'
RANLIB_AFTER_INSTALL='no'
RM='rm'
SHELL='/bin/bash'
VPATH='VPATH=.:$(srcdir)'
ac_ct_CC='cc'
ac_ct_F77=''
binbuild_dir='/home/liw/CMDA3634/Lecture/L10e/mpe2-2.4.9b/bin'
bindir='${exec_prefix}/bin'
build=''
build_alias=''
build_cpu=''
build_os=''
build_vendor=''
datadir='${datarootdir}'
datarootdir='${prefix}/share'
docdir='${datarootdir}/doc/${PACKAGE_TARNAME}'
dvidir='${docdir}'
etcbuild_dir='/home/liw/CMDA3634/Lecture/L10e/mpe2-2.4.9b/etc'
exec_prefix='${prefix}'
host=''
host_alias=''
host_cpu=''
host_os=''
host_vendor=''
htmldir='${docdir}'
includebuild_dir='/home/liw/CMDA3634/Lecture/L10e/mpe2-2.4.9b/include'
includedir='${prefix}/include'
infodir='${datarootdir}/info'
libbuild_dir='/home/liw/CMDA3634/Lecture/L10e/mpe2-2.4.9b/lib'
libdir='${exec_prefix}/lib'
libexecdir='${exec_prefix}/libexec'
localedir='${datarootdir}/locale'
localstatedir='${prefix}/var'
mandir='${datarootdir}/man'
oldincludedir='/usr/include'
pdfdir='${docdir}'
prefix='/usr/local'
program_transform_name='s,x,x,'
psdir='${docdir}'
sbinbuild_dir='/home/liw/CMDA3634/Lecture/L10e/mpe2-2.4.9b/sbin'
sbindir='${exec_prefix}/sbin'
sharedstatedir='${prefix}/com'
subdirs=' src/misc src/callstack src/logging src/wrappers src/graphics src/collchk src/slog2sdk'
sysconfdir='${prefix}/etc'
target_alias=''
top_srcdir_abs='/home/liw/CMDA3634/Lecture/L10e/mpe2-2.4.9b'

## ----------- ##
## confdefs.h. ##
## ----------- ##

/* confdefs.h */
#define PACKAGE_NAME "mpe2"
#define PACKAGE_TARNAME "mpe2"
#define PACKAGE_VERSION "2.4.9b"
#define PACKAGE_STRING "mpe2 2.4.9b"
#define PACKAGE_BUGREPORT "wgropp@illinois.edu"
#define PACKAGE_URL "http://www.mcs.anl.gov/research/projects/perfvis/software/MPE/"

configure: exit 0
