This file contains any messages produced by compilers while
running configure, to aid debugging if configure makes a mistake.

It was created by configure, which was
generated by GNU Autoconf 2.69.  Invocation command line was

  $ ./configure --disable-option-checking --prefix=/usr/local --with-mpilibs=-L/usr/lib/openmpi/lib -lmpi --with-mpiinc=-I/usr/lib/openmpi/include --with-mpicc=/usr/bin/mpicc --disable-f77 --cache-file=/dev/null --srcdir=.

## --------- ##
## Platform. ##
## --------- ##

hostname = SurfaceBook
uname -m = x86_64
uname -r = 4.4.0-43-Microsoft
uname -s = Linux
uname -v = #1-Microsoft Wed Dec 31 14:42:53 PST 2014

/usr/bin/uname -p = unknown
/bin/uname -X     = unknown

/bin/arch              = unknown
/usr/bin/arch -k       = unknown
/usr/convex/getsysinfo = unknown
/usr/bin/hostinfo      = unknown
/bin/machine           = unknown
/usr/bin/oslevel       = unknown
/bin/universe          = unknown

PATH: /home/liw/bin
PATH: /home/liw/.local/bin
PATH: /usr/local/sbin
PATH: /usr/local/bin
PATH: /usr/sbin
PATH: /usr/bin
PATH: /sbin
PATH: /bin
PATH: /usr/games
PATH: /usr/local/games
PATH: /mnt/c/ProgramData/Oracle/Java/javapath_target_302344093
PATH: /mnt/c/Windows/System32
PATH: /mnt/c/Windows
PATH: /mnt/c/Windows/System32/wbem
PATH: /mnt/c/Windows/System32/WindowsPowerShell/v1.0
PATH: /mnt/c/Program Files (x86)/NVIDIA Corporation/PhysX/Common
PATH: /mnt/c/Users/liwei/AppData/Local/Microsoft/WindowsApps
PATH: /mnt/c/Program Files/Bandizip
PATH: /snap/bin


## ----------- ##
## Core tests. ##
## ----------- ##

configure:2104: checking for current directory name
configure:2151: result: /home/liw/CMDA3634/Lecture/L10e/mpe2-2.4.9b/src/callstack
configure:2186: checking gnumake
configure:2201: result: yes using --no-print-directory
configure:2215: checking BSD 4.4 make
configure:2235: result: no - whew
configure:2241: checking OSF V3 make
configure:2260: result: no
configure:2267: checking for virtual path format
configure:2282: result: VPATH
configure:2405: checking for gcc
configure:2432: result: cc
configure:2661: checking for C compiler version
configure:2670: cc --version >&5
cc (Ubuntu 5.4.0-6ubuntu1~16.04.6) 5.4.0 20160609
Copyright (C) 2015 Free Software Foundation, Inc.
This is free software; see the source for copying conditions.  There is NO
warranty; not even for MERCHANTABILITY or FITNESS FOR A PARTICULAR PURPOSE.

configure:2681: $? = 0
configure:2670: cc -v >&5
Using built-in specs.
COLLECT_GCC=cc
COLLECT_LTO_WRAPPER=/usr/lib/gcc/x86_64-linux-gnu/5/lto-wrapper
Target: x86_64-linux-gnu
Configured with: ../src/configure -v --with-pkgversion='Ubuntu 5.4.0-6ubuntu1~16.04.6' --with-bugurl=file:///usr/share/doc/gcc-5/README.Bugs --enable-languages=c,ada,c++,java,go,d,fortran,objc,obj-c++ --prefix=/usr --program-suffix=-5 --enable-shared --enable-linker-build-id --libexecdir=/usr/lib --without-included-gettext --enable-threads=posix --libdir=/usr/lib --enable-nls --with-sysroot=/ --enable-clocale=gnu --enable-libstdcxx-debug --enable-libstdcxx-time=yes --with-default-libstdcxx-abi=new --enable-gnu-unique-object --disable-vtable-verify --enable-libmpx --enable-plugin --with-system-zlib --disable-browser-plugin --enable-java-awt=gtk --enable-gtk-cairo --with-java-home=/usr/lib/jvm/java-1.5.0-gcj-5-amd64/jre --enable-java-home --with-jvm-root-dir=/usr/lib/jvm/java-1.5.0-gcj-5-amd64 --with-jvm-jar-dir=/usr/lib/jvm-exports/java-1.5.0-gcj-5-amd64 --with-arch-directory=amd64 --with-ecj-jar=/usr/share/java/eclipse-ecj.jar --enable-objc-gc --enable-multiarch --disable-werror --with-arch-32=i686 --with-abi=m64 --with-multilib-list=m32,m64,mx32 --enable-multilib --with-tune=generic --enable-checking=release --build=x86_64-linux-gnu --host=x86_64-linux-gnu --target=x86_64-linux-gnu
Thread model: posix
gcc version 5.4.0 20160609 (Ubuntu 5.4.0-6ubuntu1~16.04.6) 
configure:2681: $? = 0
configure:2670: cc -V >&5
cc: error: unrecognized command line option '-V'
cc: fatal error: no input files
compilation terminated.
configure:2681: $? = 1
configure:2670: cc -qversion >&5
cc: error: unrecognized command line option '-qversion'
cc: fatal error: no input files
compilation terminated.
configure:2681: $? = 1
configure:2701: checking whether the C compiler works
configure:2723: cc    conftest.c  >&5
configure:2727: $? = 0
configure:2775: result: yes
configure:2778: checking for C compiler default output file name
configure:2780: result: a.out
configure:2786: checking for suffix of executables
configure:2793: cc -o conftest    conftest.c  >&5
configure:2797: $? = 0
configure:2819: result: 
configure:2841: checking whether we are cross compiling
configure:2849: cc -o conftest    conftest.c  >&5
configure:2853: $? = 0
configure:2860: ./conftest
configure:2864: $? = 0
configure:2879: result: no
configure:2884: checking for suffix of object files
configure:2906: cc -c   conftest.c >&5
configure:2910: $? = 0
configure:2931: result: o
configure:2935: checking whether we are using the GNU C compiler
configure:2954: cc -c   conftest.c >&5
configure:2954: $? = 0
configure:2963: result: yes
configure:2972: checking whether cc accepts -g
configure:2992: cc -c -g  conftest.c >&5
configure:2992: $? = 0
configure:3033: result: yes
configure:3050: checking for cc option to accept ISO C89
configure:3113: cc  -c   conftest.c >&5
configure:3113: $? = 0
configure:3126: result: none needed
configure:3150: checking for ar
configure:3166: found /usr/bin/ar
configure:3178: result: ar
configure:3229: checking for ranlib
configure:3245: found /usr/bin/ranlib
configure:3256: result: ranlib
configure:3283: checking whether cc understands -c and -o together
configure:3311: cc -c conftest.c -o conftest2.o >&5
configure:3315: $? = 0
configure:3321: cc -c conftest.c -o conftest2.o >&5
configure:3325: $? = 0
configure:3380: result: yes
configure:3399: checking how to run the C preprocessor
configure:3430: cc -E  conftest.c
configure:3430: $? = 0
configure:3444: cc -E  conftest.c
conftest.c:9:28: fatal error: ac_nonexistent.h: No such file or directory
compilation terminated.
configure:3444: $? = 1
configure: failed program was:
| /* confdefs.h */
| #define PACKAGE_NAME ""
| #define PACKAGE_TARNAME ""
| #define PACKAGE_VERSION ""
| #define PACKAGE_STRING ""
| #define PACKAGE_BUGREPORT ""
| #define PACKAGE_URL ""
| /* end confdefs.h.  */
| #include <ac_nonexistent.h>
configure:3469: result: cc -E
configure:3489: cc -E  conftest.c
configure:3489: $? = 0
configure:3503: cc -E  conftest.c
conftest.c:9:28: fatal error: ac_nonexistent.h: No such file or directory
compilation terminated.
configure:3503: $? = 1
configure: failed program was:
| /* confdefs.h */
| #define PACKAGE_NAME ""
| #define PACKAGE_TARNAME ""
| #define PACKAGE_VERSION ""
| #define PACKAGE_STRING ""
| #define PACKAGE_BUGREPORT ""
| #define PACKAGE_URL ""
| /* end confdefs.h.  */
| #include <ac_nonexistent.h>
configure:3537: checking for grep that handles long lines and -e
configure:3595: result: /bin/grep
configure:3600: checking for egrep
configure:3662: result: /bin/grep -E
configure:3667: checking for ANSI C header files
configure:3687: cc -c   conftest.c >&5
configure:3687: $? = 0
configure:3760: cc -o conftest    conftest.c  >&5
configure:3760: $? = 0
configure:3760: ./conftest
configure:3760: $? = 0
configure:3771: result: yes
configure:3780: checking for an ANSI C-conforming const
configure:3846: cc -c   conftest.c >&5
configure:3846: $? = 0
configure:3853: result: yes
configure:3861: checking for inline
configure:3877: cc -c   conftest.c >&5
configure:3877: $? = 0
configure:3885: result: inline
configure:3909: checking for sys/types.h
configure:3909: cc -c   conftest.c >&5
configure:3909: $? = 0
configure:3909: result: yes
configure:3909: checking for sys/stat.h
configure:3909: cc -c   conftest.c >&5
configure:3909: $? = 0
configure:3909: result: yes
configure:3909: checking for stdlib.h
configure:3909: cc -c   conftest.c >&5
configure:3909: $? = 0
configure:3909: result: yes
configure:3909: checking for string.h
configure:3909: cc -c   conftest.c >&5
configure:3909: $? = 0
configure:3909: result: yes
configure:3909: checking for memory.h
configure:3909: cc -c   conftest.c >&5
configure:3909: $? = 0
configure:3909: result: yes
configure:3909: checking for strings.h
configure:3909: cc -c   conftest.c >&5
configure:3909: $? = 0
configure:3909: result: yes
configure:3909: checking for inttypes.h
configure:3909: cc -c   conftest.c >&5
configure:3909: $? = 0
configure:3909: result: yes
configure:3909: checking for stdint.h
configure:3909: cc -c   conftest.c >&5
configure:3909: $? = 0
configure:3909: result: yes
configure:3909: checking for unistd.h
configure:3909: cc -c   conftest.c >&5
configure:3909: $? = 0
configure:3909: result: yes
configure:3924: checking stdio.h usability
configure:3924: cc -c   conftest.c >&5
configure:3924: $? = 0
configure:3924: result: yes
configure:3924: checking stdio.h presence
configure:3924: cc -E  conftest.c
configure:3924: $? = 0
configure:3924: result: yes
configure:3924: checking for stdio.h
configure:3924: result: yes
configure:3924: checking for string.h
configure:3924: result: yes
configure:3924: checking for unistd.h
configure:3924: result: yes
configure:3924: checking fcntl.h usability
configure:3924: cc -c   conftest.c >&5
configure:3924: $? = 0
configure:3924: result: yes
configure:3924: checking fcntl.h presence
configure:3924: cc -E  conftest.c
configure:3924: $? = 0
configure:3924: result: yes
configure:3924: checking for fcntl.h
configure:3924: result: yes
configure:3940: checking execinfo.h usability
configure:3940: cc -c   conftest.c >&5
configure:3940: $? = 0
configure:3940: result: yes
configure:3940: checking execinfo.h presence
configure:3940: cc -E  conftest.c
configure:3940: $? = 0
configure:3940: result: yes
configure:3940: checking for execinfo.h
configure:3940: result: yes
configure:3946: checking whether <execinfo.h> defines backtrace_symbols_fd() 
configure:3968: cc -c   conftest.c >&5
configure:3968: $? = 0
configure:3970: result: yes
configure:3973: checking if <execinfo.h> links with -Wl,--export-dynamic 
configure:3997: cc -o conftest    -Wl,--export-dynamic conftest.c  >&5
configure:3997: $? = 0
configure:3999: result: yes
configure:4117: checking for fdopen
configure:4117: cc -o conftest    -Wl,--export-dynamic conftest.c  >&5
configure:4117: $? = 0
configure:4117: result: yes
configure:4128: checking whether fdopen needs a declaration
configure:4145: cc -c   conftest.c >&5
conftest.c: In function 'main':
conftest.c:29:18: warning: passing argument 2 of 'fdopen' makes pointer from integer without a cast [-Wint-conversion]
 int a=fdopen(1.0,27,1.0,"foo");
                  ^
In file included from conftest.c:25:0:
/usr/include/stdio.h:306:14: note: expected 'const char *' but argument is of type 'int'
 extern FILE *fdopen (int __fd, const char *__modes) __THROW __wur;
              ^
conftest.c:29:7: error: too many arguments to function 'fdopen'
 int a=fdopen(1.0,27,1.0,"foo");
       ^
In file included from conftest.c:25:0:
/usr/include/stdio.h:306:14: note: declared here
 extern FILE *fdopen (int __fd, const char *__modes) __THROW __wur;
              ^
conftest.c:29:7: warning: initialization makes integer from pointer without a cast [-Wint-conversion]
 int a=fdopen(1.0,27,1.0,"foo");
       ^
configure:4145: $? = 1
configure: failed program was:
| /* confdefs.h */
| #define PACKAGE_NAME ""
| #define PACKAGE_TARNAME ""
| #define PACKAGE_VERSION ""
| #define PACKAGE_STRING ""
| #define PACKAGE_BUGREPORT ""
| #define PACKAGE_URL ""
| #define STDC_HEADERS 1
| #define HAVE_SYS_TYPES_H 1
| #define HAVE_SYS_STAT_H 1
| #define HAVE_STDLIB_H 1
| #define HAVE_STRING_H 1
| #define HAVE_MEMORY_H 1
| #define HAVE_STRINGS_H 1
| #define HAVE_INTTYPES_H 1
| #define HAVE_STDINT_H 1
| #define HAVE_UNISTD_H 1
| #define HAVE_STDIO_H 1
| #define HAVE_STRING_H 1
| #define HAVE_UNISTD_H 1
| #define HAVE_FCNTL_H 1
| #define HAVE_EXECINFO_H 1
| #define HAVE_FDOPEN 1
| /* end confdefs.h.  */
| #include <stdio.h>
| int
| main ()
| {
| int a=fdopen(1.0,27,1.0,"foo");
|   ;
|   return 0;
| }
configure:4152: result: no
configure:4208: creating ./config.status

## ---------------------- ##
## Running config.status. ##
## ---------------------- ##

This file was extended by config.status, which was
generated by GNU Autoconf 2.69.  Invocation command line was

  CONFIG_FILES    = 
  CONFIG_HEADERS  = 
  CONFIG_LINKS    = 
  CONFIG_COMMANDS = 
  $ ./config.status 

on SurfaceBook

config.status:842: creating Makefile
config.status:842: creating src/Makefile
config.status:842: creating include/mpe_callstack.h
config.status:842: creating etc/mpe_callstack_ldflags.conf
config.status:842: creating bin/bt2line
config.status:842: creating mpe_callstack_conf.h
config.status:1026: executing default-1 commands

## ---------------- ##
## Cache variables. ##
## ---------------- ##

ac_cv_c_compiler_gnu=yes
ac_cv_c_const=yes
ac_cv_c_inline=inline
ac_cv_env_CC_set=set
ac_cv_env_CC_value=cc
ac_cv_env_CFLAGS_set=
ac_cv_env_CFLAGS_value=
ac_cv_env_CPPFLAGS_set=
ac_cv_env_CPPFLAGS_value=
ac_cv_env_CPP_set=
ac_cv_env_CPP_value=
ac_cv_env_LDFLAGS_set=
ac_cv_env_LDFLAGS_value=
ac_cv_env_LIBS_set=
ac_cv_env_LIBS_value=
ac_cv_env_build_alias_set=
ac_cv_env_build_alias_value=
ac_cv_env_host_alias_set=
ac_cv_env_host_alias_value=
ac_cv_env_target_alias_set=
ac_cv_env_target_alias_value=
ac_cv_func_fdopen=yes
ac_cv_header_execinfo_h=yes
ac_cv_header_fcntl_h=yes
ac_cv_header_inttypes_h=yes
ac_cv_header_memory_h=yes
ac_cv_header_stdc=yes
ac_cv_header_stdint_h=yes
ac_cv_header_stdio_h=yes
ac_cv_header_stdlib_h=yes
ac_cv_header_string_h=yes
ac_cv_header_strings_h=yes
ac_cv_header_sys_stat_h=yes
ac_cv_header_sys_types_h=yes
ac_cv_header_unistd_h=yes
ac_cv_objext=o
ac_cv_path_EGREP='/bin/grep -E'
ac_cv_path_GREP=/bin/grep
ac_cv_prog_AR=ar
ac_cv_prog_CPP='cc -E'
ac_cv_prog_ac_ct_CC=cc
ac_cv_prog_ac_ct_RANLIB=ranlib
ac_cv_prog_cc_c89=
ac_cv_prog_cc_cc_c_o=yes
ac_cv_prog_cc_g=yes
pac_cv_func_decl_fdopen=no

## ----------------- ##
## Output variables. ##
## ----------------- ##

AR='ar'
CC='cc'
CC_DOES_C_O='yes'
CFLAGS=''
CLINKER='cc'
CPP='cc -E'
CPPFLAGS=''
CPRP='cp'
DEFS='-DHAVE_CONFIG_H'
ECHO_C=''
ECHO_N='-n'
ECHO_T=''
EGREP='/bin/grep -E'
EXEEXT=''
GREP='/bin/grep'
LDFLAGS=' -Wl,--export-dynamic'
LIBOBJS=''
LIBS=''
LTLIBOBJS=''
MAKE='make --no-print-directory'
MKDIR='mkdir'
MPE_BUILD_FORTRAN2C='no'
MPI_CC='/usr/bin/mpicc'
MPI_CFLAGS='-I/usr/lib/openmpi/include '
MPI_LIBS='-L/usr/lib/openmpi/lib -lmpi'
MV='mv'
OBJEXT='o'
PACKAGE_BUGREPORT=''
PACKAGE_NAME=''
PACKAGE_STRING=''
PACKAGE_TARNAME=''
PACKAGE_URL=''
PACKAGE_VERSION=''
PATH_SEPARATOR=':'
PROF_LIBNAME='mpe'
RANLIB='ranlib'
RM='rm'
SHELL='/bin/bash'
VPATH='VPATH=.:$(srcdir)'
ac_ct_CC='cc'
binbuild_dir='/home/liw/CMDA3634/Lecture/L10e/mpe2-2.4.9b/bin'
bindir='${exec_prefix}/bin'
build_alias=''
datadir='${datarootdir}'
datarootdir='${prefix}/share'
docdir='${datarootdir}/doc/${PACKAGE}'
dvidir='${docdir}'
etcbuild_dir='/home/liw/CMDA3634/Lecture/L10e/mpe2-2.4.9b/etc'
exec_prefix='${prefix}'
host_alias=''
htmldir='${docdir}'
includebuild_dir='/home/liw/CMDA3634/Lecture/L10e/mpe2-2.4.9b/include'
includedir='${prefix}/include'
infodir='${datarootdir}/info'
libbuild_dir='/home/liw/CMDA3634/Lecture/L10e/mpe2-2.4.9b/lib'
libdir='${exec_prefix}/lib'
libexecdir='${exec_prefix}/libexec'
localedir='${datarootdir}/locale'
localstatedir='${prefix}/var'
mandir='${datarootdir}/man'
mpe_callstack_impl_type='#define HAVE_BACKTRACE 1'
mpe_callstack_ldflags='-Wl,--export-dynamic'
mpe_callstack_string_h=''
mpe_callstack_unistd_h=''
oldincludedir='/usr/include'
pdfdir='${docdir}'
prefix='/usr/local'
program_transform_name='s,x,x,'
psdir='${docdir}'
sbindir='${exec_prefix}/sbin'
sharedstatedir='${prefix}/com'
sysconfdir='${prefix}/etc'
target_alias=''
top_srcdir_abs='/home/liw/CMDA3634/Lecture/L10e/mpe2-2.4.9b/src/callstack'

## ----------- ##
## confdefs.h. ##
## ----------- ##

/* confdefs.h */
#define PACKAGE_NAME ""
#define PACKAGE_TARNAME ""
#define PACKAGE_VERSION ""
#define PACKAGE_STRING ""
#define PACKAGE_BUGREPORT ""
#define PACKAGE_URL ""
#define STDC_HEADERS 1
#define HAVE_SYS_TYPES_H 1
#define HAVE_SYS_STAT_H 1
#define HAVE_STDLIB_H 1
#define HAVE_STRING_H 1
#define HAVE_MEMORY_H 1
#define HAVE_STRINGS_H 1
#define HAVE_INTTYPES_H 1
#define HAVE_STDINT_H 1
#define HAVE_UNISTD_H 1
#define HAVE_STDIO_H 1
#define HAVE_STRING_H 1
#define HAVE_UNISTD_H 1
#define HAVE_FCNTL_H 1
#define HAVE_EXECINFO_H 1
#define HAVE_FDOPEN 1

configure: exit 0
