This file contains any messages produced by compilers while
running configure, to aid debugging if configure makes a mistake.

It was created by configure, which was
generated by GNU Autoconf 2.69.  Invocation command line was

  $ ./configure --disable-option-checking --prefix=/usr/local --with-mpilibs=-L/usr/lib/openmpi/lib -lmpi --with-mpiinc=-I/usr/lib/openmpi/include --with-mpicc=/usr/bin/mpicc --disable-f77 --cache-file=/dev/null --srcdir=.

## --------- ##
## Platform. ##
## --------- ##

hostname = SurfaceBook
uname -m = x86_64
uname -r = 4.4.0-43-Microsoft
uname -s = Linux
uname -v = #1-Microsoft Wed Dec 31 14:42:53 PST 2014

/usr/bin/uname -p = unknown
/bin/uname -X     = unknown

/bin/arch              = unknown
/usr/bin/arch -k       = unknown
/usr/convex/getsysinfo = unknown
/usr/bin/hostinfo      = unknown
/bin/machine           = unknown
/usr/bin/oslevel       = unknown
/bin/universe          = unknown

PATH: /home/liw/bin
PATH: /home/liw/.local/bin
PATH: /usr/local/sbin
PATH: /usr/local/bin
PATH: /usr/sbin
PATH: /usr/bin
PATH: /sbin
PATH: /bin
PATH: /usr/games
PATH: /usr/local/games
PATH: /mnt/c/ProgramData/Oracle/Java/javapath_target_302344093
PATH: /mnt/c/Windows/System32
PATH: /mnt/c/Windows
PATH: /mnt/c/Windows/System32/wbem
PATH: /mnt/c/Windows/System32/WindowsPowerShell/v1.0
PATH: /mnt/c/Program Files (x86)/NVIDIA Corporation/PhysX/Common
PATH: /mnt/c/Users/liwei/AppData/Local/Microsoft/WindowsApps
PATH: /mnt/c/Program Files/Bandizip
PATH: /snap/bin


## ----------- ##
## Core tests. ##
## ----------- ##

configure:2437: checking for current directory name
configure:2481: result: /home/liw/CMDA3634/Lecture/L10e/mpe2-2.4.9b/src/slog2sdk/trace_rlog
configure:2544: checking gnumake
configure:2559: result: yes using --no-print-directory
configure:2573: checking BSD 4.4 make
configure:2593: result: no - whew
configure:2599: checking OSF V3 make
configure:2618: result: no
configure:2625: checking for virtual path format
configure:2640: result: VPATH
configure:2751: checking for gcc
configure:2778: result: cc
configure:3007: checking for C compiler version
configure:3016: cc --version >&5
cc (Ubuntu 5.4.0-6ubuntu1~16.04.6) 5.4.0 20160609
Copyright (C) 2015 Free Software Foundation, Inc.
This is free software; see the source for copying conditions.  There is NO
warranty; not even for MERCHANTABILITY or FITNESS FOR A PARTICULAR PURPOSE.

configure:3027: $? = 0
configure:3016: cc -v >&5
Using built-in specs.
COLLECT_GCC=cc
COLLECT_LTO_WRAPPER=/usr/lib/gcc/x86_64-linux-gnu/5/lto-wrapper
Target: x86_64-linux-gnu
Configured with: ../src/configure -v --with-pkgversion='Ubuntu 5.4.0-6ubuntu1~16.04.6' --with-bugurl=file:///usr/share/doc/gcc-5/README.Bugs --enable-languages=c,ada,c++,java,go,d,fortran,objc,obj-c++ --prefix=/usr --program-suffix=-5 --enable-shared --enable-linker-build-id --libexecdir=/usr/lib --without-included-gettext --enable-threads=posix --libdir=/usr/lib --enable-nls --with-sysroot=/ --enable-clocale=gnu --enable-libstdcxx-debug --enable-libstdcxx-time=yes --with-default-libstdcxx-abi=new --enable-gnu-unique-object --disable-vtable-verify --enable-libmpx --enable-plugin --with-system-zlib --disable-browser-plugin --enable-java-awt=gtk --enable-gtk-cairo --with-java-home=/usr/lib/jvm/java-1.5.0-gcj-5-amd64/jre --enable-java-home --with-jvm-root-dir=/usr/lib/jvm/java-1.5.0-gcj-5-amd64 --with-jvm-jar-dir=/usr/lib/jvm-exports/java-1.5.0-gcj-5-amd64 --with-arch-directory=amd64 --with-ecj-jar=/usr/share/java/eclipse-ecj.jar --enable-objc-gc --enable-multiarch --disable-werror --with-arch-32=i686 --with-abi=m64 --with-multilib-list=m32,m64,mx32 --enable-multilib --with-tune=generic --enable-checking=release --build=x86_64-linux-gnu --host=x86_64-linux-gnu --target=x86_64-linux-gnu
Thread model: posix
gcc version 5.4.0 20160609 (Ubuntu 5.4.0-6ubuntu1~16.04.6) 
configure:3027: $? = 0
configure:3016: cc -V >&5
cc: error: unrecognized command line option '-V'
cc: fatal error: no input files
compilation terminated.
configure:3027: $? = 1
configure:3016: cc -qversion >&5
cc: error: unrecognized command line option '-qversion'
cc: fatal error: no input files
compilation terminated.
configure:3027: $? = 1
configure:3047: checking whether the C compiler works
configure:3069: cc    conftest.c  >&5
configure:3073: $? = 0
configure:3121: result: yes
configure:3124: checking for C compiler default output file name
configure:3126: result: a.out
configure:3132: checking for suffix of executables
configure:3139: cc -o conftest    conftest.c  >&5
configure:3143: $? = 0
configure:3165: result: 
configure:3187: checking whether we are cross compiling
configure:3195: cc -o conftest    conftest.c  >&5
configure:3199: $? = 0
configure:3206: ./conftest
configure:3210: $? = 0
configure:3225: result: no
configure:3230: checking for suffix of object files
configure:3252: cc -c   conftest.c >&5
configure:3256: $? = 0
configure:3277: result: o
configure:3281: checking whether we are using the GNU C compiler
configure:3300: cc -c   conftest.c >&5
configure:3300: $? = 0
configure:3309: result: yes
configure:3318: checking whether cc accepts -g
configure:3338: cc -c -g  conftest.c >&5
configure:3338: $? = 0
configure:3379: result: yes
configure:3396: checking for cc option to accept ISO C89
configure:3459: cc  -c -g -O2  conftest.c >&5
configure:3459: $? = 0
configure:3472: result: none needed
configure:3498: checking how to run the C preprocessor
configure:3529: cc -E  conftest.c
configure:3529: $? = 0
configure:3543: cc -E  conftest.c
conftest.c:9:28: fatal error: ac_nonexistent.h: No such file or directory
compilation terminated.
configure:3543: $? = 1
configure: failed program was:
| /* confdefs.h */
| #define PACKAGE_NAME ""
| #define PACKAGE_TARNAME ""
| #define PACKAGE_VERSION ""
| #define PACKAGE_STRING ""
| #define PACKAGE_BUGREPORT ""
| #define PACKAGE_URL ""
| /* end confdefs.h.  */
| #include <ac_nonexistent.h>
configure:3568: result: cc -E
configure:3588: cc -E  conftest.c
configure:3588: $? = 0
configure:3602: cc -E  conftest.c
conftest.c:9:28: fatal error: ac_nonexistent.h: No such file or directory
compilation terminated.
configure:3602: $? = 1
configure: failed program was:
| /* confdefs.h */
| #define PACKAGE_NAME ""
| #define PACKAGE_TARNAME ""
| #define PACKAGE_VERSION ""
| #define PACKAGE_STRING ""
| #define PACKAGE_BUGREPORT ""
| #define PACKAGE_URL ""
| /* end confdefs.h.  */
| #include <ac_nonexistent.h>
configure:3631: checking for grep that handles long lines and -e
configure:3689: result: /bin/grep
configure:3694: checking for egrep
configure:3756: result: /bin/grep -E
configure:3761: checking for ANSI C header files
configure:3781: cc -c -g -O2  conftest.c >&5
configure:3781: $? = 0
configure:3854: cc -o conftest -g -O2   conftest.c  >&5
configure:3854: $? = 0
configure:3854: ./conftest
configure:3854: $? = 0
configure:3865: result: yes
configure:3878: checking for sys/types.h
configure:3878: cc -c -g -O2  conftest.c >&5
configure:3878: $? = 0
configure:3878: result: yes
configure:3878: checking for sys/stat.h
configure:3878: cc -c -g -O2  conftest.c >&5
configure:3878: $? = 0
configure:3878: result: yes
configure:3878: checking for stdlib.h
configure:3878: cc -c -g -O2  conftest.c >&5
configure:3878: $? = 0
configure:3878: result: yes
configure:3878: checking for string.h
configure:3878: cc -c -g -O2  conftest.c >&5
configure:3878: $? = 0
configure:3878: result: yes
configure:3878: checking for memory.h
configure:3878: cc -c -g -O2  conftest.c >&5
configure:3878: $? = 0
configure:3878: result: yes
configure:3878: checking for strings.h
configure:3878: cc -c -g -O2  conftest.c >&5
configure:3878: $? = 0
configure:3878: result: yes
configure:3878: checking for inttypes.h
configure:3878: cc -c -g -O2  conftest.c >&5
configure:3878: $? = 0
configure:3878: result: yes
configure:3878: checking for stdint.h
configure:3878: cc -c -g -O2  conftest.c >&5
configure:3878: $? = 0
configure:3878: result: yes
configure:3878: checking for unistd.h
configure:3878: cc -c -g -O2  conftest.c >&5
configure:3878: $? = 0
configure:3878: result: yes
configure:3893: checking for stdlib.h
configure:3893: result: yes
configure:3893: checking stdio.h usability
configure:3893: cc -c -g -O2  conftest.c >&5
configure:3893: $? = 0
configure:3893: result: yes
configure:3893: checking stdio.h presence
configure:3893: cc -E  conftest.c
configure:3893: $? = 0
configure:3893: result: yes
configure:3893: checking for stdio.h
configure:3893: result: yes
configure:3893: checking for string.h
configure:3893: result: yes
configure:3893: checking ctype.h usability
configure:3893: cc -c -g -O2  conftest.c >&5
configure:3893: $? = 0
configure:3893: result: yes
configure:3893: checking ctype.h presence
configure:3893: cc -E  conftest.c
configure:3893: $? = 0
configure:3893: result: yes
configure:3893: checking for ctype.h
configure:3893: result: yes
configure:3893: checking errno.h usability
configure:3893: cc -c -g -O2  conftest.c >&5
configure:3893: $? = 0
configure:3893: result: yes
configure:3893: checking errno.h presence
configure:3893: cc -E  conftest.c
configure:3893: $? = 0
configure:3893: result: yes
configure:3893: checking for errno.h
configure:3893: result: yes
configure:3903: checking for an ANSI C-conforming const
configure:3969: cc -c -g -O2  conftest.c >&5
configure:3969: $? = 0
configure:3976: result: yes
configure:3988: checking size of void *
configure:3993: cc -o conftest -g -O2   conftest.c  >&5
configure:3993: $? = 0
configure:3993: ./conftest
configure:3993: $? = 0
configure:4007: result: 8
configure:4021: checking size of int
configure:4026: cc -o conftest -g -O2   conftest.c  >&5
configure:4026: $? = 0
configure:4026: ./conftest
configure:4026: $? = 0
configure:4040: result: 4
configure:4054: checking size of long
configure:4059: cc -o conftest -g -O2   conftest.c  >&5
configure:4059: $? = 0
configure:4059: ./conftest
configure:4059: $? = 0
configure:4073: result: 8
configure:4087: checking size of long long
configure:4092: cc -o conftest -g -O2   conftest.c  >&5
configure:4092: $? = 0
configure:4092: ./conftest
configure:4092: $? = 0
configure:4106: result: 8
configure:4120: checking size of __int64
configure:4125: cc -o conftest -g -O2   conftest.c  >&5
conftest.c: In function 'longval':
conftest.c:61:57: error: '__int64' undeclared (first use in this function)
 static long int longval () { return (long int) (sizeof (__int64)); }
                                                         ^
conftest.c:61:57: note: each undeclared identifier is reported only once for each function it appears in
conftest.c: In function 'ulongval':
conftest.c:62:67: error: '__int64' undeclared (first use in this function)
 static unsigned long int ulongval () { return (long int) (sizeof (__int64)); }
                                                                   ^
conftest.c: In function 'main':
conftest.c:72:28: error: '__int64' undeclared (first use in this function)
   if (((long int) (sizeof (__int64))) < 0)
                            ^
configure:4125: $? = 1
configure: program exited with status 1
configure: failed program was:
| /* confdefs.h */
| #define PACKAGE_NAME ""
| #define PACKAGE_TARNAME ""
| #define PACKAGE_VERSION ""
| #define PACKAGE_STRING ""
| #define PACKAGE_BUGREPORT ""
| #define PACKAGE_URL ""
| #define STDC_HEADERS 1
| #define HAVE_SYS_TYPES_H 1
| #define HAVE_SYS_STAT_H 1
| #define HAVE_STDLIB_H 1
| #define HAVE_STRING_H 1
| #define HAVE_MEMORY_H 1
| #define HAVE_STRINGS_H 1
| #define HAVE_INTTYPES_H 1
| #define HAVE_STDINT_H 1
| #define HAVE_UNISTD_H 1
| #define HAVE_STDLIB_H 1
| #define HAVE_STDIO_H 1
| #define HAVE_STRING_H 1
| #define HAVE_CTYPE_H 1
| #define HAVE_ERRNO_H 1
| #define SIZEOF_VOID_P 8
| #define SIZEOF_INT 4
| #define SIZEOF_LONG 8
| #define SIZEOF_LONG_LONG 8
| /* end confdefs.h.  */
| #include <stdio.h>
| #ifdef HAVE_SYS_TYPES_H
| # include <sys/types.h>
| #endif
| #ifdef HAVE_SYS_STAT_H
| # include <sys/stat.h>
| #endif
| #ifdef STDC_HEADERS
| # include <stdlib.h>
| # include <stddef.h>
| #else
| # ifdef HAVE_STDLIB_H
| #  include <stdlib.h>
| # endif
| #endif
| #ifdef HAVE_STRING_H
| # if !defined STDC_HEADERS && defined HAVE_MEMORY_H
| #  include <memory.h>
| # endif
| # include <string.h>
| #endif
| #ifdef HAVE_STRINGS_H
| # include <strings.h>
| #endif
| #ifdef HAVE_INTTYPES_H
| # include <inttypes.h>
| #endif
| #ifdef HAVE_STDINT_H
| # include <stdint.h>
| #endif
| #ifdef HAVE_UNISTD_H
| # include <unistd.h>
| #endif
| static long int longval () { return (long int) (sizeof (__int64)); }
| static unsigned long int ulongval () { return (long int) (sizeof (__int64)); }
| #include <stdio.h>
| #include <stdlib.h>
| int
| main ()
| {
| 
|   FILE *f = fopen ("conftest.val", "w");
|   if (! f)
|     return 1;
|   if (((long int) (sizeof (__int64))) < 0)
|     {
|       long int i = longval ();
|       if (i != ((long int) (sizeof (__int64))))
| 	return 1;
|       fprintf (f, "%ld", i);
|     }
|   else
|     {
|       unsigned long int i = ulongval ();
|       if (i != ((long int) (sizeof (__int64))))
| 	return 1;
|       fprintf (f, "%lu", i);
|     }
|   /* Do not output a trailing newline, as this causes \r\n confusion
|      on some platforms.  */
|   return ferror (f) || fclose (f) != 0;
| 
|   ;
|   return 0;
| }
configure:4139: result: 0
configure:4180: checking whether byte ordering is bigendian
configure:4195: cc -c -g -O2  conftest.c >&5
conftest.c:30:9: error: unknown type name 'not'
         not a universal capable compiler
         ^
conftest.c:30:15: error: expected '=', ',', ';', 'asm' or '__attribute__' before 'universal'
         not a universal capable compiler
               ^
conftest.c:30:15: error: unknown type name 'universal'
configure:4195: $? = 1
configure: failed program was:
| /* confdefs.h */
| #define PACKAGE_NAME ""
| #define PACKAGE_TARNAME ""
| #define PACKAGE_VERSION ""
| #define PACKAGE_STRING ""
| #define PACKAGE_BUGREPORT ""
| #define PACKAGE_URL ""
| #define STDC_HEADERS 1
| #define HAVE_SYS_TYPES_H 1
| #define HAVE_SYS_STAT_H 1
| #define HAVE_STDLIB_H 1
| #define HAVE_STRING_H 1
| #define HAVE_MEMORY_H 1
| #define HAVE_STRINGS_H 1
| #define HAVE_INTTYPES_H 1
| #define HAVE_STDINT_H 1
| #define HAVE_UNISTD_H 1
| #define HAVE_STDLIB_H 1
| #define HAVE_STDIO_H 1
| #define HAVE_STRING_H 1
| #define HAVE_CTYPE_H 1
| #define HAVE_ERRNO_H 1
| #define SIZEOF_VOID_P 8
| #define SIZEOF_INT 4
| #define SIZEOF_LONG 8
| #define SIZEOF_LONG_LONG 8
| #define SIZEOF___INT64 0
| /* end confdefs.h.  */
| #ifndef __APPLE_CC__
| 	       not a universal capable compiler
| 	     #endif
| 	     typedef int dummy;
| 
configure:4240: cc -c -g -O2  conftest.c >&5
configure:4240: $? = 0
configure:4258: cc -c -g -O2  conftest.c >&5
conftest.c: In function 'main':
conftest.c:36:4: error: unknown type name 'not'
    not big endian
    ^
conftest.c:36:12: error: expected '=', ',', ';', 'asm' or '__attribute__' before 'endian'
    not big endian
            ^
configure:4258: $? = 1
configure: failed program was:
| /* confdefs.h */
| #define PACKAGE_NAME ""
| #define PACKAGE_TARNAME ""
| #define PACKAGE_VERSION ""
| #define PACKAGE_STRING ""
| #define PACKAGE_BUGREPORT ""
| #define PACKAGE_URL ""
| #define STDC_HEADERS 1
| #define HAVE_SYS_TYPES_H 1
| #define HAVE_SYS_STAT_H 1
| #define HAVE_STDLIB_H 1
| #define HAVE_STRING_H 1
| #define HAVE_MEMORY_H 1
| #define HAVE_STRINGS_H 1
| #define HAVE_INTTYPES_H 1
| #define HAVE_STDINT_H 1
| #define HAVE_UNISTD_H 1
| #define HAVE_STDLIB_H 1
| #define HAVE_STDIO_H 1
| #define HAVE_STRING_H 1
| #define HAVE_CTYPE_H 1
| #define HAVE_ERRNO_H 1
| #define SIZEOF_VOID_P 8
| #define SIZEOF_INT 4
| #define SIZEOF_LONG 8
| #define SIZEOF_LONG_LONG 8
| #define SIZEOF___INT64 0
| /* end confdefs.h.  */
| #include <sys/types.h>
| 		#include <sys/param.h>
| 
| int
| main ()
| {
| #if BYTE_ORDER != BIG_ENDIAN
| 		 not big endian
| 		#endif
| 
|   ;
|   return 0;
| }
configure:4386: result: no
configure:4411: checking build system type
configure:4425: result: x86_64-unknown-linux-gnu
configure:4445: checking host system type
configure:4458: result: x86_64-unknown-linux-gnu
configure:4841: checking for sed
configure:4857: found /bin/sed
configure:4869: result: sed
configure:4923: checking how to print strings
configure:4950: result: printf
configure:4971: checking for a sed that does not truncate output
configure:5035: result: sed
configure:5053: checking for fgrep
configure:5115: result: /bin/grep -F
configure:5150: checking for ld used by cc
configure:5217: result: /usr/bin/ld
configure:5224: checking if the linker (/usr/bin/ld) is GNU ld
configure:5239: result: yes
configure:5251: checking for BSD- or MS-compatible name lister (nm)
configure:5300: result: /usr/bin/nm -B
configure:5430: checking the name lister (/usr/bin/nm -B) interface
configure:5437: cc -c -g -O2  conftest.c >&5
configure:5440: /usr/bin/nm -B "conftest.o"
configure:5443: output
0000000000000000 B some_variable
configure:5450: result: BSD nm
configure:5453: checking whether ln -s works
configure:5457: result: yes
configure:5465: checking the maximum length of command line arguments
configure:5595: result: 1572864
configure:5612: checking whether the shell understands some XSI constructs
configure:5622: result: yes
configure:5626: checking whether the shell understands "+="
configure:5632: result: yes
configure:5667: checking how to convert x86_64-unknown-linux-gnu file names to x86_64-unknown-linux-gnu format
configure:5707: result: func_convert_file_noop
configure:5714: checking how to convert x86_64-unknown-linux-gnu file names to toolchain format
configure:5734: result: func_convert_file_noop
configure:5741: checking for /usr/bin/ld option to reload object files
configure:5748: result: -r
configure:5822: checking for objdump
configure:5849: result: objdump
configure:5878: checking how to recognize dependent libraries
configure:6080: result: pass_all
configure:6165: checking for dlltool
configure:6192: result: dlltool
configure:6222: checking how to associate runtime and link libraries
configure:6249: result: printf %s\n
configure:6309: checking for ar
configure:6325: found /usr/bin/ar
configure:6336: result: ar
configure:6373: checking for archiver @FILE support
configure:6390: cc -c -g -O2  conftest.c >&5
configure:6390: $? = 0
configure:6393: ar cru libconftest.a @conftest.lst >&5
ar: `u' modifier ignored since `D' is the default (see `U')
configure:6396: $? = 0
configure:6401: ar cru libconftest.a @conftest.lst >&5
ar: `u' modifier ignored since `D' is the default (see `U')
ar: conftest.o: No such file or directory
configure:6404: $? = 1
configure:6416: result: @
configure:6474: checking for strip
configure:6490: found /usr/bin/strip
configure:6501: result: strip
configure:6573: checking for ranlib
configure:6589: found /usr/bin/ranlib
configure:6600: result: ranlib
configure:6677: checking for gawk
configure:6693: found /usr/bin/gawk
configure:6704: result: gawk
configure:6744: checking command to parse /usr/bin/nm -B output from cc object
configure:6864: cc -c -g -O2  conftest.c >&5
configure:6867: $? = 0
configure:6871: /usr/bin/nm -B conftest.o \| sed -n -e 's/^.*[ ]\([ABCDGIRSTW][ABCDGIRSTW]*\)[ ][ ]*\([_A-Za-z][_A-Za-z0-9]*\)$/\1 \2 \2/p' | sed '/ __gnu_lto/d' \> conftest.nm
configure:6874: $? = 0
configure:6940: cc -o conftest -g -O2   conftest.c conftstm.o >&5
configure:6943: $? = 0
configure:6981: result: ok
configure:7018: checking for sysroot
configure:7048: result: no
configure:7125: cc -c -g -O2  conftest.c >&5
configure:7128: $? = 0
configure:7304: checking for mt
configure:7320: found /bin/mt
configure:7331: result: mt
configure:7354: checking if mt is a manifest tool
configure:7360: mt '-?'
configure:7368: result: no
configure:8007: checking for dlfcn.h
configure:8007: cc -c -g -O2  conftest.c >&5
configure:8007: $? = 0
configure:8007: result: yes
configure:8181: checking for objdir
configure:8196: result: .libs
configure:8467: checking if cc supports -fno-rtti -fno-exceptions
configure:8485: cc -c -g -O2  -fno-rtti -fno-exceptions conftest.c >&5
cc1: warning: command line option '-fno-rtti' is valid for C++/ObjC++ but not for C
configure:8489: $? = 0
configure:8502: result: no
configure:8829: checking for cc option to produce PIC
configure:8836: result: -fPIC -DPIC
configure:8844: checking if cc PIC flag -fPIC -DPIC works
configure:8862: cc -c -g -O2  -fPIC -DPIC -DPIC conftest.c >&5
configure:8866: $? = 0
configure:8879: result: yes
configure:8908: checking if cc static flag -static works
configure:8936: result: yes
configure:8951: checking if cc supports -c -o file.o
configure:8972: cc -c -g -O2  -o out/conftest2.o conftest.c >&5
configure:8976: $? = 0
configure:8998: result: yes
configure:9006: checking if cc supports -c -o file.o
configure:9053: result: yes
configure:9086: checking whether the cc linker (/usr/bin/ld -m elf_x86_64) supports shared libraries
configure:10239: result: yes
configure:10276: checking whether -lc should be explicitly linked in
configure:10284: cc -c -g -O2  conftest.c >&5
configure:10287: $? = 0
configure:10302: cc -shared  -fPIC -DPIC conftest.o  -v -Wl,-soname -Wl,conftest -o conftest 2\>\&1 \| /bin/grep  -lc  \>/dev/null 2\>\&1
configure:10305: $? = 0
configure:10319: result: no
configure:10479: checking dynamic linker characteristics
configure:10990: cc -o conftest -g -O2   -Wl,-rpath -Wl,/foo conftest.c  >&5
configure:10990: $? = 0
configure:11212: result: GNU/Linux ld.so
configure:11319: checking how to hardcode library paths into programs
configure:11344: result: immediate
configure:11884: checking whether stripping libraries is possible
configure:11889: result: yes
configure:11924: checking if libtool supports shared libraries
configure:11926: result: yes
configure:11929: checking whether to build shared libraries
configure:11950: result: yes
configure:11953: checking whether to build static libraries
configure:11957: result: no
configure:11996: checking for malloc in -lefence
configure:12021: cc -o conftest -g -O2   conftest.c -lefence   >&5
conftest.c:38:6: warning: conflicting types for built-in function 'malloc'
 char malloc ();
      ^
/usr/bin/ld: cannot find -lefence
collect2: error: ld returned 1 exit status
configure:12021: $? = 1
configure: failed program was:
| /* confdefs.h */
| #define PACKAGE_NAME ""
| #define PACKAGE_TARNAME ""
| #define PACKAGE_VERSION ""
| #define PACKAGE_STRING ""
| #define PACKAGE_BUGREPORT ""
| #define PACKAGE_URL ""
| #define STDC_HEADERS 1
| #define HAVE_SYS_TYPES_H 1
| #define HAVE_SYS_STAT_H 1
| #define HAVE_STDLIB_H 1
| #define HAVE_STRING_H 1
| #define HAVE_MEMORY_H 1
| #define HAVE_STRINGS_H 1
| #define HAVE_INTTYPES_H 1
| #define HAVE_STDINT_H 1
| #define HAVE_UNISTD_H 1
| #define HAVE_STDLIB_H 1
| #define HAVE_STDIO_H 1
| #define HAVE_STRING_H 1
| #define HAVE_CTYPE_H 1
| #define HAVE_ERRNO_H 1
| #define SIZEOF_VOID_P 8
| #define SIZEOF_INT 4
| #define SIZEOF_LONG 8
| #define SIZEOF_LONG_LONG 8
| #define SIZEOF___INT64 0
| #define HAVE_DLFCN_H 1
| #define LT_OBJDIR ".libs/"
| /* end confdefs.h.  */
| 
| /* Override any GCC internal prototype to avoid an error.
|    Use char because int might match the return type of a GCC
|    builtin and then its argument prototype would still apply.  */
| #ifdef __cplusplus
| extern "C"
| #endif
| char malloc ();
| int
| main ()
| {
| return malloc ();
|   ;
|   return 0;
| }
configure:12030: result: no
configure:12039: checking for strstr
configure:12039: cc -o conftest -g -O2   conftest.c  >&5
conftest.c:54:6: warning: conflicting types for built-in function 'strstr'
 char strstr ();
      ^
configure:12039: $? = 0
configure:12039: result: yes
configure:12049: checking target system type
configure:12062: result: x86_64-unknown-linux-gnu
configure:12304: checking for javah in user's PATH
configure:12306: result: found /usr/bin/javah
configure:12312: checking if /usr exists
configure:12315: result: yes
configure:12324: checking for <jni.h> include flag
configure:12341: result: no
configure:12521: checking for javah in known path
configure:12523: result: found /usr/lib/jvm/java-8-openjdk-amd64/bin/javah
configure:12529: checking if /usr/lib/jvm/java-8-openjdk-amd64 exists
configure:12532: result: yes
configure:12541: checking for <jni.h> include flag
configure:12554: result: found -I/usr/lib/jvm/java-8-openjdk-amd64/include -I/usr/lib/jvm/java-8-openjdk-amd64/include/linux
configure:12564: checking for <jni.h> usability
configure:12590: cc -c -g -O2  -I/usr/lib/jvm/java-8-openjdk-amd64/include -I/usr/lib/jvm/java-8-openjdk-amd64/include/linux conftest.c >&5
configure:12590: $? = 0
configure:12597: result: yes
configure:12652: checking for cygpath
configure:12671: result: no
configure:12692: checking for a BSD-compatible install
configure:12760: result: /usr/bin/install -c
configure:12780: checking whether install works
configure:12788: result: yes
configure:12842: checking for ranlib
configure:12869: result: ranlib
configure:12892: checking whether install breaks libraries
configure:12933: result: no
configure:12979: creating directory /home/liw/CMDA3634/Lecture/L10e/mpe2-2.4.9b/src/slog2sdk/trace_rlog/lib
configure:12986: creating directory /home/liw/CMDA3634/Lecture/L10e/mpe2-2.4.9b/src/slog2sdk/trace_rlog/share
configure:12993: creating directory /home/liw/CMDA3634/Lecture/L10e/mpe2-2.4.9b/src/slog2sdk/trace_rlog/share/examples/logfiles
configure:13000: creating sample logfiles from source
configure:13064: creating ./config.status

## ---------------------- ##
## Running config.status. ##
## ---------------------- ##

This file was extended by config.status, which was
generated by GNU Autoconf 2.69.  Invocation command line was

  CONFIG_FILES    = 
  CONFIG_HEADERS  = 
  CONFIG_LINKS    = 
  CONFIG_COMMANDS = 
  $ ./config.status 

on SurfaceBook

config.status:1088: creating Makefile
config.status:1088: creating src/Makefile
config.status:1088: creating sbin/install-package
config.status:1088: creating bin/traceprint
config.status:1088: creating bin/traceTOslog2
config.status:1088: creating trace_impl.h
config.status:1277: executing libtool commands

## ---------------- ##
## Cache variables. ##
## ---------------- ##

ac_cv_build=x86_64-unknown-linux-gnu
ac_cv_c_bigendian=no
ac_cv_c_compiler_gnu=yes
ac_cv_c_const=yes
ac_cv_env_CC_set=set
ac_cv_env_CC_value=cc
ac_cv_env_CFLAGS_set=
ac_cv_env_CFLAGS_value=
ac_cv_env_CPPFLAGS_set=
ac_cv_env_CPPFLAGS_value=
ac_cv_env_CPP_set=
ac_cv_env_CPP_value=
ac_cv_env_LDFLAGS_set=
ac_cv_env_LDFLAGS_value=
ac_cv_env_LIBS_set=
ac_cv_env_LIBS_value=
ac_cv_env_TRACE_CC_set=
ac_cv_env_TRACE_CC_value=
ac_cv_env_TRACE_CFLAGS_set=
ac_cv_env_TRACE_CFLAGS_value=
ac_cv_env_build_alias_set=
ac_cv_env_build_alias_value=
ac_cv_env_host_alias_set=
ac_cv_env_host_alias_value=
ac_cv_env_target_alias_set=
ac_cv_env_target_alias_value=
ac_cv_func_strstr=yes
ac_cv_header_ctype_h=yes
ac_cv_header_dlfcn_h=yes
ac_cv_header_errno_h=yes
ac_cv_header_inttypes_h=yes
ac_cv_header_memory_h=yes
ac_cv_header_stdc=yes
ac_cv_header_stdint_h=yes
ac_cv_header_stdio_h=yes
ac_cv_header_stdlib_h=yes
ac_cv_header_string_h=yes
ac_cv_header_strings_h=yes
ac_cv_header_sys_stat_h=yes
ac_cv_header_sys_types_h=yes
ac_cv_header_unistd_h=yes
ac_cv_host=x86_64-unknown-linux-gnu
ac_cv_lib_efence_malloc=no
ac_cv_objext=o
ac_cv_path_EGREP='/bin/grep -E'
ac_cv_path_FGREP='/bin/grep -F'
ac_cv_path_GREP=/bin/grep
ac_cv_path_SED=sed
ac_cv_path_install='/usr/bin/install -c'
ac_cv_prog_AWK=gawk
ac_cv_prog_CPP='cc -E'
ac_cv_prog_SED=sed
ac_cv_prog_ac_ct_AR=ar
ac_cv_prog_ac_ct_CC=cc
ac_cv_prog_ac_ct_DLLTOOL=dlltool
ac_cv_prog_ac_ct_MANIFEST_TOOL=mt
ac_cv_prog_ac_ct_OBJDUMP=objdump
ac_cv_prog_ac_ct_RANLIB=ranlib
ac_cv_prog_ac_ct_STRIP=strip
ac_cv_prog_cc_c89=
ac_cv_prog_cc_g=yes
ac_cv_prog_install_breaks_libs=no
ac_cv_sizeof___int64=0
ac_cv_sizeof_int=4
ac_cv_sizeof_long=8
ac_cv_sizeof_long_long=8
ac_cv_sizeof_void_p=8
ac_cv_target=x86_64-unknown-linux-gnu
lt_cv_ar_at_file=@
lt_cv_archive_cmds_need_lc=no
lt_cv_deplibs_check_method=pass_all
lt_cv_file_magic_cmd='$MAGIC_CMD'
lt_cv_file_magic_test_file=
lt_cv_ld_reload_flag=-r
lt_cv_nm_interface='BSD nm'
lt_cv_objdir=.libs
lt_cv_path_LD=/usr/bin/ld
lt_cv_path_NM='/usr/bin/nm -B'
lt_cv_path_mainfest_tool=no
lt_cv_prog_compiler_c_o=yes
lt_cv_prog_compiler_pic='-fPIC -DPIC'
lt_cv_prog_compiler_pic_works=yes
lt_cv_prog_compiler_rtti_exceptions=no
lt_cv_prog_compiler_static_works=yes
lt_cv_prog_gnu_ld=yes
lt_cv_sharedlib_from_linklib_cmd='printf %s\n'
lt_cv_shlibpath_overrides_runpath=no
lt_cv_sys_global_symbol_pipe='sed -n -e '\''s/^.*[	 ]\([ABCDGIRSTW][ABCDGIRSTW]*\)[	 ][	 ]*\([_A-Za-z][_A-Za-z0-9]*\)$/\1 \2 \2/p'\'' | sed '\''/ __gnu_lto/d'\'''
lt_cv_sys_global_symbol_to_c_name_address='sed -n -e '\''s/^: \([^ ]*\)[ ]*$/  {\"\1\", (void *) 0},/p'\'' -e '\''s/^[ABCDGIRSTW]* \([^ ]*\) \([^ ]*\)$/  {"\2", (void *) \&\2},/p'\'''
lt_cv_sys_global_symbol_to_c_name_address_lib_prefix='sed -n -e '\''s/^: \([^ ]*\)[ ]*$/  {\"\1\", (void *) 0},/p'\'' -e '\''s/^[ABCDGIRSTW]* \([^ ]*\) \(lib[^ ]*\)$/  {"\2", (void *) \&\2},/p'\'' -e '\''s/^[ABCDGIRSTW]* \([^ ]*\) \([^ ]*\)$/  {"lib\2", (void *) \&\2},/p'\'''
lt_cv_sys_global_symbol_to_cdecl='sed -n -e '\''s/^T .* \(.*\)$/extern int \1();/p'\'' -e '\''s/^[ABCDGIRSTW]* .* \(.*\)$/extern char \1;/p'\'''
lt_cv_sys_max_cmd_len=1572864
lt_cv_to_host_file_cmd=func_convert_file_noop
lt_cv_to_tool_file_cmd=func_convert_file_noop

## ----------------- ##
## Output variables. ##
## ----------------- ##

AR='ar'
AS='as'
AWK='gawk'
CC='cc'
CFLAGS='-g -O2'
CPP='cc -E'
CPPFLAGS=''
DEBUG_LIBS=''
DEFS='-DHAVE_CONFIG_H'
DLLTOOL='dlltool'
DSYMUTIL=''
DUMPBIN=''
ECHO_C=''
ECHO_N='-n'
ECHO_T=''
EGREP='/bin/grep -E'
EXEEXT=''
EXEFILES=' rlogprint rlogTOslog2'
EXPORT_SYMBOLS='yes'
FGREP='/bin/grep -F'
GREP='/bin/grep'
INSTALL_DATA='${INSTALL} -m 644'
INSTALL_PROGRAM='${INSTALL}'
INSTALL_SCRIPT='${INSTALL}'
JNI_INC='-I/usr/lib/jvm/java-8-openjdk-amd64/include -I/usr/lib/jvm/java-8-openjdk-amd64/include/linux'
JPATH_FINAL=''
JPATH_START=''
JVM='/usr/lib/jvm/java-8-openjdk-amd64/bin/java'
JVMFLAGS=''
LD='/usr/bin/ld -m elf_x86_64'
LDFLAGS=''
LIBOBJS=''
LIBS=''
LIBSO_CFLAGS=''
LIBSO_LDFLAGS=''
LIBSO_PREFIX='lib'
LIBTOOL='$(SHELL) $(top_builddir)/libtool'
LIBTOOL_DEPS='./ltmain.sh'
LIPO=''
LN_S='ln -s'
LTLIBOBJS=''
MAKE='make --no-print-directory'
MANIFEST_TOOL=':'
NM='/usr/bin/nm -B'
NMEDIT=''
OBJDUMP='objdump'
OBJEXT='o'
OTOOL64=''
OTOOL=''
PACKAGE_BUGREPORT=''
PACKAGE_NAME=''
PACKAGE_STRING=''
PACKAGE_TARNAME=''
PACKAGE_URL=''
PACKAGE_VERSION=''
PATH_SEPARATOR=':'
RANLIB='ranlib'
RANLIB_AFTER_INSTALL='no'
RM='rm -f'
SED='sed'
SHELL='/bin/bash'
STRIP='strip'
TRACE_CC=''
TRACE_CFLAGS=''
TRACE_NAME='rlog'
VPATH='VPATH=.:$(srcdir)'
VPATH_EXTRA=':$(TRACE_SRCDIR)'
ac_ct_AR='ar'
ac_ct_CC='cc'
ac_ct_DUMPBIN=''
binbuild_dir='/home/liw/CMDA3634/Lecture/L10e/mpe2-2.4.9b/src/slog2sdk/trace_rlog/bin'
bindir='${exec_prefix}/bin'
build='x86_64-unknown-linux-gnu'
build_alias=''
build_cpu='x86_64'
build_os='linux-gnu'
build_vendor='unknown'
datadir='${datarootdir}'
datarootdir='${prefix}/share'
docdir='${datarootdir}/doc/${PACKAGE}'
dvidir='${docdir}'
exec_prefix='${prefix}'
gui_libbuild_dir='/home/liw/CMDA3634/Lecture/L10e/mpe2-2.4.9b/src/slog2sdk/lib'
host='x86_64-unknown-linux-gnu'
host_alias=''
host_cpu='x86_64'
host_os='linux-gnu'
host_vendor='unknown'
htmldir='${docdir}'
includedir='${prefix}/include'
infodir='${datarootdir}/info'
libbuild_dir='/home/liw/CMDA3634/Lecture/L10e/mpe2-2.4.9b/src/slog2sdk/trace_rlog/lib'
libdir='${exec_prefix}/lib'
libexecdir='${exec_prefix}/libexec'
localedir='${datarootdir}/locale'
localstatedir='${prefix}/var'
logfilesbuild_dir='/home/liw/CMDA3634/Lecture/L10e/mpe2-2.4.9b/src/slog2sdk/trace_rlog/share/examples/logfiles'
mandir='${datarootdir}/man'
oldincludedir='/usr/include'
pdfdir='${docdir}'
prefix='/usr/local'
program_transform_name='s,x,x,'
psdir='${docdir}'
sbinbuild_dir='/home/liw/CMDA3634/Lecture/L10e/mpe2-2.4.9b/src/slog2sdk/trace_rlog/sbin'
sbindir='${exec_prefix}/sbin'
sharebuild_dir='/home/liw/CMDA3634/Lecture/L10e/mpe2-2.4.9b/src/slog2sdk/trace_rlog/share'
sharedstatedir='${prefix}/com'
sysconfdir='${prefix}/etc'
target='x86_64-unknown-linux-gnu'
target_alias=''
target_cpu='x86_64'
target_os='linux-gnu'
target_vendor='unknown'
top_srcdir_abs='/home/liw/CMDA3634/Lecture/L10e/mpe2-2.4.9b/src/slog2sdk/trace_rlog'

## ----------- ##
## confdefs.h. ##
## ----------- ##

/* confdefs.h */
#define PACKAGE_NAME ""
#define PACKAGE_TARNAME ""
#define PACKAGE_VERSION ""
#define PACKAGE_STRING ""
#define PACKAGE_BUGREPORT ""
#define PACKAGE_URL ""
#define STDC_HEADERS 1
#define HAVE_SYS_TYPES_H 1
#define HAVE_SYS_STAT_H 1
#define HAVE_STDLIB_H 1
#define HAVE_STRING_H 1
#define HAVE_MEMORY_H 1
#define HAVE_STRINGS_H 1
#define HAVE_INTTYPES_H 1
#define HAVE_STDINT_H 1
#define HAVE_UNISTD_H 1
#define HAVE_STDLIB_H 1
#define HAVE_STDIO_H 1
#define HAVE_STRING_H 1
#define HAVE_CTYPE_H 1
#define HAVE_ERRNO_H 1
#define SIZEOF_VOID_P 8
#define SIZEOF_INT 4
#define SIZEOF_LONG 8
#define SIZEOF_LONG_LONG 8
#define SIZEOF___INT64 0
#define HAVE_DLFCN_H 1
#define LT_OBJDIR ".libs/"
#define HAVE_STRSTR 1
#define HAVE_JNI_H 1

configure: exit 0
